ARM GAS  C:\Users\mgnocco\AppData\Local\Temp\ccnzbf6j.s 			page 1


   1              		.syntax unified
   2              		.cpu cortex-m3
   3              		.fpu softvfp
   4              		.eabi_attribute 20, 1
   5              		.eabi_attribute 21, 1
   6              		.eabi_attribute 23, 3
   7              		.eabi_attribute 24, 1
   8              		.eabi_attribute 25, 1
   9              		.eabi_attribute 26, 1
  10              		.eabi_attribute 30, 1
  11              		.eabi_attribute 34, 1
  12              		.eabi_attribute 18, 4
  13              		.thumb
  14              		.syntax unified
  15              		.file	"MOTOR_PORT.c"
  16              		.text
  17              	.Ltext0:
  18              		.cfi_sections	.debug_frame
  19              		.section	.text.MOTOR_PORT_Write,"ax",%progbits
  20              		.align	2
  21              		.global	MOTOR_PORT_Write
  22              		.thumb
  23              		.thumb_func
  24              		.type	MOTOR_PORT_Write, %function
  25              	MOTOR_PORT_Write:
  26              	.LFB0:
  27              		.file 1 "Generated_Source\\PSoC5\\MOTOR_PORT.c"
   1:Generated_Source\PSoC5/MOTOR_PORT.c **** /*******************************************************************************
   2:Generated_Source\PSoC5/MOTOR_PORT.c **** * File Name: MOTOR_PORT.c  
   3:Generated_Source\PSoC5/MOTOR_PORT.c **** * Version 1.90
   4:Generated_Source\PSoC5/MOTOR_PORT.c **** *
   5:Generated_Source\PSoC5/MOTOR_PORT.c **** * Description:
   6:Generated_Source\PSoC5/MOTOR_PORT.c **** *  This file contains API to enable firmware control of a Pins component.
   7:Generated_Source\PSoC5/MOTOR_PORT.c **** *
   8:Generated_Source\PSoC5/MOTOR_PORT.c **** * Note:
   9:Generated_Source\PSoC5/MOTOR_PORT.c **** *
  10:Generated_Source\PSoC5/MOTOR_PORT.c **** ********************************************************************************
  11:Generated_Source\PSoC5/MOTOR_PORT.c **** * Copyright 2008-2012, Cypress Semiconductor Corporation.  All rights reserved.
  12:Generated_Source\PSoC5/MOTOR_PORT.c **** * You may use this file only in accordance with the license, terms, conditions, 
  13:Generated_Source\PSoC5/MOTOR_PORT.c **** * disclaimers, and limitations in the end user license agreement accompanying 
  14:Generated_Source\PSoC5/MOTOR_PORT.c **** * the software package with which this file was provided.
  15:Generated_Source\PSoC5/MOTOR_PORT.c **** *******************************************************************************/
  16:Generated_Source\PSoC5/MOTOR_PORT.c **** 
  17:Generated_Source\PSoC5/MOTOR_PORT.c **** #include "cytypes.h"
  18:Generated_Source\PSoC5/MOTOR_PORT.c **** #include "MOTOR_PORT.h"
  19:Generated_Source\PSoC5/MOTOR_PORT.c **** 
  20:Generated_Source\PSoC5/MOTOR_PORT.c **** /* APIs are not generated for P15[7:6] on PSoC 5 */
  21:Generated_Source\PSoC5/MOTOR_PORT.c **** #if !(CY_PSOC5A &&\
  22:Generated_Source\PSoC5/MOTOR_PORT.c **** 	 MOTOR_PORT__PORT == 15 && ((MOTOR_PORT__MASK & 0xC0) != 0))
  23:Generated_Source\PSoC5/MOTOR_PORT.c **** 
  24:Generated_Source\PSoC5/MOTOR_PORT.c **** 
  25:Generated_Source\PSoC5/MOTOR_PORT.c **** /*******************************************************************************
  26:Generated_Source\PSoC5/MOTOR_PORT.c **** * Function Name: MOTOR_PORT_Write
  27:Generated_Source\PSoC5/MOTOR_PORT.c **** ********************************************************************************
  28:Generated_Source\PSoC5/MOTOR_PORT.c **** *
  29:Generated_Source\PSoC5/MOTOR_PORT.c **** * Summary:
  30:Generated_Source\PSoC5/MOTOR_PORT.c **** *  Assign a new value to the digital port's data output register.  
ARM GAS  C:\Users\mgnocco\AppData\Local\Temp\ccnzbf6j.s 			page 2


  31:Generated_Source\PSoC5/MOTOR_PORT.c **** *
  32:Generated_Source\PSoC5/MOTOR_PORT.c **** * Parameters:  
  33:Generated_Source\PSoC5/MOTOR_PORT.c **** *  prtValue:  The value to be assigned to the Digital Port. 
  34:Generated_Source\PSoC5/MOTOR_PORT.c **** *
  35:Generated_Source\PSoC5/MOTOR_PORT.c **** * Return: 
  36:Generated_Source\PSoC5/MOTOR_PORT.c **** *  None
  37:Generated_Source\PSoC5/MOTOR_PORT.c **** *  
  38:Generated_Source\PSoC5/MOTOR_PORT.c **** *******************************************************************************/
  39:Generated_Source\PSoC5/MOTOR_PORT.c **** void MOTOR_PORT_Write(uint8 value) 
  40:Generated_Source\PSoC5/MOTOR_PORT.c **** {
  28              		.loc 1 40 0
  29              		.cfi_startproc
  30              		@ args = 0, pretend = 0, frame = 0
  31              		@ frame_needed = 0, uses_anonymous_args = 0
  32              		@ link register save eliminated.
  33              	.LVL0:
  41:Generated_Source\PSoC5/MOTOR_PORT.c ****     uint8 staticBits = (MOTOR_PORT_DR & (uint8)(~MOTOR_PORT_MASK));
  34              		.loc 1 41 0
  35 0000 044A     		ldr	r2, .L2
  36 0002 1378     		ldrb	r3, [r2]	@ zero_extendqisi2
  37 0004 03F0FE03 		and	r3, r3, #254
  38              	.LVL1:
  42:Generated_Source\PSoC5/MOTOR_PORT.c ****     MOTOR_PORT_DR = staticBits | ((uint8)(value << MOTOR_PORT_SHIFT) & MOTOR_PORT_MASK);
  39              		.loc 1 42 0
  40 0008 00F00100 		and	r0, r0, #1
  41              	.LVL2:
  42 000c 1843     		orrs	r0, r0, r3
  43 000e 1070     		strb	r0, [r2]
  44 0010 7047     		bx	lr
  45              	.L3:
  46 0012 00BF     		.align	2
  47              	.L2:
  48 0014 30510040 		.word	1073762608
  49              		.cfi_endproc
  50              	.LFE0:
  51              		.size	MOTOR_PORT_Write, .-MOTOR_PORT_Write
  52              		.section	.text.MOTOR_PORT_SetDriveMode,"ax",%progbits
  53              		.align	2
  54              		.global	MOTOR_PORT_SetDriveMode
  55              		.thumb
  56              		.thumb_func
  57              		.type	MOTOR_PORT_SetDriveMode, %function
  58              	MOTOR_PORT_SetDriveMode:
  59              	.LFB1:
  43:Generated_Source\PSoC5/MOTOR_PORT.c **** }
  44:Generated_Source\PSoC5/MOTOR_PORT.c **** 
  45:Generated_Source\PSoC5/MOTOR_PORT.c **** 
  46:Generated_Source\PSoC5/MOTOR_PORT.c **** /*******************************************************************************
  47:Generated_Source\PSoC5/MOTOR_PORT.c **** * Function Name: MOTOR_PORT_SetDriveMode
  48:Generated_Source\PSoC5/MOTOR_PORT.c **** ********************************************************************************
  49:Generated_Source\PSoC5/MOTOR_PORT.c **** *
  50:Generated_Source\PSoC5/MOTOR_PORT.c **** * Summary:
  51:Generated_Source\PSoC5/MOTOR_PORT.c **** *  Change the drive mode on the pins of the port.
  52:Generated_Source\PSoC5/MOTOR_PORT.c **** * 
  53:Generated_Source\PSoC5/MOTOR_PORT.c **** * Parameters:  
  54:Generated_Source\PSoC5/MOTOR_PORT.c **** *  mode:  Change the pins to this drive mode.
  55:Generated_Source\PSoC5/MOTOR_PORT.c **** *
ARM GAS  C:\Users\mgnocco\AppData\Local\Temp\ccnzbf6j.s 			page 3


  56:Generated_Source\PSoC5/MOTOR_PORT.c **** * Return: 
  57:Generated_Source\PSoC5/MOTOR_PORT.c **** *  None
  58:Generated_Source\PSoC5/MOTOR_PORT.c **** *
  59:Generated_Source\PSoC5/MOTOR_PORT.c **** *******************************************************************************/
  60:Generated_Source\PSoC5/MOTOR_PORT.c **** void MOTOR_PORT_SetDriveMode(uint8 mode) 
  61:Generated_Source\PSoC5/MOTOR_PORT.c **** {
  60              		.loc 1 61 0
  61              		.cfi_startproc
  62              		@ args = 0, pretend = 0, frame = 0
  63              		@ frame_needed = 0, uses_anonymous_args = 0
  64              		@ link register save eliminated.
  65              	.LVL3:
  62:Generated_Source\PSoC5/MOTOR_PORT.c **** 	CyPins_SetPinDriveMode(MOTOR_PORT_0, mode);
  66              		.loc 1 62 0
  67 0000 044A     		ldr	r2, .L5
  68 0002 1378     		ldrb	r3, [r2]	@ zero_extendqisi2
  69 0004 03F0F103 		and	r3, r3, #241
  70 0008 00F00E00 		and	r0, r0, #14
  71              	.LVL4:
  72 000c 1843     		orrs	r0, r0, r3
  73 000e 1070     		strb	r0, [r2]
  74 0010 7047     		bx	lr
  75              	.L6:
  76 0012 00BF     		.align	2
  77              	.L5:
  78 0014 18500040 		.word	1073762328
  79              		.cfi_endproc
  80              	.LFE1:
  81              		.size	MOTOR_PORT_SetDriveMode, .-MOTOR_PORT_SetDriveMode
  82              		.section	.text.MOTOR_PORT_Read,"ax",%progbits
  83              		.align	2
  84              		.global	MOTOR_PORT_Read
  85              		.thumb
  86              		.thumb_func
  87              		.type	MOTOR_PORT_Read, %function
  88              	MOTOR_PORT_Read:
  89              	.LFB2:
  63:Generated_Source\PSoC5/MOTOR_PORT.c **** }
  64:Generated_Source\PSoC5/MOTOR_PORT.c **** 
  65:Generated_Source\PSoC5/MOTOR_PORT.c **** 
  66:Generated_Source\PSoC5/MOTOR_PORT.c **** /*******************************************************************************
  67:Generated_Source\PSoC5/MOTOR_PORT.c **** * Function Name: MOTOR_PORT_Read
  68:Generated_Source\PSoC5/MOTOR_PORT.c **** ********************************************************************************
  69:Generated_Source\PSoC5/MOTOR_PORT.c **** *
  70:Generated_Source\PSoC5/MOTOR_PORT.c **** * Summary:
  71:Generated_Source\PSoC5/MOTOR_PORT.c **** *  Read the current value on the pins of the Digital Port in right justified 
  72:Generated_Source\PSoC5/MOTOR_PORT.c **** *  form.
  73:Generated_Source\PSoC5/MOTOR_PORT.c **** *
  74:Generated_Source\PSoC5/MOTOR_PORT.c **** * Parameters:  
  75:Generated_Source\PSoC5/MOTOR_PORT.c **** *  None
  76:Generated_Source\PSoC5/MOTOR_PORT.c **** *
  77:Generated_Source\PSoC5/MOTOR_PORT.c **** * Return: 
  78:Generated_Source\PSoC5/MOTOR_PORT.c **** *  Returns the current value of the Digital Port as a right justified number
  79:Generated_Source\PSoC5/MOTOR_PORT.c **** *  
  80:Generated_Source\PSoC5/MOTOR_PORT.c **** * Note:
  81:Generated_Source\PSoC5/MOTOR_PORT.c **** *  Macro MOTOR_PORT_ReadPS calls this function. 
  82:Generated_Source\PSoC5/MOTOR_PORT.c **** *  
ARM GAS  C:\Users\mgnocco\AppData\Local\Temp\ccnzbf6j.s 			page 4


  83:Generated_Source\PSoC5/MOTOR_PORT.c **** *******************************************************************************/
  84:Generated_Source\PSoC5/MOTOR_PORT.c **** uint8 MOTOR_PORT_Read(void) 
  85:Generated_Source\PSoC5/MOTOR_PORT.c **** {
  90              		.loc 1 85 0
  91              		.cfi_startproc
  92              		@ args = 0, pretend = 0, frame = 0
  93              		@ frame_needed = 0, uses_anonymous_args = 0
  94              		@ link register save eliminated.
  86:Generated_Source\PSoC5/MOTOR_PORT.c ****     return (MOTOR_PORT_PS & MOTOR_PORT_MASK) >> MOTOR_PORT_SHIFT;
  95              		.loc 1 86 0
  96 0000 024B     		ldr	r3, .L8
  97 0002 1878     		ldrb	r0, [r3]	@ zero_extendqisi2
  87:Generated_Source\PSoC5/MOTOR_PORT.c **** }
  98              		.loc 1 87 0
  99 0004 00F00100 		and	r0, r0, #1
 100 0008 7047     		bx	lr
 101              	.L9:
 102 000a 00BF     		.align	2
 103              	.L8:
 104 000c 31510040 		.word	1073762609
 105              		.cfi_endproc
 106              	.LFE2:
 107              		.size	MOTOR_PORT_Read, .-MOTOR_PORT_Read
 108              		.section	.text.MOTOR_PORT_ReadDataReg,"ax",%progbits
 109              		.align	2
 110              		.global	MOTOR_PORT_ReadDataReg
 111              		.thumb
 112              		.thumb_func
 113              		.type	MOTOR_PORT_ReadDataReg, %function
 114              	MOTOR_PORT_ReadDataReg:
 115              	.LFB3:
  88:Generated_Source\PSoC5/MOTOR_PORT.c **** 
  89:Generated_Source\PSoC5/MOTOR_PORT.c **** 
  90:Generated_Source\PSoC5/MOTOR_PORT.c **** /*******************************************************************************
  91:Generated_Source\PSoC5/MOTOR_PORT.c **** * Function Name: MOTOR_PORT_ReadDataReg
  92:Generated_Source\PSoC5/MOTOR_PORT.c **** ********************************************************************************
  93:Generated_Source\PSoC5/MOTOR_PORT.c **** *
  94:Generated_Source\PSoC5/MOTOR_PORT.c **** * Summary:
  95:Generated_Source\PSoC5/MOTOR_PORT.c **** *  Read the current value assigned to a Digital Port's data output register
  96:Generated_Source\PSoC5/MOTOR_PORT.c **** *
  97:Generated_Source\PSoC5/MOTOR_PORT.c **** * Parameters:  
  98:Generated_Source\PSoC5/MOTOR_PORT.c **** *  None 
  99:Generated_Source\PSoC5/MOTOR_PORT.c **** *
 100:Generated_Source\PSoC5/MOTOR_PORT.c **** * Return: 
 101:Generated_Source\PSoC5/MOTOR_PORT.c **** *  Returns the current value assigned to the Digital Port's data output register
 102:Generated_Source\PSoC5/MOTOR_PORT.c **** *  
 103:Generated_Source\PSoC5/MOTOR_PORT.c **** *******************************************************************************/
 104:Generated_Source\PSoC5/MOTOR_PORT.c **** uint8 MOTOR_PORT_ReadDataReg(void) 
 105:Generated_Source\PSoC5/MOTOR_PORT.c **** {
 116              		.loc 1 105 0
 117              		.cfi_startproc
 118              		@ args = 0, pretend = 0, frame = 0
 119              		@ frame_needed = 0, uses_anonymous_args = 0
 120              		@ link register save eliminated.
 106:Generated_Source\PSoC5/MOTOR_PORT.c ****     return (MOTOR_PORT_DR & MOTOR_PORT_MASK) >> MOTOR_PORT_SHIFT;
 121              		.loc 1 106 0
 122 0000 024B     		ldr	r3, .L11
ARM GAS  C:\Users\mgnocco\AppData\Local\Temp\ccnzbf6j.s 			page 5


 123 0002 1878     		ldrb	r0, [r3]	@ zero_extendqisi2
 107:Generated_Source\PSoC5/MOTOR_PORT.c **** }
 124              		.loc 1 107 0
 125 0004 00F00100 		and	r0, r0, #1
 126 0008 7047     		bx	lr
 127              	.L12:
 128 000a 00BF     		.align	2
 129              	.L11:
 130 000c 30510040 		.word	1073762608
 131              		.cfi_endproc
 132              	.LFE3:
 133              		.size	MOTOR_PORT_ReadDataReg, .-MOTOR_PORT_ReadDataReg
 134              		.text
 135              	.Letext0:
 136              		.file 2 "Generated_Source\\PSoC5\\cytypes.h"
 137              		.section	.debug_info,"",%progbits
 138              	.Ldebug_info0:
 139 0000 1B010000 		.4byte	0x11b
 140 0004 0400     		.2byte	0x4
 141 0006 00000000 		.4byte	.Ldebug_abbrev0
 142 000a 04       		.byte	0x4
 143 000b 01       		.uleb128 0x1
 144 000c 59000000 		.4byte	.LASF20
 145 0010 0C       		.byte	0xc
 146 0011 EB010000 		.4byte	.LASF21
 147 0015 FE000000 		.4byte	.LASF22
 148 0019 00000000 		.4byte	.Ldebug_ranges0+0
 149 001d 00000000 		.4byte	0
 150 0021 00000000 		.4byte	.Ldebug_line0
 151 0025 02       		.uleb128 0x2
 152 0026 01       		.byte	0x1
 153 0027 06       		.byte	0x6
 154 0028 DF010000 		.4byte	.LASF0
 155 002c 02       		.uleb128 0x2
 156 002d 01       		.byte	0x1
 157 002e 08       		.byte	0x8
 158 002f 4B000000 		.4byte	.LASF1
 159 0033 02       		.uleb128 0x2
 160 0034 02       		.byte	0x2
 161 0035 05       		.byte	0x5
 162 0036 C6010000 		.4byte	.LASF2
 163 003a 02       		.uleb128 0x2
 164 003b 02       		.byte	0x2
 165 003c 07       		.byte	0x7
 166 003d 21000000 		.4byte	.LASF3
 167 0041 02       		.uleb128 0x2
 168 0042 04       		.byte	0x4
 169 0043 05       		.byte	0x5
 170 0044 D6010000 		.4byte	.LASF4
 171 0048 02       		.uleb128 0x2
 172 0049 04       		.byte	0x4
 173 004a 07       		.byte	0x7
 174 004b EC000000 		.4byte	.LASF5
 175 004f 02       		.uleb128 0x2
 176 0050 08       		.byte	0x8
 177 0051 05       		.byte	0x5
 178 0052 9C010000 		.4byte	.LASF6
ARM GAS  C:\Users\mgnocco\AppData\Local\Temp\ccnzbf6j.s 			page 6


 179 0056 02       		.uleb128 0x2
 180 0057 08       		.byte	0x8
 181 0058 07       		.byte	0x7
 182 0059 80010000 		.4byte	.LASF7
 183 005d 03       		.uleb128 0x3
 184 005e 04       		.byte	0x4
 185 005f 05       		.byte	0x5
 186 0060 696E7400 		.ascii	"int\000"
 187 0064 02       		.uleb128 0x2
 188 0065 04       		.byte	0x4
 189 0066 07       		.byte	0x7
 190 0067 73010000 		.4byte	.LASF8
 191 006b 04       		.uleb128 0x4
 192 006c D0010000 		.4byte	.LASF12
 193 0070 02       		.byte	0x2
 194 0071 E401     		.2byte	0x1e4
 195 0073 2C000000 		.4byte	0x2c
 196 0077 02       		.uleb128 0x2
 197 0078 04       		.byte	0x4
 198 0079 04       		.byte	0x4
 199 007a 34000000 		.4byte	.LASF9
 200 007e 02       		.uleb128 0x2
 201 007f 08       		.byte	0x8
 202 0080 04       		.byte	0x4
 203 0081 6C010000 		.4byte	.LASF10
 204 0085 02       		.uleb128 0x2
 205 0086 01       		.byte	0x1
 206 0087 08       		.byte	0x8
 207 0088 AA010000 		.4byte	.LASF11
 208 008c 04       		.uleb128 0x4
 209 008d E7000000 		.4byte	.LASF13
 210 0091 02       		.byte	0x2
 211 0092 8E02     		.2byte	0x28e
 212 0094 98000000 		.4byte	0x98
 213 0098 05       		.uleb128 0x5
 214 0099 6B000000 		.4byte	0x6b
 215 009d 06       		.uleb128 0x6
 216 009e 3A000000 		.4byte	.LASF14
 217 00a2 01       		.byte	0x1
 218 00a3 27       		.byte	0x27
 219 00a4 00000000 		.4byte	.LFB0
 220 00a8 18000000 		.4byte	.LFE0-.LFB0
 221 00ac 01       		.uleb128 0x1
 222 00ad 9C       		.byte	0x9c
 223 00ae CF000000 		.4byte	0xcf
 224 00b2 07       		.uleb128 0x7
 225 00b3 10000000 		.4byte	.LASF16
 226 00b7 01       		.byte	0x1
 227 00b8 27       		.byte	0x27
 228 00b9 6B000000 		.4byte	0x6b
 229 00bd 00000000 		.4byte	.LLST0
 230 00c1 08       		.uleb128 0x8
 231 00c2 16000000 		.4byte	.LASF23
 232 00c6 01       		.byte	0x1
 233 00c7 29       		.byte	0x29
 234 00c8 6B000000 		.4byte	0x6b
 235 00cc 01       		.uleb128 0x1
ARM GAS  C:\Users\mgnocco\AppData\Local\Temp\ccnzbf6j.s 			page 7


 236 00cd 53       		.byte	0x53
 237 00ce 00       		.byte	0
 238 00cf 06       		.uleb128 0x6
 239 00d0 0F020000 		.4byte	.LASF15
 240 00d4 01       		.byte	0x1
 241 00d5 3C       		.byte	0x3c
 242 00d6 00000000 		.4byte	.LFB1
 243 00da 18000000 		.4byte	.LFE1-.LFB1
 244 00de 01       		.uleb128 0x1
 245 00df 9C       		.byte	0x9c
 246 00e0 F4000000 		.4byte	0xf4
 247 00e4 07       		.uleb128 0x7
 248 00e5 97010000 		.4byte	.LASF17
 249 00e9 01       		.byte	0x1
 250 00ea 3C       		.byte	0x3c
 251 00eb 6B000000 		.4byte	0x6b
 252 00ef 21000000 		.4byte	.LLST1
 253 00f3 00       		.byte	0
 254 00f4 09       		.uleb128 0x9
 255 00f5 00000000 		.4byte	.LASF18
 256 00f9 01       		.byte	0x1
 257 00fa 54       		.byte	0x54
 258 00fb 6B000000 		.4byte	0x6b
 259 00ff 00000000 		.4byte	.LFB2
 260 0103 10000000 		.4byte	.LFE2-.LFB2
 261 0107 01       		.uleb128 0x1
 262 0108 9C       		.byte	0x9c
 263 0109 09       		.uleb128 0x9
 264 010a AF010000 		.4byte	.LASF19
 265 010e 01       		.byte	0x1
 266 010f 68       		.byte	0x68
 267 0110 6B000000 		.4byte	0x6b
 268 0114 00000000 		.4byte	.LFB3
 269 0118 10000000 		.4byte	.LFE3-.LFB3
 270 011c 01       		.uleb128 0x1
 271 011d 9C       		.byte	0x9c
 272 011e 00       		.byte	0
 273              		.section	.debug_abbrev,"",%progbits
 274              	.Ldebug_abbrev0:
 275 0000 01       		.uleb128 0x1
 276 0001 11       		.uleb128 0x11
 277 0002 01       		.byte	0x1
 278 0003 25       		.uleb128 0x25
 279 0004 0E       		.uleb128 0xe
 280 0005 13       		.uleb128 0x13
 281 0006 0B       		.uleb128 0xb
 282 0007 03       		.uleb128 0x3
 283 0008 0E       		.uleb128 0xe
 284 0009 1B       		.uleb128 0x1b
 285 000a 0E       		.uleb128 0xe
 286 000b 55       		.uleb128 0x55
 287 000c 17       		.uleb128 0x17
 288 000d 11       		.uleb128 0x11
 289 000e 01       		.uleb128 0x1
 290 000f 10       		.uleb128 0x10
 291 0010 17       		.uleb128 0x17
 292 0011 00       		.byte	0
ARM GAS  C:\Users\mgnocco\AppData\Local\Temp\ccnzbf6j.s 			page 8


 293 0012 00       		.byte	0
 294 0013 02       		.uleb128 0x2
 295 0014 24       		.uleb128 0x24
 296 0015 00       		.byte	0
 297 0016 0B       		.uleb128 0xb
 298 0017 0B       		.uleb128 0xb
 299 0018 3E       		.uleb128 0x3e
 300 0019 0B       		.uleb128 0xb
 301 001a 03       		.uleb128 0x3
 302 001b 0E       		.uleb128 0xe
 303 001c 00       		.byte	0
 304 001d 00       		.byte	0
 305 001e 03       		.uleb128 0x3
 306 001f 24       		.uleb128 0x24
 307 0020 00       		.byte	0
 308 0021 0B       		.uleb128 0xb
 309 0022 0B       		.uleb128 0xb
 310 0023 3E       		.uleb128 0x3e
 311 0024 0B       		.uleb128 0xb
 312 0025 03       		.uleb128 0x3
 313 0026 08       		.uleb128 0x8
 314 0027 00       		.byte	0
 315 0028 00       		.byte	0
 316 0029 04       		.uleb128 0x4
 317 002a 16       		.uleb128 0x16
 318 002b 00       		.byte	0
 319 002c 03       		.uleb128 0x3
 320 002d 0E       		.uleb128 0xe
 321 002e 3A       		.uleb128 0x3a
 322 002f 0B       		.uleb128 0xb
 323 0030 3B       		.uleb128 0x3b
 324 0031 05       		.uleb128 0x5
 325 0032 49       		.uleb128 0x49
 326 0033 13       		.uleb128 0x13
 327 0034 00       		.byte	0
 328 0035 00       		.byte	0
 329 0036 05       		.uleb128 0x5
 330 0037 35       		.uleb128 0x35
 331 0038 00       		.byte	0
 332 0039 49       		.uleb128 0x49
 333 003a 13       		.uleb128 0x13
 334 003b 00       		.byte	0
 335 003c 00       		.byte	0
 336 003d 06       		.uleb128 0x6
 337 003e 2E       		.uleb128 0x2e
 338 003f 01       		.byte	0x1
 339 0040 3F       		.uleb128 0x3f
 340 0041 19       		.uleb128 0x19
 341 0042 03       		.uleb128 0x3
 342 0043 0E       		.uleb128 0xe
 343 0044 3A       		.uleb128 0x3a
 344 0045 0B       		.uleb128 0xb
 345 0046 3B       		.uleb128 0x3b
 346 0047 0B       		.uleb128 0xb
 347 0048 27       		.uleb128 0x27
 348 0049 19       		.uleb128 0x19
 349 004a 11       		.uleb128 0x11
ARM GAS  C:\Users\mgnocco\AppData\Local\Temp\ccnzbf6j.s 			page 9


 350 004b 01       		.uleb128 0x1
 351 004c 12       		.uleb128 0x12
 352 004d 06       		.uleb128 0x6
 353 004e 40       		.uleb128 0x40
 354 004f 18       		.uleb128 0x18
 355 0050 9742     		.uleb128 0x2117
 356 0052 19       		.uleb128 0x19
 357 0053 01       		.uleb128 0x1
 358 0054 13       		.uleb128 0x13
 359 0055 00       		.byte	0
 360 0056 00       		.byte	0
 361 0057 07       		.uleb128 0x7
 362 0058 05       		.uleb128 0x5
 363 0059 00       		.byte	0
 364 005a 03       		.uleb128 0x3
 365 005b 0E       		.uleb128 0xe
 366 005c 3A       		.uleb128 0x3a
 367 005d 0B       		.uleb128 0xb
 368 005e 3B       		.uleb128 0x3b
 369 005f 0B       		.uleb128 0xb
 370 0060 49       		.uleb128 0x49
 371 0061 13       		.uleb128 0x13
 372 0062 02       		.uleb128 0x2
 373 0063 17       		.uleb128 0x17
 374 0064 00       		.byte	0
 375 0065 00       		.byte	0
 376 0066 08       		.uleb128 0x8
 377 0067 34       		.uleb128 0x34
 378 0068 00       		.byte	0
 379 0069 03       		.uleb128 0x3
 380 006a 0E       		.uleb128 0xe
 381 006b 3A       		.uleb128 0x3a
 382 006c 0B       		.uleb128 0xb
 383 006d 3B       		.uleb128 0x3b
 384 006e 0B       		.uleb128 0xb
 385 006f 49       		.uleb128 0x49
 386 0070 13       		.uleb128 0x13
 387 0071 02       		.uleb128 0x2
 388 0072 18       		.uleb128 0x18
 389 0073 00       		.byte	0
 390 0074 00       		.byte	0
 391 0075 09       		.uleb128 0x9
 392 0076 2E       		.uleb128 0x2e
 393 0077 00       		.byte	0
 394 0078 3F       		.uleb128 0x3f
 395 0079 19       		.uleb128 0x19
 396 007a 03       		.uleb128 0x3
 397 007b 0E       		.uleb128 0xe
 398 007c 3A       		.uleb128 0x3a
 399 007d 0B       		.uleb128 0xb
 400 007e 3B       		.uleb128 0x3b
 401 007f 0B       		.uleb128 0xb
 402 0080 27       		.uleb128 0x27
 403 0081 19       		.uleb128 0x19
 404 0082 49       		.uleb128 0x49
 405 0083 13       		.uleb128 0x13
 406 0084 11       		.uleb128 0x11
ARM GAS  C:\Users\mgnocco\AppData\Local\Temp\ccnzbf6j.s 			page 10


 407 0085 01       		.uleb128 0x1
 408 0086 12       		.uleb128 0x12
 409 0087 06       		.uleb128 0x6
 410 0088 40       		.uleb128 0x40
 411 0089 18       		.uleb128 0x18
 412 008a 9742     		.uleb128 0x2117
 413 008c 19       		.uleb128 0x19
 414 008d 00       		.byte	0
 415 008e 00       		.byte	0
 416 008f 00       		.byte	0
 417              		.section	.debug_loc,"",%progbits
 418              	.Ldebug_loc0:
 419              	.LLST0:
 420 0000 00000000 		.4byte	.LVL0
 421 0004 0C000000 		.4byte	.LVL2
 422 0008 0100     		.2byte	0x1
 423 000a 50       		.byte	0x50
 424 000b 0C000000 		.4byte	.LVL2
 425 000f 18000000 		.4byte	.LFE0
 426 0013 0400     		.2byte	0x4
 427 0015 F3       		.byte	0xf3
 428 0016 01       		.uleb128 0x1
 429 0017 50       		.byte	0x50
 430 0018 9F       		.byte	0x9f
 431 0019 00000000 		.4byte	0
 432 001d 00000000 		.4byte	0
 433              	.LLST1:
 434 0021 00000000 		.4byte	.LVL3
 435 0025 0C000000 		.4byte	.LVL4
 436 0029 0100     		.2byte	0x1
 437 002b 50       		.byte	0x50
 438 002c 0C000000 		.4byte	.LVL4
 439 0030 18000000 		.4byte	.LFE1
 440 0034 0400     		.2byte	0x4
 441 0036 F3       		.byte	0xf3
 442 0037 01       		.uleb128 0x1
 443 0038 50       		.byte	0x50
 444 0039 9F       		.byte	0x9f
 445 003a 00000000 		.4byte	0
 446 003e 00000000 		.4byte	0
 447              		.section	.debug_aranges,"",%progbits
 448 0000 34000000 		.4byte	0x34
 449 0004 0200     		.2byte	0x2
 450 0006 00000000 		.4byte	.Ldebug_info0
 451 000a 04       		.byte	0x4
 452 000b 00       		.byte	0
 453 000c 0000     		.2byte	0
 454 000e 0000     		.2byte	0
 455 0010 00000000 		.4byte	.LFB0
 456 0014 18000000 		.4byte	.LFE0-.LFB0
 457 0018 00000000 		.4byte	.LFB1
 458 001c 18000000 		.4byte	.LFE1-.LFB1
 459 0020 00000000 		.4byte	.LFB2
 460 0024 10000000 		.4byte	.LFE2-.LFB2
 461 0028 00000000 		.4byte	.LFB3
 462 002c 10000000 		.4byte	.LFE3-.LFB3
 463 0030 00000000 		.4byte	0
ARM GAS  C:\Users\mgnocco\AppData\Local\Temp\ccnzbf6j.s 			page 11


 464 0034 00000000 		.4byte	0
 465              		.section	.debug_ranges,"",%progbits
 466              	.Ldebug_ranges0:
 467 0000 00000000 		.4byte	.LFB0
 468 0004 18000000 		.4byte	.LFE0
 469 0008 00000000 		.4byte	.LFB1
 470 000c 18000000 		.4byte	.LFE1
 471 0010 00000000 		.4byte	.LFB2
 472 0014 10000000 		.4byte	.LFE2
 473 0018 00000000 		.4byte	.LFB3
 474 001c 10000000 		.4byte	.LFE3
 475 0020 00000000 		.4byte	0
 476 0024 00000000 		.4byte	0
 477              		.section	.debug_line,"",%progbits
 478              	.Ldebug_line0:
 479 0000 92000000 		.section	.debug_str,"MS",%progbits,1
 479      02004700 
 479      00000201 
 479      FB0E0D00 
 479      01010101 
 480              	.LASF18:
 481 0000 4D4F544F 		.ascii	"MOTOR_PORT_Read\000"
 481      525F504F 
 481      52545F52 
 481      65616400 
 482              	.LASF16:
 483 0010 76616C75 		.ascii	"value\000"
 483      6500
 484              	.LASF23:
 485 0016 73746174 		.ascii	"staticBits\000"
 485      69634269 
 485      747300
 486              	.LASF3:
 487 0021 73686F72 		.ascii	"short unsigned int\000"
 487      7420756E 
 487      7369676E 
 487      65642069 
 487      6E7400
 488              	.LASF9:
 489 0034 666C6F61 		.ascii	"float\000"
 489      7400
 490              	.LASF14:
 491 003a 4D4F544F 		.ascii	"MOTOR_PORT_Write\000"
 491      525F504F 
 491      52545F57 
 491      72697465 
 491      00
 492              	.LASF1:
 493 004b 756E7369 		.ascii	"unsigned char\000"
 493      676E6564 
 493      20636861 
 493      7200
 494              	.LASF20:
 495 0059 474E5520 		.ascii	"GNU C11 5.4.1 20160609 (release) [ARM/embedded-5-br"
 495      43313120 
 495      352E342E 
 495      31203230 
ARM GAS  C:\Users\mgnocco\AppData\Local\Temp\ccnzbf6j.s 			page 12


 495      31363036 
 496 008c 616E6368 		.ascii	"anch revision 237715] -mcpu=cortex-m3 -mthumb -g -O"
 496      20726576 
 496      6973696F 
 496      6E203233 
 496      37373135 
 497 00bf 67202D66 		.ascii	"g -ffunction-sections -ffat-lto-objects\000"
 497      66756E63 
 497      74696F6E 
 497      2D736563 
 497      74696F6E 
 498              	.LASF13:
 499 00e7 72656738 		.ascii	"reg8\000"
 499      00
 500              	.LASF5:
 501 00ec 6C6F6E67 		.ascii	"long unsigned int\000"
 501      20756E73 
 501      69676E65 
 501      6420696E 
 501      7400
 502              	.LASF22:
 503 00fe 433A5C55 		.ascii	"C:\\Users\\mgnocco\\Documents\\Git\\PSoC5\\PSoC5_FW"
 503      73657273 
 503      5C6D676E 
 503      6F63636F 
 503      5C446F63 
 504 012b 5F574953 		.ascii	"_WISH_VIBES\\FW_WearableHealtySubj - WISH+Dayton\\b"
 504      485F5649 
 504      4245535C 
 504      46575F57 
 504      65617261 
 505 015c 6F6F746C 		.ascii	"ootloader.cydsn\000"
 505      6F616465 
 505      722E6379 
 505      64736E00 
 506              	.LASF10:
 507 016c 646F7562 		.ascii	"double\000"
 507      6C6500
 508              	.LASF8:
 509 0173 756E7369 		.ascii	"unsigned int\000"
 509      676E6564 
 509      20696E74 
 509      00
 510              	.LASF7:
 511 0180 6C6F6E67 		.ascii	"long long unsigned int\000"
 511      206C6F6E 
 511      6720756E 
 511      7369676E 
 511      65642069 
 512              	.LASF17:
 513 0197 6D6F6465 		.ascii	"mode\000"
 513      00
 514              	.LASF6:
 515 019c 6C6F6E67 		.ascii	"long long int\000"
 515      206C6F6E 
 515      6720696E 
 515      7400
ARM GAS  C:\Users\mgnocco\AppData\Local\Temp\ccnzbf6j.s 			page 13


 516              	.LASF11:
 517 01aa 63686172 		.ascii	"char\000"
 517      00
 518              	.LASF19:
 519 01af 4D4F544F 		.ascii	"MOTOR_PORT_ReadDataReg\000"
 519      525F504F 
 519      52545F52 
 519      65616444 
 519      61746152 
 520              	.LASF2:
 521 01c6 73686F72 		.ascii	"short int\000"
 521      7420696E 
 521      7400
 522              	.LASF12:
 523 01d0 75696E74 		.ascii	"uint8\000"
 523      3800
 524              	.LASF4:
 525 01d6 6C6F6E67 		.ascii	"long int\000"
 525      20696E74 
 525      00
 526              	.LASF0:
 527 01df 7369676E 		.ascii	"signed char\000"
 527      65642063 
 527      68617200 
 528              	.LASF21:
 529 01eb 47656E65 		.ascii	"Generated_Source\\PSoC5\\MOTOR_PORT.c\000"
 529      72617465 
 529      645F536F 
 529      75726365 
 529      5C50536F 
 530              	.LASF15:
 531 020f 4D4F544F 		.ascii	"MOTOR_PORT_SetDriveMode\000"
 531      525F504F 
 531      52545F53 
 531      65744472 
 531      6976654D 
 532              		.ident	"GCC: (GNU Tools for ARM Embedded Processors) 5.4.1 20160609 (release) [ARM/embedded-5-bran
