--------------- Rebuild Started: 05/06/2024 18:52:20 Project: Generic, Configuration: ARM GCC 5.4-2016-q2-update Release ---------------
Deleting file ".\Generic.rpt"
cydsfit.exe -.appdatapath "C:\Users\mgnocco\AppData\Local\Cypress Semiconductor\PSoC Creator\4.4" -.fdsnotice -.fdswarpdepfile=warp_dependencies.txt -.fdselabdepfile=elab_dependencies.txt -.fdsbldfile=generated_files.txt -.fdsreffile=referenced_files.txt -p C:\Users\mgnocco\Documents\Git\PSoC5\PSoC5_FW_WISH_VIBES\FW_SH_ReversibleMotor\Generic.cydsn\Generic.cyprj -d CY8C5888LTI-LP097 -s C:\Users\mgnocco\Documents\Git\PSoC5\PSoC5_FW_WISH_VIBES\FW_SH_ReversibleMotor\Generic.cydsn\Generated_Source\PSoC5 -- -yv2 -q10 -ygs -o2 -v3 -.fftcfgtype=LE
Elaborating Design...
ADD: sdb.M0030: error: Missing sheet connectors on signal "Ck_1", bit(s) "".
 * C:\Users\mgnocco\Documents\Git\PSoC5\PSoC5_FW_WISH_VIBES\FW_SH_ReversibleMotor\Generic.cydsn\TopDesign\TopDesign.cysch (Signal: Ck_1)
 * C:\Users\mgnocco\Documents\Git\PSoC5\PSoC5_FW_WISH_VIBES\FW_SH_ReversibleMotor\Generic.cydsn\TopDesign\TopDesign.cysch (Shape_1993)
 * C:\Users\mgnocco\Documents\Git\PSoC5\PSoC5_FW_WISH_VIBES\FW_SH_ReversibleMotor\Generic.cydsn\TopDesign\TopDesign.cysch (Shape_2004)
 * C:\Users\mgnocco\Documents\Git\PSoC5\PSoC5_FW_WISH_VIBES\FW_SH_ReversibleMotor\Generic.cydsn\TopDesign\TopDesign.cysch (Shape_4068)
 * C:\Users\mgnocco\Documents\Git\PSoC5\PSoC5_FW_WISH_VIBES\FW_SH_ReversibleMotor\Generic.cydsn\TopDesign\TopDesign.cysch (Shape_4095)
 * C:\Users\mgnocco\Documents\Git\PSoC5\PSoC5_FW_WISH_VIBES\FW_SH_ReversibleMotor\Generic.cydsn\TopDesign\TopDesign.cysch (Shape_4102)
 * C:\Users\mgnocco\Documents\Git\PSoC5\PSoC5_FW_WISH_VIBES\FW_SH_ReversibleMotor\Generic.cydsn\TopDesign\TopDesign.cysch (Shape_4198.3)
 * C:\Users\mgnocco\Documents\Git\PSoC5\PSoC5_FW_WISH_VIBES\FW_SH_ReversibleMotor\Generic.cydsn\TopDesign\TopDesign.cysch (Shape_426.11)
 * C:\Users\mgnocco\Documents\Git\PSoC5\PSoC5_FW_WISH_VIBES\FW_SH_ReversibleMotor\Generic.cydsn\TopDesign\TopDesign.cysch (Shape_4334)
 * C:\Users\mgnocco\Documents\Git\PSoC5\PSoC5_FW_WISH_VIBES\FW_SH_ReversibleMotor\Generic.cydsn\TopDesign\TopDesign.cysch (Shape_4497)
 * C:\Users\mgnocco\Documents\Git\PSoC5\PSoC5_FW_WISH_VIBES\FW_SH_ReversibleMotor\Generic.cydsn\TopDesign\TopDesign.cysch (Shape_4498)
 * C:\Users\mgnocco\Documents\Git\PSoC5\PSoC5_FW_WISH_VIBES\FW_SH_ReversibleMotor\Generic.cydsn\TopDesign\TopDesign.cysch (Shape_4521.7)
 * C:\Users\mgnocco\Documents\Git\PSoC5\PSoC5_FW_WISH_VIBES\FW_SH_ReversibleMotor\Generic.cydsn\TopDesign\TopDesign.cysch (Shape_4616.7)
 * C:\Users\mgnocco\Documents\Git\PSoC5\PSoC5_FW_WISH_VIBES\FW_SH_ReversibleMotor\Generic.cydsn\TopDesign\TopDesign.cysch (Shape_4656)
 * C:\Users\mgnocco\Documents\Git\PSoC5\PSoC5_FW_WISH_VIBES\FW_SH_ReversibleMotor\Generic.cydsn\TopDesign\TopDesign.cysch (Shape_4657)
 * C:\Users\mgnocco\Documents\Git\PSoC5\PSoC5_FW_WISH_VIBES\FW_SH_ReversibleMotor\Generic.cydsn\TopDesign\TopDesign.cysch (Shape_4708)
 * C:\Users\mgnocco\Documents\Git\PSoC5\PSoC5_FW_WISH_VIBES\FW_SH_ReversibleMotor\Generic.cydsn\TopDesign\TopDesign.cysch (Shape_4757)
 * C:\Users\mgnocco\Documents\Git\PSoC5\PSoC5_FW_WISH_VIBES\FW_SH_ReversibleMotor\Generic.cydsn\TopDesign\TopDesign.cysch (Shape_4759)
 * C:\Users\mgnocco\Documents\Git\PSoC5\PSoC5_FW_WISH_VIBES\FW_SH_ReversibleMotor\Generic.cydsn\TopDesign\TopDesign.cysch (Shape_526.4)
 * C:\Users\mgnocco\Documents\Git\PSoC5\PSoC5_FW_WISH_VIBES\FW_SH_ReversibleMotor\Generic.cydsn\TopDesign\TopDesign.cysch (Shape_920.1)
Error: fit.M0050: The fitter aborted due to errors, please address all errors and rebuild. (App=cydsfit)
--------------- Rebuild Failed: 05/06/2024 18:52:33 ---------------
