ARM GAS  C:\Users\mgnocco\AppData\Local\Temp\ccQNm8f3.s 			page 1


   1              		.syntax unified
   2              		.cpu cortex-m3
   3              		.fpu softvfp
   4              		.eabi_attribute 20, 1
   5              		.eabi_attribute 21, 1
   6              		.eabi_attribute 23, 3
   7              		.eabi_attribute 24, 1
   8              		.eabi_attribute 25, 1
   9              		.eabi_attribute 26, 1
  10              		.eabi_attribute 30, 6
  11              		.eabi_attribute 34, 1
  12              		.eabi_attribute 18, 4
  13              		.thumb
  14              		.syntax unified
  15              		.file	"IMU_functions.c"
  16              		.text
  17              	.Ltext0:
  18              		.cfi_sections	.debug_frame
  19              		.section	.text.ImusReset,"ax",%progbits
  20              		.align	2
  21              		.global	ImusReset
  22              		.thumb
  23              		.thumb_func
  24              		.type	ImusReset, %function
  25              	ImusReset:
  26              	.LFB64:
  27              		.file 1 "..\\src\\IMU_functions.c"
   1:..\src/IMU_functions.c **** // ----------------------------------------------------------------------------
   2:..\src/IMU_functions.c **** // BSD 3-Clause License
   3:..\src/IMU_functions.c **** 
   4:..\src/IMU_functions.c **** // Copyright (c) 2016, qbrobotics
   5:..\src/IMU_functions.c **** // Copyright (c) 2017-2020, Centro "E.Piaggio"
   6:..\src/IMU_functions.c **** // All rights reserved.
   7:..\src/IMU_functions.c **** 
   8:..\src/IMU_functions.c **** // Redistribution and use in source and binary forms, with or without
   9:..\src/IMU_functions.c **** // modification, are permitted provided that the following conditions are met:
  10:..\src/IMU_functions.c **** 
  11:..\src/IMU_functions.c **** // * Redistributions of source code must retain the above copyright notice, this
  12:..\src/IMU_functions.c **** //   list of conditions and the following disclaimer.
  13:..\src/IMU_functions.c **** 
  14:..\src/IMU_functions.c **** // * Redistributions in binary form must reproduce the above copyright notice,
  15:..\src/IMU_functions.c **** //   this list of conditions and the following disclaimer in the documentation
  16:..\src/IMU_functions.c **** //   and/or other materials provided with the distribution.
  17:..\src/IMU_functions.c **** 
  18:..\src/IMU_functions.c **** // * Neither the name of the copyright holder nor the names of its
  19:..\src/IMU_functions.c **** //   contributors may be used to endorse or promote products derived from
  20:..\src/IMU_functions.c **** //   this software without specific prior written permission.
  21:..\src/IMU_functions.c **** 
  22:..\src/IMU_functions.c **** // THIS SOFTWARE IS PROVIDED BY THE COPYRIGHT HOLDERS AND CONTRIBUTORS "AS IS"
  23:..\src/IMU_functions.c **** // AND ANY EXPRESS OR IMPLIED WARRANTIES, INCLUDING, BUT NOT LIMITED TO, THE
  24:..\src/IMU_functions.c **** // IMPLIED WARRANTIES OF MERCHANTABILITY AND FITNESS FOR A PARTICULAR PURPOSE ARE
  25:..\src/IMU_functions.c **** // DISCLAIMED. IN NO EVENT SHALL THE COPYRIGHT HOLDER OR CONTRIBUTORS BE LIABLE
  26:..\src/IMU_functions.c **** // FOR ANY DIRECT, INDIRECT, INCIDENTAL, SPECIAL, EXEMPLARY, OR CONSEQUENTIAL
  27:..\src/IMU_functions.c **** // DAMAGES (INCLUDING, BUT NOT LIMITED TO, PROCUREMENT OF SUBSTITUTE GOODS OR
  28:..\src/IMU_functions.c **** // SERVICES; LOSS OF USE, DATA, OR PROFITS; OR BUSINESS INTERRUPTION) HOWEVER
  29:..\src/IMU_functions.c **** // CAUSED AND ON ANY THEORY OF LIABILITY, WHETHER IN CONTRACT, STRICT LIABILITY,
  30:..\src/IMU_functions.c **** // OR TORT (INCLUDING NEGLIGENCE OR OTHERWISE) ARISING IN ANY WAY OUT OF THE USE
ARM GAS  C:\Users\mgnocco\AppData\Local\Temp\ccQNm8f3.s 			page 2


  31:..\src/IMU_functions.c **** // OF THIS SOFTWARE, EVEN IF ADVISED OF THE POSSIBILITY OF SUCH DAMAGE.
  32:..\src/IMU_functions.c **** // POSSIBILITY OF SUCH DAMAGE.
  33:..\src/IMU_functions.c **** // ----------------------------------------------------------------------------
  34:..\src/IMU_functions.c **** 
  35:..\src/IMU_functions.c **** /**
  36:..\src/IMU_functions.c **** * \file         IMU_functions.c
  37:..\src/IMU_functions.c **** *
  38:..\src/IMU_functions.c **** * \brief        Implementation of IMU module functions.
  39:..\src/IMU_functions.c **** * \date         March 20th, 2020
  40:..\src/IMU_functions.c **** * \author       _Centro "E.Piaggio"_
  41:..\src/IMU_functions.c **** * \copyright    (C) 2012-2016 qbrobotics. All rights reserved.
  42:..\src/IMU_functions.c **** * \copyright    (C) 2017-2020 Centro "E.Piaggio". All rights reserved.
  43:..\src/IMU_functions.c **** */
  44:..\src/IMU_functions.c **** 
  45:..\src/IMU_functions.c **** #include "IMU_functions.h"
  46:..\src/IMU_functions.c **** 
  47:..\src/IMU_functions.c **** extern uint8 Accel[N_IMU_MAX][6];
  48:..\src/IMU_functions.c **** extern uint8 Gyro[N_IMU_MAX][6];
  49:..\src/IMU_functions.c **** extern uint8 Mag[N_IMU_MAX][6];
  50:..\src/IMU_functions.c **** extern uint8 MagCal[N_IMU_MAX][3];
  51:..\src/IMU_functions.c **** 
  52:..\src/IMU_functions.c **** /*******************************************************************************
  53:..\src/IMU_functions.c **** * Function Name: Imus Reset
  54:..\src/IMU_functions.c **** *********************************************************************************/	
  55:..\src/IMU_functions.c **** void ImusReset() {
  28              		.loc 1 55 0
  29              		.cfi_startproc
  30              		@ args = 0, pretend = 0, frame = 0
  31              		@ frame_needed = 1, uses_anonymous_args = 0
  32              		@ link register save eliminated.
  33 0000 80B4     		push	{r7}
  34              		.cfi_def_cfa_offset 4
  35              		.cfi_offset 7, -4
  36 0002 00AF     		add	r7, sp, #0
  37              		.cfi_def_cfa_register 7
  56:..\src/IMU_functions.c ****     /*
  57:..\src/IMU_functions.c ****     uint8 i;
  58:..\src/IMU_functions.c ****     
  59:..\src/IMU_functions.c ****     CyDelay(10);
  60:..\src/IMU_functions.c ****     InitIMUgeneral();
  61:..\src/IMU_functions.c **** 
  62:..\src/IMU_functions.c ****     CyDelay(10);
  63:..\src/IMU_functions.c ****     
  64:..\src/IMU_functions.c ****     // Initialize quaternion
  65:..\src/IMU_functions.c ****     for (i = 0; i<N_IMU_MAX; i++) {
  66:..\src/IMU_functions.c ****         Quat[i][0] = 0.999;
  67:..\src/IMU_functions.c ****         Quat[i][1] = 0.01;
  68:..\src/IMU_functions.c ****         Quat[i][2] = 0.01;
  69:..\src/IMU_functions.c ****         Quat[i][3] = 0.01;
  70:..\src/IMU_functions.c ****     }
  71:..\src/IMU_functions.c ****     */
  72:..\src/IMU_functions.c **** }
  38              		.loc 1 72 0
  39 0004 00BF     		nop
  40 0006 BD46     		mov	sp, r7
  41              		.cfi_def_cfa_register 13
  42              		@ sp needed
ARM GAS  C:\Users\mgnocco\AppData\Local\Temp\ccQNm8f3.s 			page 3


  43 0008 80BC     		pop	{r7}
  44              		.cfi_restore 7
  45              		.cfi_def_cfa_offset 0
  46 000a 7047     		bx	lr
  47              		.cfi_endproc
  48              	.LFE64:
  49              		.size	ImusReset, .-ImusReset
  50              		.section	.text.InitIMU,"ax",%progbits
  51              		.align	2
  52              		.global	InitIMU
  53              		.thumb
  54              		.thumb_func
  55              		.type	InitIMU, %function
  56              	InitIMU:
  57              	.LFB65:
  73:..\src/IMU_functions.c **** 
  74:..\src/IMU_functions.c **** /*******************************************************************************
  75:..\src/IMU_functions.c **** * Function Name: IMU Initialization
  76:..\src/IMU_functions.c **** *********************************************************************************/
  77:..\src/IMU_functions.c **** void InitIMU(){	
  58              		.loc 1 77 0
  59              		.cfi_startproc
  60              		@ args = 0, pretend = 0, frame = 0
  61              		@ frame_needed = 1, uses_anonymous_args = 0
  62              		@ link register save eliminated.
  63 0000 80B4     		push	{r7}
  64              		.cfi_def_cfa_offset 4
  65              		.cfi_offset 7, -4
  66 0002 00AF     		add	r7, sp, #0
  67              		.cfi_def_cfa_register 7
  78:..\src/IMU_functions.c ****     /*
  79:..\src/IMU_functions.c **** 	WriteControlRegisterIMU(MPU9250_PWR_MGMT_1, 0x10); 
  80:..\src/IMU_functions.c **** 	CyDelay(10);	
  81:..\src/IMU_functions.c **** 	WriteControlRegisterIMU(MPU9250_USER_CTRL, 0x20);  //I2C master enable - disable I2C (prima 0x30)
  82:..\src/IMU_functions.c **** 	CyDelay(10);
  83:..\src/IMU_functions.c ****     WriteControlRegisterIMU(MPU9250_CONFIG, 0x06); //Gyro & Temp Low Pass Filter 0x01 = 184Hz, 0x02
  84:..\src/IMU_functions.c ****     CyDelay(10);	
  85:..\src/IMU_functions.c **** 	WriteControlRegisterIMU(MPU9250_GYRO_CONFIG , GYRO_SF_2000); //Gyro full scale select 0x00=250°/s
  86:..\src/IMU_functions.c **** 	CyDelay(10);
  87:..\src/IMU_functions.c ****     WriteControlRegisterIMU(MPU9250_ACCEL_CONFIG, ACC_SF_2G); // Acc full scale select 0x00 = 2g 0x
  88:..\src/IMU_functions.c ****     CyDelay(10);
  89:..\src/IMU_functions.c ****    // WriteControlRegisterIMU(MPU9250_ACCEL_CONFIG2, LP_ACC_FREQ_10);   
  90:..\src/IMU_functions.c ****     WriteControlRegisterIMU(MPU9250_ACCEL_CONFIG2, NO_ACC_FIL);   
  91:..\src/IMU_functions.c ****     CyDelay(10);
  92:..\src/IMU_functions.c **** 	//mag register
  93:..\src/IMU_functions.c **** 	WriteControlRegisterIMU(MPU9250_I2C_MST_CTRL, 0x0D); //set slave I2C speed
  94:..\src/IMU_functions.c **** 	CyDelay(10);
  95:..\src/IMU_functions.c **** 	//SLV0 (use to write)
  96:..\src/IMU_functions.c **** 	WriteControlRegisterIMU(MPU9250_I2C_SLV0_ADDR, 0x0C); //set compass address
  97:..\src/IMU_functions.c **** 	CyDelay(10);			
  98:..\src/IMU_functions.c **** 	WriteControlRegisterIMU(MPU9250_I2C_SLV0_REG, AK8936_CNTL); //compass mode register
  99:..\src/IMU_functions.c **** 	CyDelay(10);	
 100:..\src/IMU_functions.c **** 	// Istruction used to read Compass
 101:..\src/IMU_functions.c **** 	WriteControlRegisterIMU(MPU9250_I2C_SLV0_D0, 0x16); //0x12 continuous mode1  0x16 continuous mode2
 102:..\src/IMU_functions.c **** 	CyDelay(10);
 103:..\src/IMU_functions.c **** 	WriteControlRegisterIMU(MPU9250_I2C_SLV0_CTRL, 0x81); //enable data from register + 1 bit to write
 104:..\src/IMU_functions.c **** 	CyDelay(10);
ARM GAS  C:\Users\mgnocco\AppData\Local\Temp\ccQNm8f3.s 			page 4


 105:..\src/IMU_functions.c **** 	//SLV0 (use to read)
 106:..\src/IMU_functions.c **** 	WriteControlRegisterIMU(MPU9250_I2C_SLV0_ADDR, 0x8C); // RCR  | AK8963_address (0x0C) 
 107:..\src/IMU_functions.c **** 	CyDelay(10);
 108:..\src/IMU_functions.c **** 	// Istruction used to read Compass
 109:..\src/IMU_functions.c **** 	WriteControlRegisterIMU(MPU9250_I2C_SLV0_REG, 0x03); // 0x03:start from Xout Low in case of calibr
 110:..\src/IMU_functions.c **** 	CyDelay(10);
 111:..\src/IMU_functions.c **** 	// Istruction used to read Compass
 112:..\src/IMU_functions.c **** 	WriteControlRegisterIMU(MPU9250_I2C_SLV0_CTRL, 0x8D); //How many bits read  SEMPRE DISPARI 0x8D er
 113:..\src/IMU_functions.c **** 	CyDelay(10);
 114:..\src/IMU_functions.c **** 	WriteControlRegisterIMU(MPU9250_PWR_MGMT_1, 0x00); 
 115:..\src/IMU_functions.c **** 	CyDelay(20);
 116:..\src/IMU_functions.c ****     */
 117:..\src/IMU_functions.c **** }	
  68              		.loc 1 117 0
  69 0004 00BF     		nop
  70 0006 BD46     		mov	sp, r7
  71              		.cfi_def_cfa_register 13
  72              		@ sp needed
  73 0008 80BC     		pop	{r7}
  74              		.cfi_restore 7
  75              		.cfi_def_cfa_offset 0
  76 000a 7047     		bx	lr
  77              		.cfi_endproc
  78              	.LFE65:
  79              		.size	InitIMU, .-InitIMU
  80              		.section	.text.InitIMUMagCal,"ax",%progbits
  81              		.align	2
  82              		.global	InitIMUMagCal
  83              		.thumb
  84              		.thumb_func
  85              		.type	InitIMUMagCal, %function
  86              	InitIMUMagCal:
  87              	.LFB66:
 118:..\src/IMU_functions.c **** 
 119:..\src/IMU_functions.c **** /*******************************************************************************
 120:..\src/IMU_functions.c **** * Function Name: IMU Mag Cal Initialization
 121:..\src/IMU_functions.c **** *********************************************************************************/
 122:..\src/IMU_functions.c **** void InitIMUMagCal(){	
  88              		.loc 1 122 0
  89              		.cfi_startproc
  90              		@ args = 0, pretend = 0, frame = 0
  91              		@ frame_needed = 1, uses_anonymous_args = 0
  92              		@ link register save eliminated.
  93 0000 80B4     		push	{r7}
  94              		.cfi_def_cfa_offset 4
  95              		.cfi_offset 7, -4
  96 0002 00AF     		add	r7, sp, #0
  97              		.cfi_def_cfa_register 7
 123:..\src/IMU_functions.c ****     /*
 124:..\src/IMU_functions.c **** 	WriteControlRegisterIMU(MPU9250_PWR_MGMT_1, 0x10); 
 125:..\src/IMU_functions.c **** 	CyDelay(10);	
 126:..\src/IMU_functions.c **** 	WriteControlRegisterIMU(MPU9250_USER_CTRL, 0x20);  //I2C master enable - disable I2C (prima 0x30)
 127:..\src/IMU_functions.c **** 	CyDelay(10);
 128:..\src/IMU_functions.c ****     WriteControlRegisterIMU(MPU9250_CONFIG, 0x06); //Gyro & Temp Low Pass Filter 0x01 = 184Hz, 0x02
 129:..\src/IMU_functions.c ****     CyDelay(10);	
 130:..\src/IMU_functions.c **** 	WriteControlRegisterIMU(MPU9250_GYRO_CONFIG , GYRO_SF_2000); //Gyro full scale select 0x00=250°/s
 131:..\src/IMU_functions.c **** 	CyDelay(10);
ARM GAS  C:\Users\mgnocco\AppData\Local\Temp\ccQNm8f3.s 			page 5


 132:..\src/IMU_functions.c ****     WriteControlRegisterIMU(MPU9250_ACCEL_CONFIG, ACC_SF_2G); // Acc full scale select 0x00 = 2g 0x
 133:..\src/IMU_functions.c ****     CyDelay(10);
 134:..\src/IMU_functions.c ****     WriteControlRegisterIMU(MPU9250_ACCEL_CONFIG2, 0x05);
 135:..\src/IMU_functions.c ****     CyDelay(10);
 136:..\src/IMU_functions.c **** 	//mag register
 137:..\src/IMU_functions.c **** 	WriteControlRegisterIMU(MPU9250_I2C_MST_CTRL, 0x0D); //set slave I2C speed
 138:..\src/IMU_functions.c **** 	CyDelay(10);
 139:..\src/IMU_functions.c **** 	//SLV0 (use to write)
 140:..\src/IMU_functions.c **** 	WriteControlRegisterIMU(MPU9250_I2C_SLV0_ADDR, 0x0C); //set compass address
 141:..\src/IMU_functions.c **** 	CyDelay(10);			
 142:..\src/IMU_functions.c **** 	WriteControlRegisterIMU(MPU9250_I2C_SLV0_REG, AK8936_CNTL); //compass mode register
 143:..\src/IMU_functions.c **** 	CyDelay(10);	
 144:..\src/IMU_functions.c **** 	WriteControlRegisterIMU(MPU9250_I2C_SLV0_D0, 0x1F); //0x1F ROM access
 145:..\src/IMU_functions.c **** 	CyDelay(10);
 146:..\src/IMU_functions.c **** 	WriteControlRegisterIMU(MPU9250_I2C_SLV0_CTRL, 0x81); //enable data from register + 1 bit to write
 147:..\src/IMU_functions.c **** 	CyDelay(10);
 148:..\src/IMU_functions.c **** 	//SLV0 (use to read)
 149:..\src/IMU_functions.c **** 	WriteControlRegisterIMU(MPU9250_I2C_SLV0_ADDR, 0x8C); // RCR  | AK8963_address (0x0C) 
 150:..\src/IMU_functions.c **** 	CyDelay(10);
 151:..\src/IMU_functions.c **** 	WriteControlRegisterIMU(MPU9250_I2C_SLV0_REG, 0x10); // 0x10:start from ASAX
 152:..\src/IMU_functions.c **** 	CyDelay(10);
 153:..\src/IMU_functions.c **** 	WriteControlRegisterIMU(MPU9250_I2C_SLV0_CTRL, 0x83);
 154:..\src/IMU_functions.c **** 	CyDelay(10);
 155:..\src/IMU_functions.c **** 	WriteControlRegisterIMU(MPU9250_PWR_MGMT_1, 0x00); 
 156:..\src/IMU_functions.c **** 	CyDelay(20);
 157:..\src/IMU_functions.c ****     */
 158:..\src/IMU_functions.c **** }
  98              		.loc 1 158 0
  99 0004 00BF     		nop
 100 0006 BD46     		mov	sp, r7
 101              		.cfi_def_cfa_register 13
 102              		@ sp needed
 103 0008 80BC     		pop	{r7}
 104              		.cfi_restore 7
 105              		.cfi_def_cfa_offset 0
 106 000a 7047     		bx	lr
 107              		.cfi_endproc
 108              	.LFE66:
 109              		.size	InitIMUMagCal, .-InitIMUMagCal
 110              		.section	.text.ChipSelectorIMU,"ax",%progbits
 111              		.align	2
 112              		.global	ChipSelectorIMU
 113              		.thumb
 114              		.thumb_func
 115              		.type	ChipSelectorIMU, %function
 116              	ChipSelectorIMU:
 117              	.LFB67:
 159:..\src/IMU_functions.c **** 
 160:..\src/IMU_functions.c **** /********************************************************************************
 161:..\src/IMU_functions.c **** * Function Name: ChipSelectorIMU                                                   *
 162:..\src/IMU_functions.c **** *********************************************************************************/
 163:..\src/IMU_functions.c **** void ChipSelectorIMU(int n)
 164:..\src/IMU_functions.c **** {
 118              		.loc 1 164 0
 119              		.cfi_startproc
 120              		@ args = 0, pretend = 0, frame = 8
 121              		@ frame_needed = 1, uses_anonymous_args = 0
ARM GAS  C:\Users\mgnocco\AppData\Local\Temp\ccQNm8f3.s 			page 6


 122              		@ link register save eliminated.
 123 0000 80B4     		push	{r7}
 124              		.cfi_def_cfa_offset 4
 125              		.cfi_offset 7, -4
 126 0002 83B0     		sub	sp, sp, #12
 127              		.cfi_def_cfa_offset 16
 128 0004 00AF     		add	r7, sp, #0
 129              		.cfi_def_cfa_register 7
 130 0006 7860     		str	r0, [r7, #4]
 165:..\src/IMU_functions.c ****    /* Chip_Select_IMU_Write(7);
 166:..\src/IMU_functions.c ****     
 167:..\src/IMU_functions.c ****     Chip_Select_IMU_Write(n);
 168:..\src/IMU_functions.c ****     */
 169:..\src/IMU_functions.c **** }
 131              		.loc 1 169 0
 132 0008 00BF     		nop
 133 000a 0C37     		adds	r7, r7, #12
 134              		.cfi_def_cfa_offset 4
 135 000c BD46     		mov	sp, r7
 136              		.cfi_def_cfa_register 13
 137              		@ sp needed
 138 000e 80BC     		pop	{r7}
 139              		.cfi_restore 7
 140              		.cfi_def_cfa_offset 0
 141 0010 7047     		bx	lr
 142              		.cfi_endproc
 143              	.LFE67:
 144              		.size	ChipSelectorIMU, .-ChipSelectorIMU
 145 0012 00BF     		.section	.text.InitIMUgeneral,"ax",%progbits
 146              		.align	2
 147              		.global	InitIMUgeneral
 148              		.thumb
 149              		.thumb_func
 150              		.type	InitIMUgeneral, %function
 151              	InitIMUgeneral:
 152              	.LFB68:
 170:..\src/IMU_functions.c **** 
 171:..\src/IMU_functions.c **** /********************************************************************************
 172:..\src/IMU_functions.c **** * Function Name: InitIMUGeneral                                                 *
 173:..\src/IMU_functions.c **** *********************************************************************************/
 174:..\src/IMU_functions.c **** void InitIMUgeneral()
 175:..\src/IMU_functions.c **** {
 153              		.loc 1 175 0
 154              		.cfi_startproc
 155              		@ args = 0, pretend = 0, frame = 0
 156              		@ frame_needed = 1, uses_anonymous_args = 0
 157              		@ link register save eliminated.
 158 0000 80B4     		push	{r7}
 159              		.cfi_def_cfa_offset 4
 160              		.cfi_offset 7, -4
 161 0002 00AF     		add	r7, sp, #0
 162              		.cfi_def_cfa_register 7
 176:..\src/IMU_functions.c ****     /*uint8 k_imu;
 177:..\src/IMU_functions.c ****     uint8 count = 0;
 178:..\src/IMU_functions.c ****     int IMU_ack;
 179:..\src/IMU_functions.c ****     int tmp[N_IMU_MAX];
 180:..\src/IMU_functions.c ****     
ARM GAS  C:\Users\mgnocco\AppData\Local\Temp\ccQNm8f3.s 			page 7


 181:..\src/IMU_functions.c ****     // Initialize Memory Structure 
 182:..\src/IMU_functions.c ****     memset(&g_imu, 0, sizeof(struct st_imu));
 183:..\src/IMU_functions.c ****     memset(&IMU_connected, 0, sizeof(IMU_connected));
 184:..\src/IMU_functions.c **** 
 185:..\src/IMU_functions.c ****     // Initialize IMU to Read MagCal Parameters
 186:..\src/IMU_functions.c ****     for (k_imu=0; k_imu < N_IMU_MAX; k_imu++) 
 187:..\src/IMU_functions.c ****     {	
 188:..\src/IMU_functions.c **** 	    ChipSelectorIMU(k_imu);
 189:..\src/IMU_functions.c **** 	    CyDelay(10);
 190:..\src/IMU_functions.c **** 	    InitIMUMagCal();
 191:..\src/IMU_functions.c **** 	    CyDelay(10); 
 192:..\src/IMU_functions.c ****     }
 193:..\src/IMU_functions.c ****     
 194:..\src/IMU_functions.c ****     // Reading of MagCal Parameters
 195:..\src/IMU_functions.c ****     CyDelay(50);
 196:..\src/IMU_functions.c ****     for (k_imu = 0; k_imu < N_IMU_MAX; k_imu++){
 197:..\src/IMU_functions.c ****         ChipSelectorIMU(k_imu);
 198:..\src/IMU_functions.c ****         CyDelay(10);
 199:..\src/IMU_functions.c ****         ReadMagCal(k_imu);  
 200:..\src/IMU_functions.c ****         CyDelay(10);
 201:..\src/IMU_functions.c ****     }
 202:..\src/IMU_functions.c **** 
 203:..\src/IMU_functions.c ****     ChipSelectorIMU(0); // Read again first IMU MagCal Parameters
 204:..\src/IMU_functions.c ****     CyDelay(10);
 205:..\src/IMU_functions.c ****     ReadMagCal(0);  
 206:..\src/IMU_functions.c ****     CyDelay(10);
 207:..\src/IMU_functions.c ****         
 208:..\src/IMU_functions.c ****     // First ping to be sure to wakeup IMUs
 209:..\src/IMU_functions.c ****     for (k_imu=0; k_imu < N_IMU_MAX; k_imu++) 
 210:..\src/IMU_functions.c ****     {	
 211:..\src/IMU_functions.c **** 	    ChipSelectorIMU(k_imu);
 212:..\src/IMU_functions.c **** 	    CyDelay(10);
 213:..\src/IMU_functions.c **** 	    ReadControlRegisterIMU(MPU9250_WHO_AM_I);
 214:..\src/IMU_functions.c ****     }
 215:..\src/IMU_functions.c ****     
 216:..\src/IMU_functions.c ****     // Identify IMU connected
 217:..\src/IMU_functions.c ****     ChipSelectorIMU(0);
 218:..\src/IMU_functions.c ****     CyDelay(10);
 219:..\src/IMU_functions.c ****     IMU_ack = ReadControlRegisterIMU(MPU9250_WHO_AM_I);
 220:..\src/IMU_functions.c ****     IMU_ack = 0;
 221:..\src/IMU_functions.c ****     N_IMU_Connected = 0;    
 222:..\src/IMU_functions.c ****     for (k_imu = 0; k_imu < NUM_DEV_IMU; k_imu++) 
 223:..\src/IMU_functions.c ****     {      
 224:..\src/IMU_functions.c ****     	ChipSelectorIMU(k_imu);
 225:..\src/IMU_functions.c ****         CyDelay(10);
 226:..\src/IMU_functions.c ****         IMU_ack = ReadControlRegisterIMU(MPU9250_WHO_AM_I);
 227:..\src/IMU_functions.c ****         if (IMU_ack == 0x71) 
 228:..\src/IMU_functions.c ****         {
 229:..\src/IMU_functions.c ****             N_IMU_Connected++;
 230:..\src/IMU_functions.c ****             IMU_ack = 0;
 231:..\src/IMU_functions.c ****             tmp[k_imu] = 1;
 232:..\src/IMU_functions.c ****         }
 233:..\src/IMU_functions.c ****         else
 234:..\src/IMU_functions.c ****             tmp[k_imu] = 0;
 235:..\src/IMU_functions.c ****     }
 236:..\src/IMU_functions.c **** 
 237:..\src/IMU_functions.c ****     for(k_imu = 0; k_imu < N_IMU_MAX; k_imu++)
ARM GAS  C:\Users\mgnocco\AppData\Local\Temp\ccQNm8f3.s 			page 8


 238:..\src/IMU_functions.c ****     {
 239:..\src/IMU_functions.c ****         if(tmp[k_imu] == 1)
 240:..\src/IMU_functions.c ****         {
 241:..\src/IMU_functions.c ****             IMU_connected[count] = k_imu;
 242:..\src/IMU_functions.c ****             count++;
 243:..\src/IMU_functions.c ****         }
 244:..\src/IMU_functions.c ****     }
 245:..\src/IMU_functions.c ****             
 246:..\src/IMU_functions.c ****     // Standard Initialization of the IMU
 247:..\src/IMU_functions.c ****     CyDelay(10);
 248:..\src/IMU_functions.c ****     for (k_imu=0; k_imu < N_IMU_MAX; k_imu++) 
 249:..\src/IMU_functions.c ****     {	
 250:..\src/IMU_functions.c **** 	    ChipSelectorIMU(k_imu);
 251:..\src/IMU_functions.c **** 	    CyDelay(10);
 252:..\src/IMU_functions.c **** 	    InitIMU();
 253:..\src/IMU_functions.c **** 	    CyDelay(10); 
 254:..\src/IMU_functions.c ****     }
 255:..\src/IMU_functions.c ****     CyDelay(50);
 256:..\src/IMU_functions.c ****     
 257:..\src/IMU_functions.c ****     // Set Standard Read for the IMU
 258:..\src/IMU_functions.c ****     memset(&single_imu_size, 0, sizeof(single_imu_size));
 259:..\src/IMU_functions.c ****     imus_data_size = 1; //header    
 260:..\src/IMU_functions.c ****     for (k_imu = 0; k_imu < N_IMU_Connected; k_imu++)
 261:..\src/IMU_functions.c ****     {
 262:..\src/IMU_functions.c ****         single_imu_size[IMU_connected[k_imu]] = 1 + 6*c_mem.imu.IMU_conf[IMU_connected[k_imu]][0] +
 263:..\src/IMU_functions.c ****         imus_data_size = imus_data_size + single_imu_size[IMU_connected[k_imu]];
 264:..\src/IMU_functions.c ****     }
 265:..\src/IMU_functions.c ****     imus_data_size = imus_data_size + 1;    //checksum*/
 266:..\src/IMU_functions.c **** }
 163              		.loc 1 266 0
 164 0004 00BF     		nop
 165 0006 BD46     		mov	sp, r7
 166              		.cfi_def_cfa_register 13
 167              		@ sp needed
 168 0008 80BC     		pop	{r7}
 169              		.cfi_restore 7
 170              		.cfi_def_cfa_offset 0
 171 000a 7047     		bx	lr
 172              		.cfi_endproc
 173              	.LFE68:
 174              		.size	InitIMUgeneral, .-InitIMUgeneral
 175              		.section	.text.ReadIMU,"ax",%progbits
 176              		.align	2
 177              		.global	ReadIMU
 178              		.thumb
 179              		.thumb_func
 180              		.type	ReadIMU, %function
 181              	ReadIMU:
 182              	.LFB69:
 267:..\src/IMU_functions.c **** 
 268:..\src/IMU_functions.c **** /*******************************************************************************
 269:..\src/IMU_functions.c **** * Function Name: IMU Read
 270:..\src/IMU_functions.c **** *********************************************************************************/	
 271:..\src/IMU_functions.c **** void ReadIMU(int n)
 272:..\src/IMU_functions.c **** {/*
 183              		.loc 1 272 0
 184              		.cfi_startproc
ARM GAS  C:\Users\mgnocco\AppData\Local\Temp\ccQNm8f3.s 			page 9


 185              		@ args = 0, pretend = 0, frame = 8
 186              		@ frame_needed = 1, uses_anonymous_args = 0
 187              		@ link register save eliminated.
 188 0000 80B4     		push	{r7}
 189              		.cfi_def_cfa_offset 4
 190              		.cfi_offset 7, -4
 191 0002 83B0     		sub	sp, sp, #12
 192              		.cfi_def_cfa_offset 16
 193 0004 00AF     		add	r7, sp, #0
 194              		.cfi_def_cfa_register 7
 195 0006 7860     		str	r0, [r7, #4]
 273:..\src/IMU_functions.c ****     if (c_mem.imu.IMU_conf[n][0]) ReadAcc(n);
 274:..\src/IMU_functions.c ****     if (c_mem.imu.IMU_conf[n][1]) ReadGyro(n);
 275:..\src/IMU_functions.c ****     if (c_mem.imu.IMU_conf[n][2]) ReadMag(n);
 276:..\src/IMU_functions.c ****     if (c_mem.imu.IMU_conf[n][3]) ReadQuat(n);
 277:..\src/IMU_functions.c ****     if (c_mem.imu.IMU_conf[n][4]) ReadTemp(n);
 278:..\src/IMU_functions.c ****     */
 279:..\src/IMU_functions.c **** }
 196              		.loc 1 279 0
 197 0008 00BF     		nop
 198 000a 0C37     		adds	r7, r7, #12
 199              		.cfi_def_cfa_offset 4
 200 000c BD46     		mov	sp, r7
 201              		.cfi_def_cfa_register 13
 202              		@ sp needed
 203 000e 80BC     		pop	{r7}
 204              		.cfi_restore 7
 205              		.cfi_def_cfa_offset 0
 206 0010 7047     		bx	lr
 207              		.cfi_endproc
 208              	.LFE69:
 209              		.size	ReadIMU, .-ReadIMU
 210 0012 00BF     		.section	.text.ReadAcc,"ax",%progbits
 211              		.align	2
 212              		.global	ReadAcc
 213              		.thumb
 214              		.thumb_func
 215              		.type	ReadAcc, %function
 216              	ReadAcc:
 217              	.LFB70:
 280:..\src/IMU_functions.c **** 
 281:..\src/IMU_functions.c **** /*******************************************************************************
 282:..\src/IMU_functions.c **** * Function Name: Read Acc's Data of IMU n
 283:..\src/IMU_functions.c **** *********************************************************************************/
 284:..\src/IMU_functions.c **** void ReadAcc(int n)
 285:..\src/IMU_functions.c **** {/*
 218              		.loc 1 285 0
 219              		.cfi_startproc
 220              		@ args = 0, pretend = 0, frame = 8
 221              		@ frame_needed = 1, uses_anonymous_args = 0
 222              		@ link register save eliminated.
 223 0000 80B4     		push	{r7}
 224              		.cfi_def_cfa_offset 4
 225              		.cfi_offset 7, -4
 226 0002 83B0     		sub	sp, sp, #12
 227              		.cfi_def_cfa_offset 16
 228 0004 00AF     		add	r7, sp, #0
ARM GAS  C:\Users\mgnocco\AppData\Local\Temp\ccQNm8f3.s 			page 10


 229              		.cfi_def_cfa_register 7
 230 0006 7860     		str	r0, [r7, #4]
 286:..\src/IMU_functions.c **** 	uint8 low=0, high=0;
 287:..\src/IMU_functions.c **** 	
 288:..\src/IMU_functions.c **** 	int row = n;
 289:..\src/IMU_functions.c **** 	
 290:..\src/IMU_functions.c **** 	//read X
 291:..\src/IMU_functions.c ****     low=ReadControlRegisterIMU(MPU9250_ACCEL_XOUT_L);
 292:..\src/IMU_functions.c ****     SPI_delay();
 293:..\src/IMU_functions.c ****     high=ReadControlRegisterIMU(MPU9250_ACCEL_XOUT_H);
 294:..\src/IMU_functions.c ****     SPI_delay();
 295:..\src/IMU_functions.c ****     
 296:..\src/IMU_functions.c **** 	Accel[row][0] = high; 
 297:..\src/IMU_functions.c **** 	Accel[row][1] = low; 
 298:..\src/IMU_functions.c **** 	low=0, high=0;
 299:..\src/IMU_functions.c **** 			
 300:..\src/IMU_functions.c **** 	//read Y
 301:..\src/IMU_functions.c ****     low=ReadControlRegisterIMU(MPU9250_ACCEL_YOUT_L);
 302:..\src/IMU_functions.c ****     SPI_delay();
 303:..\src/IMU_functions.c **** 	high=ReadControlRegisterIMU(MPU9250_ACCEL_YOUT_H);
 304:..\src/IMU_functions.c ****     SPI_delay();
 305:..\src/IMU_functions.c **** 
 306:..\src/IMU_functions.c **** 	Accel[row][2] = high; 
 307:..\src/IMU_functions.c **** 	Accel[row][3] = low; 
 308:..\src/IMU_functions.c **** 	low=0, high=0;
 309:..\src/IMU_functions.c **** 		
 310:..\src/IMU_functions.c **** 	//read Z
 311:..\src/IMU_functions.c ****     low=ReadControlRegisterIMU(MPU9250_ACCEL_ZOUT_L);
 312:..\src/IMU_functions.c ****     SPI_delay();
 313:..\src/IMU_functions.c ****     high=ReadControlRegisterIMU(MPU9250_ACCEL_ZOUT_H);
 314:..\src/IMU_functions.c ****     SPI_delay();
 315:..\src/IMU_functions.c ****     
 316:..\src/IMU_functions.c **** 	Accel[row][4] = high; 
 317:..\src/IMU_functions.c **** 	Accel[row][5] = low;
 318:..\src/IMU_functions.c **** 	low=0, high=0;
 319:..\src/IMU_functions.c ****     */
 320:..\src/IMU_functions.c **** }
 231              		.loc 1 320 0
 232 0008 00BF     		nop
 233 000a 0C37     		adds	r7, r7, #12
 234              		.cfi_def_cfa_offset 4
 235 000c BD46     		mov	sp, r7
 236              		.cfi_def_cfa_register 13
 237              		@ sp needed
 238 000e 80BC     		pop	{r7}
 239              		.cfi_restore 7
 240              		.cfi_def_cfa_offset 0
 241 0010 7047     		bx	lr
 242              		.cfi_endproc
 243              	.LFE70:
 244              		.size	ReadAcc, .-ReadAcc
 245 0012 00BF     		.section	.text.ReadGyro,"ax",%progbits
 246              		.align	2
 247              		.global	ReadGyro
 248              		.thumb
 249              		.thumb_func
 250              		.type	ReadGyro, %function
ARM GAS  C:\Users\mgnocco\AppData\Local\Temp\ccQNm8f3.s 			page 11


 251              	ReadGyro:
 252              	.LFB71:
 321:..\src/IMU_functions.c **** 
 322:..\src/IMU_functions.c **** /*******************************************************************************
 323:..\src/IMU_functions.c **** * Function Name: Read Gyro's Data of IMU n
 324:..\src/IMU_functions.c **** *********************************************************************************/
 325:..\src/IMU_functions.c **** void ReadGyro(int n){
 253              		.loc 1 325 0
 254              		.cfi_startproc
 255              		@ args = 0, pretend = 0, frame = 8
 256              		@ frame_needed = 1, uses_anonymous_args = 0
 257              		@ link register save eliminated.
 258 0000 80B4     		push	{r7}
 259              		.cfi_def_cfa_offset 4
 260              		.cfi_offset 7, -4
 261 0002 83B0     		sub	sp, sp, #12
 262              		.cfi_def_cfa_offset 16
 263 0004 00AF     		add	r7, sp, #0
 264              		.cfi_def_cfa_register 7
 265 0006 7860     		str	r0, [r7, #4]
 326:..\src/IMU_functions.c ****     /*
 327:..\src/IMU_functions.c **** 	uint8 low=0, high=0;
 328:..\src/IMU_functions.c ****  
 329:..\src/IMU_functions.c **** 	int row = n;
 330:..\src/IMU_functions.c **** 	
 331:..\src/IMU_functions.c **** 	//read X
 332:..\src/IMU_functions.c **** 	low=ReadControlRegisterIMU(MPU9250_GYRO_XOUT_L);
 333:..\src/IMU_functions.c ****     SPI_delay();
 334:..\src/IMU_functions.c **** 	high=ReadControlRegisterIMU(MPU9250_GYRO_XOUT_H);
 335:..\src/IMU_functions.c ****     SPI_delay();
 336:..\src/IMU_functions.c ****     
 337:..\src/IMU_functions.c **** 	Gyro[row][0] = high; 
 338:..\src/IMU_functions.c **** 	Gyro[row][1] = low;
 339:..\src/IMU_functions.c **** 	low=0, high=0;
 340:..\src/IMU_functions.c ****     
 341:..\src/IMU_functions.c **** 	//read Y
 342:..\src/IMU_functions.c **** 	low=ReadControlRegisterIMU(MPU9250_GYRO_YOUT_L);
 343:..\src/IMU_functions.c ****     SPI_delay();
 344:..\src/IMU_functions.c **** 	high=ReadControlRegisterIMU(MPU9250_GYRO_YOUT_H);
 345:..\src/IMU_functions.c ****     SPI_delay();
 346:..\src/IMU_functions.c ****     
 347:..\src/IMU_functions.c **** 	Gyro[row][2] = high; 
 348:..\src/IMU_functions.c **** 	Gyro[row][3] = low;
 349:..\src/IMU_functions.c **** 	low=0, high=0;
 350:..\src/IMU_functions.c **** 
 351:..\src/IMU_functions.c **** 	//read Z
 352:..\src/IMU_functions.c ****     low=ReadControlRegisterIMU(MPU9250_GYRO_ZOUT_L);
 353:..\src/IMU_functions.c ****     SPI_delay();
 354:..\src/IMU_functions.c **** 	high=ReadControlRegisterIMU(MPU9250_GYRO_ZOUT_H);
 355:..\src/IMU_functions.c ****     SPI_delay();
 356:..\src/IMU_functions.c ****     
 357:..\src/IMU_functions.c **** 	Gyro[row][4] = high; 
 358:..\src/IMU_functions.c **** 	Gyro[row][5] = low;        
 359:..\src/IMU_functions.c **** 
 360:..\src/IMU_functions.c **** 	low=0, high=0;
 361:..\src/IMU_functions.c ****     */
 362:..\src/IMU_functions.c **** }
ARM GAS  C:\Users\mgnocco\AppData\Local\Temp\ccQNm8f3.s 			page 12


 266              		.loc 1 362 0
 267 0008 00BF     		nop
 268 000a 0C37     		adds	r7, r7, #12
 269              		.cfi_def_cfa_offset 4
 270 000c BD46     		mov	sp, r7
 271              		.cfi_def_cfa_register 13
 272              		@ sp needed
 273 000e 80BC     		pop	{r7}
 274              		.cfi_restore 7
 275              		.cfi_def_cfa_offset 0
 276 0010 7047     		bx	lr
 277              		.cfi_endproc
 278              	.LFE71:
 279              		.size	ReadGyro, .-ReadGyro
 280 0012 00BF     		.section	.text.ReadMag,"ax",%progbits
 281              		.align	2
 282              		.global	ReadMag
 283              		.thumb
 284              		.thumb_func
 285              		.type	ReadMag, %function
 286              	ReadMag:
 287              	.LFB72:
 363:..\src/IMU_functions.c **** 
 364:..\src/IMU_functions.c **** /*******************************************************************************
 365:..\src/IMU_functions.c **** * Function Name: Read Compas' Data of IMU n
 366:..\src/IMU_functions.c **** *********************************************************************************/
 367:..\src/IMU_functions.c **** void ReadMag(int n){
 288              		.loc 1 367 0
 289              		.cfi_startproc
 290              		@ args = 0, pretend = 0, frame = 8
 291              		@ frame_needed = 1, uses_anonymous_args = 0
 292              		@ link register save eliminated.
 293 0000 80B4     		push	{r7}
 294              		.cfi_def_cfa_offset 4
 295              		.cfi_offset 7, -4
 296 0002 83B0     		sub	sp, sp, #12
 297              		.cfi_def_cfa_offset 16
 298 0004 00AF     		add	r7, sp, #0
 299              		.cfi_def_cfa_register 7
 300 0006 7860     		str	r0, [r7, #4]
 368:..\src/IMU_functions.c ****     /*
 369:..\src/IMU_functions.c **** 	
 370:..\src/IMU_functions.c **** 	uint8 low, high;
 371:..\src/IMU_functions.c **** 	int row = n;	
 372:..\src/IMU_functions.c **** 	//read X
 373:..\src/IMU_functions.c **** 	low = ReadControlRegisterIMU(MPU9250_EXT_SENS_DATA_00);
 374:..\src/IMU_functions.c ****     SPI_delay();
 375:..\src/IMU_functions.c **** 	high = ReadControlRegisterIMU(MPU9250_EXT_SENS_DATA_01);		
 376:..\src/IMU_functions.c ****     SPI_delay();
 377:..\src/IMU_functions.c ****     
 378:..\src/IMU_functions.c **** 	Mag[row][0] = high; 
 379:..\src/IMU_functions.c **** 	Mag[row][1] = low;
 380:..\src/IMU_functions.c **** 	low=0, high=0;
 381:..\src/IMU_functions.c ****     
 382:..\src/IMU_functions.c **** 	//read Y
 383:..\src/IMU_functions.c **** 	low = ReadControlRegisterIMU(MPU9250_EXT_SENS_DATA_02);
 384:..\src/IMU_functions.c ****     SPI_delay();
ARM GAS  C:\Users\mgnocco\AppData\Local\Temp\ccQNm8f3.s 			page 13


 385:..\src/IMU_functions.c **** 	high = ReadControlRegisterIMU(MPU9250_EXT_SENS_DATA_03);		
 386:..\src/IMU_functions.c ****     SPI_delay();
 387:..\src/IMU_functions.c ****     
 388:..\src/IMU_functions.c **** 	Mag[row][2] = high; 
 389:..\src/IMU_functions.c **** 	Mag[row][3] = low;
 390:..\src/IMU_functions.c **** 	low=0, high=0;
 391:..\src/IMU_functions.c ****     
 392:..\src/IMU_functions.c **** 	//read Z
 393:..\src/IMU_functions.c **** 	low = ReadControlRegisterIMU(MPU9250_EXT_SENS_DATA_04);
 394:..\src/IMU_functions.c ****     SPI_delay();
 395:..\src/IMU_functions.c **** 	high = ReadControlRegisterIMU(MPU9250_EXT_SENS_DATA_05);
 396:..\src/IMU_functions.c ****     SPI_delay();
 397:..\src/IMU_functions.c **** 		
 398:..\src/IMU_functions.c **** 	Mag[row][4] = high; 
 399:..\src/IMU_functions.c **** 	Mag[row][5] = low;
 400:..\src/IMU_functions.c **** 	low=0, high=0;
 401:..\src/IMU_functions.c ****     */
 402:..\src/IMU_functions.c **** }
 301              		.loc 1 402 0
 302 0008 00BF     		nop
 303 000a 0C37     		adds	r7, r7, #12
 304              		.cfi_def_cfa_offset 4
 305 000c BD46     		mov	sp, r7
 306              		.cfi_def_cfa_register 13
 307              		@ sp needed
 308 000e 80BC     		pop	{r7}
 309              		.cfi_restore 7
 310              		.cfi_def_cfa_offset 0
 311 0010 7047     		bx	lr
 312              		.cfi_endproc
 313              	.LFE72:
 314              		.size	ReadMag, .-ReadMag
 315 0012 00BF     		.section	.text.ReadMagCal,"ax",%progbits
 316              		.align	2
 317              		.global	ReadMagCal
 318              		.thumb
 319              		.thumb_func
 320              		.type	ReadMagCal, %function
 321              	ReadMagCal:
 322              	.LFB73:
 403:..\src/IMU_functions.c **** 
 404:..\src/IMU_functions.c **** /********************************************************************************
 405:..\src/IMU_functions.c **** * Function Name: ReadMagCal
 406:..\src/IMU_functions.c **** *********************************************************************************/
 407:..\src/IMU_functions.c **** void ReadMagCal(int n){
 323              		.loc 1 407 0
 324              		.cfi_startproc
 325              		@ args = 0, pretend = 0, frame = 8
 326              		@ frame_needed = 1, uses_anonymous_args = 0
 327              		@ link register save eliminated.
 328 0000 80B4     		push	{r7}
 329              		.cfi_def_cfa_offset 4
 330              		.cfi_offset 7, -4
 331 0002 83B0     		sub	sp, sp, #12
 332              		.cfi_def_cfa_offset 16
 333 0004 00AF     		add	r7, sp, #0
 334              		.cfi_def_cfa_register 7
ARM GAS  C:\Users\mgnocco\AppData\Local\Temp\ccQNm8f3.s 			page 14


 335 0006 7860     		str	r0, [r7, #4]
 408:..\src/IMU_functions.c **** 	/*
 409:..\src/IMU_functions.c ****     uint8 read = 0; 
 410:..\src/IMU_functions.c **** 	int row = n;	
 411:..\src/IMU_functions.c **** 	//read X
 412:..\src/IMU_functions.c **** 	read = ReadControlRegisterIMU(MPU9250_EXT_SENS_DATA_00);
 413:..\src/IMU_functions.c ****     MagCal[row][0] = read; 
 414:..\src/IMU_functions.c ****     read = 0;
 415:..\src/IMU_functions.c ****     
 416:..\src/IMU_functions.c **** 	//read Y
 417:..\src/IMU_functions.c **** 	read = ReadControlRegisterIMU(MPU9250_EXT_SENS_DATA_01);			
 418:..\src/IMU_functions.c **** 	MagCal[row][1] = read; 
 419:..\src/IMU_functions.c **** 	read = 0;
 420:..\src/IMU_functions.c ****     
 421:..\src/IMU_functions.c **** 	//read Z
 422:..\src/IMU_functions.c **** 	read = ReadControlRegisterIMU(MPU9250_EXT_SENS_DATA_02);			
 423:..\src/IMU_functions.c **** 	MagCal[row][2] = read; 
 424:..\src/IMU_functions.c **** 	read = 0;
 425:..\src/IMU_functions.c ****     */
 426:..\src/IMU_functions.c **** }
 336              		.loc 1 426 0
 337 0008 00BF     		nop
 338 000a 0C37     		adds	r7, r7, #12
 339              		.cfi_def_cfa_offset 4
 340 000c BD46     		mov	sp, r7
 341              		.cfi_def_cfa_register 13
 342              		@ sp needed
 343 000e 80BC     		pop	{r7}
 344              		.cfi_restore 7
 345              		.cfi_def_cfa_offset 0
 346 0010 7047     		bx	lr
 347              		.cfi_endproc
 348              	.LFE73:
 349              		.size	ReadMagCal, .-ReadMagCal
 350 0012 00BF     		.section	.text.ReadQuat,"ax",%progbits
 351              		.align	2
 352              		.global	ReadQuat
 353              		.thumb
 354              		.thumb_func
 355              		.type	ReadQuat, %function
 356              	ReadQuat:
 357              	.LFB74:
 427:..\src/IMU_functions.c ****     
 428:..\src/IMU_functions.c **** /*******************************************************************************
 429:..\src/IMU_functions.c **** * Function Name: Read Quaternion of IMU n
 430:..\src/IMU_functions.c **** *********************************************************************************/
 431:..\src/IMU_functions.c **** void ReadQuat(int n)
 432:..\src/IMU_functions.c **** {/*
 358              		.loc 1 432 0
 359              		.cfi_startproc
 360              		@ args = 0, pretend = 0, frame = 8
 361              		@ frame_needed = 1, uses_anonymous_args = 0
 362              		@ link register save eliminated.
 363 0000 80B4     		push	{r7}
 364              		.cfi_def_cfa_offset 4
 365              		.cfi_offset 7, -4
 366 0002 83B0     		sub	sp, sp, #12
ARM GAS  C:\Users\mgnocco\AppData\Local\Temp\ccQNm8f3.s 			page 15


 367              		.cfi_def_cfa_offset 16
 368 0004 00AF     		add	r7, sp, #0
 369              		.cfi_def_cfa_register 7
 370 0006 7860     		str	r0, [r7, #4]
 433:..\src/IMU_functions.c ****     int16 var_h;
 434:..\src/IMU_functions.c ****     float qd0,qd1,qd2,qd3;        
 435:..\src/IMU_functions.c ****     float aP[3]; //, fa[3];
 436:..\src/IMU_functions.c ****     float Napla[4],g[4],qL[4];
 437:..\src/IMU_functions.c **** 
 438:..\src/IMU_functions.c ****     if (!c_mem.imu.IMU_conf[n][0]) ReadAcc(n);
 439:..\src/IMU_functions.c ****     if (!c_mem.imu.IMU_conf[n][1]) ReadGyro(n);
 440:..\src/IMU_functions.c ****     
 441:..\src/IMU_functions.c ****     // assume cycle time is the same of last function_scheduler execution,
 442:..\src/IMU_functions.c ****     // without adding another counter
 443:..\src/IMU_functions.c ****     
 444:..\src/IMU_functions.c ****     // how N sees P; N is 'Earth' equivalent, P is for sensor
 445:..\src/IMU_functions.c ****     // e.g. N = imu1, P = imu0, how imu1 sees imu0
 446:..\src/IMU_functions.c **** 
 447:..\src/IMU_functions.c ****     var_h = Accel[n][0];
 448:..\src/IMU_functions.c ****     aP[0] = (int16_t)(var_h << 8 | Accel[n][1])*TICK2ACC; 
 449:..\src/IMU_functions.c ****     var_h = Accel[n][2];
 450:..\src/IMU_functions.c ****     aP[1] = (int16_t)(var_h << 8 | Accel[n][3])*TICK2ACC; 
 451:..\src/IMU_functions.c ****     var_h = Accel[n][4];
 452:..\src/IMU_functions.c ****     aP[2] = (int16_t)(var_h << 8 | Accel[n][5])*TICK2ACC;
 453:..\src/IMU_functions.c ****     
 454:..\src/IMU_functions.c ****     g[0] = 0;
 455:..\src/IMU_functions.c ****     var_h = Gyro[n][0];
 456:..\src/IMU_functions.c ****     g[1] = ((int16)(var_h << 8 | Gyro[n][1]))*TICK2GYRO;
 457:..\src/IMU_functions.c ****     if ( fabs(g[1]) < GYRO_THR ) g[1] = 0;
 458:..\src/IMU_functions.c ****     var_h = Gyro[n][2];
 459:..\src/IMU_functions.c ****     g[2] = ((int16)(var_h << 8 | Gyro[n][3]))*TICK2GYRO; 
 460:..\src/IMU_functions.c ****     if ( fabs(g[2]) < GYRO_THR ) g[2] = 0;
 461:..\src/IMU_functions.c ****     var_h = Gyro[n][4];
 462:..\src/IMU_functions.c ****     g[3] = ((int16)(var_h << 8 | Gyro[n][5]))*TICK2GYRO;
 463:..\src/IMU_functions.c ****     if ( fabs(g[3]) < GYRO_THR ) g[3] = 0;
 464:..\src/IMU_functions.c ****     
 465:..\src/IMU_functions.c ****     // Normalize to 1
 466:..\src/IMU_functions.c ****     v3_normalize(aP);
 467:..\src/IMU_functions.c ****     
 468:..\src/IMU_functions.c ****     // Current quaternion assignment
 469:..\src/IMU_functions.c ****     qL[0] = Quat[n][0];
 470:..\src/IMU_functions.c ****     qL[1] = Quat[n][1];
 471:..\src/IMU_functions.c ****     qL[2] = Quat[n][2];
 472:..\src/IMU_functions.c ****     qL[3] = Quat[n][3];   
 473:..\src/IMU_functions.c ****     
 474:..\src/IMU_functions.c ****     // Napla computation
 475:..\src/IMU_functions.c ****     Napla[0] = (-qL[2]*((2*(qL[1]*qL[3]-qL[0]*qL[2]) - aP[0])) + qL[1]*((2*(qL[0]*qL[1] + qL[2]*qL[
 476:..\src/IMU_functions.c ****     Napla[1] = (qL[3]*((2*(qL[1]*qL[3]-qL[0]*qL[2]) - aP[0])) + qL[0]*((2*(qL[0]*qL[1] + qL[2]*qL[3
 477:..\src/IMU_functions.c ****     Napla[2] = (-qL[0]*((2*(qL[1]*qL[3]-qL[0]*qL[2]) - aP[0])) +qL[3]*((2*(qL[0]*qL[1] + qL[2]*qL[3
 478:..\src/IMU_functions.c ****     Napla[3] = (qL[1]*((2*(qL[1]*qL[3]-qL[0]*qL[2]) - aP[0])) + qL[2]*((2*(qL[0]*qL[1] + qL[2]*qL[3
 479:..\src/IMU_functions.c ****     
 480:..\src/IMU_functions.c ****     qd0 = 0.5*(-(qL[1]*g[1] + qL[2]*g[2] + qL[3]*g[3])) - Napla[0];
 481:..\src/IMU_functions.c ****     qd1 = 0.5*(qL[0]*g[1] + (qL[2]*g[3] - qL[3]*g[2])) - Napla[1];
 482:..\src/IMU_functions.c ****     qd2 = 0.5*(qL[0]*g[2] + (qL[3]*g[1] - qL[1]*g[3])) - Napla[2];
 483:..\src/IMU_functions.c ****     qd3 = 0.5*(qL[0]*g[3] + (qL[1]*g[2] - qL[2]*g[1])) - Napla[3];
 484:..\src/IMU_functions.c ****             
 485:..\src/IMU_functions.c ****     qL[0] = qL[0] + qd0*cycle_time;
ARM GAS  C:\Users\mgnocco\AppData\Local\Temp\ccQNm8f3.s 			page 16


 486:..\src/IMU_functions.c ****     qL[1] = qL[1] + qd1*cycle_time;
 487:..\src/IMU_functions.c ****     qL[2] = qL[2] + qd2*cycle_time;
 488:..\src/IMU_functions.c ****     qL[3] = qL[3] + qd3*cycle_time;
 489:..\src/IMU_functions.c ****     
 490:..\src/IMU_functions.c ****     if (sqrt(qL[0]*qL[0] + qL[1]*qL[1] + qL[2]*qL[2] + qL[3]*qL[3]) == 0) {
 491:..\src/IMU_functions.c **** 	    qL[0] = Quat[n][0];
 492:..\src/IMU_functions.c **** 	    qL[1] = Quat[n][1];
 493:..\src/IMU_functions.c **** 	    qL[2] = Quat[n][2];
 494:..\src/IMU_functions.c **** 	    qL[3] = Quat[n][3];
 495:..\src/IMU_functions.c ****     }
 496:..\src/IMU_functions.c ****         
 497:..\src/IMU_functions.c ****     v4_normalize(qL);
 498:..\src/IMU_functions.c ****     
 499:..\src/IMU_functions.c ****     // Quaternion update      
 500:..\src/IMU_functions.c ****     Quat[n][0] = qL[0];
 501:..\src/IMU_functions.c ****     Quat[n][1] = qL[1];
 502:..\src/IMU_functions.c ****     Quat[n][2] = qL[2];
 503:..\src/IMU_functions.c ****     Quat[n][3] = qL[3];
 504:..\src/IMU_functions.c ****     */
 505:..\src/IMU_functions.c **** }
 371              		.loc 1 505 0
 372 0008 00BF     		nop
 373 000a 0C37     		adds	r7, r7, #12
 374              		.cfi_def_cfa_offset 4
 375 000c BD46     		mov	sp, r7
 376              		.cfi_def_cfa_register 13
 377              		@ sp needed
 378 000e 80BC     		pop	{r7}
 379              		.cfi_restore 7
 380              		.cfi_def_cfa_offset 0
 381 0010 7047     		bx	lr
 382              		.cfi_endproc
 383              	.LFE74:
 384              		.size	ReadQuat, .-ReadQuat
 385 0012 00BF     		.section	.text.ReadAllIMUs,"ax",%progbits
 386              		.align	2
 387              		.global	ReadAllIMUs
 388              		.thumb
 389              		.thumb_func
 390              		.type	ReadAllIMUs, %function
 391              	ReadAllIMUs:
 392              	.LFB75:
 506:..\src/IMU_functions.c **** 
 507:..\src/IMU_functions.c **** /********************************************************************************
 508:..\src/IMU_functions.c **** * Function Name: ReadAllIMUs
 509:..\src/IMU_functions.c **** *********************************************************************************/
 510:..\src/IMU_functions.c **** void ReadAllIMUs(){
 393              		.loc 1 510 0
 394              		.cfi_startproc
 395              		@ args = 0, pretend = 0, frame = 0
 396              		@ frame_needed = 1, uses_anonymous_args = 0
 397              		@ link register save eliminated.
 398 0000 80B4     		push	{r7}
 399              		.cfi_def_cfa_offset 4
 400              		.cfi_offset 7, -4
 401 0002 00AF     		add	r7, sp, #0
 402              		.cfi_def_cfa_register 7
ARM GAS  C:\Users\mgnocco\AppData\Local\Temp\ccQNm8f3.s 			page 17


 511:..\src/IMU_functions.c ****     /*
 512:..\src/IMU_functions.c ****     static uint8 k_imu = 0;
 513:..\src/IMU_functions.c ****     uint16 tmp = 0, j = 0;
 514:..\src/IMU_functions.c **** 
 515:..\src/IMU_functions.c ****     for (k_imu = 0; k_imu < N_IMU_Connected; k_imu++){ 
 516:..\src/IMU_functions.c ****         // Read k_imu IMU
 517:..\src/IMU_functions.c ****         ChipSelectorIMU(IMU_connected[k_imu]);
 518:..\src/IMU_functions.c ****         ReadIMU(IMU_connected[k_imu]);
 519:..\src/IMU_functions.c ****         
 520:..\src/IMU_functions.c ****         for (j = 0; j < 3; j++) {
 521:..\src/IMU_functions.c ****             tmp = Accel[IMU_connected[k_imu]][2*j];
 522:..\src/IMU_functions.c ****             g_imuNew[k_imu].accel_value[j] = (int16)(tmp<<8 | Accel[IMU_connected[k_imu]][2*j + 1])
 523:..\src/IMU_functions.c ****         }
 524:..\src/IMU_functions.c ****         
 525:..\src/IMU_functions.c ****         for (j = 0; j < 3; j++) {
 526:..\src/IMU_functions.c ****             tmp = Gyro[IMU_connected[k_imu]][2*j];
 527:..\src/IMU_functions.c ****             g_imuNew[k_imu].gyro_value[j] = (int16)(tmp<<8 | Gyro[IMU_connected[k_imu]][2*j + 1]);
 528:..\src/IMU_functions.c ****         }
 529:..\src/IMU_functions.c ****                 
 530:..\src/IMU_functions.c ****         for (j = 0; j < 3; j++) {
 531:..\src/IMU_functions.c ****             tmp = Mag[IMU_connected[k_imu]][2*j];
 532:..\src/IMU_functions.c ****             g_imuNew[k_imu].mag_value[j] = (int16)(tmp<<8 | Mag[IMU_connected[k_imu]][2*j + 1]);
 533:..\src/IMU_functions.c ****         }  
 534:..\src/IMU_functions.c **** 
 535:..\src/IMU_functions.c ****         for (j = 0; j < 4; j++) {
 536:..\src/IMU_functions.c ****             g_imuNew[k_imu].quat_value[j] = (float)(Quat[IMU_connected[k_imu]][j]);
 537:..\src/IMU_functions.c ****         }
 538:..\src/IMU_functions.c ****         
 539:..\src/IMU_functions.c ****         tmp = Temp[IMU_connected[k_imu]][0];
 540:..\src/IMU_functions.c ****         g_imuNew[k_imu].temp_value = (int16)(tmp<<8 | Temp[IMU_connected[k_imu]][1]);
 541:..\src/IMU_functions.c ****     }
 542:..\src/IMU_functions.c ****     */
 543:..\src/IMU_functions.c **** }
 403              		.loc 1 543 0
 404 0004 00BF     		nop
 405 0006 BD46     		mov	sp, r7
 406              		.cfi_def_cfa_register 13
 407              		@ sp needed
 408 0008 80BC     		pop	{r7}
 409              		.cfi_restore 7
 410              		.cfi_def_cfa_offset 0
 411 000a 7047     		bx	lr
 412              		.cfi_endproc
 413              	.LFE75:
 414              		.size	ReadAllIMUs, .-ReadAllIMUs
 415              		.section	.text.ReadTemp,"ax",%progbits
 416              		.align	2
 417              		.global	ReadTemp
 418              		.thumb
 419              		.thumb_func
 420              		.type	ReadTemp, %function
 421              	ReadTemp:
 422              	.LFB76:
 544:..\src/IMU_functions.c **** 
 545:..\src/IMU_functions.c **** /*******************************************************************************
 546:..\src/IMU_functions.c **** * Function Name: Read Temperature Data of IMU n
 547:..\src/IMU_functions.c **** *********************************************************************************/
ARM GAS  C:\Users\mgnocco\AppData\Local\Temp\ccQNm8f3.s 			page 18


 548:..\src/IMU_functions.c **** void ReadTemp(int n)
 549:..\src/IMU_functions.c **** {/*
 423              		.loc 1 549 0
 424              		.cfi_startproc
 425              		@ args = 0, pretend = 0, frame = 8
 426              		@ frame_needed = 1, uses_anonymous_args = 0
 427              		@ link register save eliminated.
 428 0000 80B4     		push	{r7}
 429              		.cfi_def_cfa_offset 4
 430              		.cfi_offset 7, -4
 431 0002 83B0     		sub	sp, sp, #12
 432              		.cfi_def_cfa_offset 16
 433 0004 00AF     		add	r7, sp, #0
 434              		.cfi_def_cfa_register 7
 435 0006 7860     		str	r0, [r7, #4]
 550:..\src/IMU_functions.c **** 	uint8 low=0, high=0;	
 551:..\src/IMU_functions.c **** 	int row = n;
 552:..\src/IMU_functions.c **** 	
 553:..\src/IMU_functions.c **** 	//read X
 554:..\src/IMU_functions.c ****     low=ReadControlRegisterIMU(MPU9250_TEMP_OUT_L);
 555:..\src/IMU_functions.c ****     SPI_delay();
 556:..\src/IMU_functions.c **** 	high=ReadControlRegisterIMU(MPU9250_TEMP_OUT_H);
 557:..\src/IMU_functions.c ****     SPI_delay();
 558:..\src/IMU_functions.c **** 
 559:..\src/IMU_functions.c **** 	Temp[row][0] = high; 
 560:..\src/IMU_functions.c **** 	Temp[row][1] = low; 
 561:..\src/IMU_functions.c **** 	low=0, high=0;
 562:..\src/IMU_functions.c ****     */
 563:..\src/IMU_functions.c **** }
 436              		.loc 1 563 0
 437 0008 00BF     		nop
 438 000a 0C37     		adds	r7, r7, #12
 439              		.cfi_def_cfa_offset 4
 440 000c BD46     		mov	sp, r7
 441              		.cfi_def_cfa_register 13
 442              		@ sp needed
 443 000e 80BC     		pop	{r7}
 444              		.cfi_restore 7
 445              		.cfi_def_cfa_offset 0
 446 0010 7047     		bx	lr
 447              		.cfi_endproc
 448              	.LFE76:
 449              		.size	ReadTemp, .-ReadTemp
 450 0012 00BF     		.section	.text.WriteControlRegisterIMU,"ax",%progbits
 451              		.align	2
 452              		.global	WriteControlRegisterIMU
 453              		.thumb
 454              		.thumb_func
 455              		.type	WriteControlRegisterIMU, %function
 456              	WriteControlRegisterIMU:
 457              	.LFB77:
 564:..\src/IMU_functions.c **** 
 565:..\src/IMU_functions.c **** /********************************** *********************************************
 566:..\src/IMU_functions.c **** * Function Name: Write Control Register
 567:..\src/IMU_functions.c **** *********************************************************************************/
 568:..\src/IMU_functions.c **** void WriteControlRegisterIMU(uint8 address, uint8 dta){
 458              		.loc 1 568 0
ARM GAS  C:\Users\mgnocco\AppData\Local\Temp\ccQNm8f3.s 			page 19


 459              		.cfi_startproc
 460              		@ args = 0, pretend = 0, frame = 8
 461              		@ frame_needed = 1, uses_anonymous_args = 0
 462              		@ link register save eliminated.
 463 0000 80B4     		push	{r7}
 464              		.cfi_def_cfa_offset 4
 465              		.cfi_offset 7, -4
 466 0002 83B0     		sub	sp, sp, #12
 467              		.cfi_def_cfa_offset 16
 468 0004 00AF     		add	r7, sp, #0
 469              		.cfi_def_cfa_register 7
 470 0006 0346     		mov	r3, r0
 471 0008 0A46     		mov	r2, r1
 472 000a FB71     		strb	r3, [r7, #7]
 473 000c 1346     		mov	r3, r2
 474 000e BB71     		strb	r3, [r7, #6]
 569:..\src/IMU_functions.c **** 	/*
 570:..\src/IMU_functions.c **** 	SPI_IMU_ClearRxBuffer();
 571:..\src/IMU_functions.c **** 	SPI_IMU_ClearTxBuffer();
 572:..\src/IMU_functions.c **** 	SPI_IMU_ClearFIFO();
 573:..\src/IMU_functions.c **** 	SPI_IMU_WriteByte(MPU9250_WCR | address);
 574:..\src/IMU_functions.c **** 	while(!( SPI_IMU_ReadStatus() & SPI_IMU_STS_TX_FIFO_EMPTY));		
 575:..\src/IMU_functions.c **** 	SPI_IMU_WriteByte(dta);
 576:..\src/IMU_functions.c **** 	while(!( SPI_IMU_ReadStatus() & SPI_IMU_STS_TX_FIFO_EMPTY));
 577:..\src/IMU_functions.c ****     */
 578:..\src/IMU_functions.c **** }
 475              		.loc 1 578 0
 476 0010 00BF     		nop
 477 0012 0C37     		adds	r7, r7, #12
 478              		.cfi_def_cfa_offset 4
 479 0014 BD46     		mov	sp, r7
 480              		.cfi_def_cfa_register 13
 481              		@ sp needed
 482 0016 80BC     		pop	{r7}
 483              		.cfi_restore 7
 484              		.cfi_def_cfa_offset 0
 485 0018 7047     		bx	lr
 486              		.cfi_endproc
 487              	.LFE77:
 488              		.size	WriteControlRegisterIMU, .-WriteControlRegisterIMU
 489 001a 00BF     		.section	.text.ReadControlRegisterIMU,"ax",%progbits
 490              		.align	2
 491              		.global	ReadControlRegisterIMU
 492              		.thumb
 493              		.thumb_func
 494              		.type	ReadControlRegisterIMU, %function
 495              	ReadControlRegisterIMU:
 496              	.LFB78:
 579:..\src/IMU_functions.c **** 
 580:..\src/IMU_functions.c **** /*******************************************************************************
 581:..\src/IMU_functions.c **** * Function Name: Read Control Register
 582:..\src/IMU_functions.c **** *********************************************************************************/
 583:..\src/IMU_functions.c **** uint8 ReadControlRegisterIMU(uint8 address){
 497              		.loc 1 583 0
 498              		.cfi_startproc
 499              		@ args = 0, pretend = 0, frame = 8
 500              		@ frame_needed = 1, uses_anonymous_args = 0
ARM GAS  C:\Users\mgnocco\AppData\Local\Temp\ccQNm8f3.s 			page 20


 501              		@ link register save eliminated.
 502 0000 80B4     		push	{r7}
 503              		.cfi_def_cfa_offset 4
 504              		.cfi_offset 7, -4
 505 0002 83B0     		sub	sp, sp, #12
 506              		.cfi_def_cfa_offset 16
 507 0004 00AF     		add	r7, sp, #0
 508              		.cfi_def_cfa_register 7
 509 0006 0346     		mov	r3, r0
 510 0008 FB71     		strb	r3, [r7, #7]
 584:..\src/IMU_functions.c ****     /*
 585:..\src/IMU_functions.c **** 	uint8 controlreg = 0;
 586:..\src/IMU_functions.c **** 	
 587:..\src/IMU_functions.c **** 	SPI_IMU_WriteByte(MPU9250_RCR | address);
 588:..\src/IMU_functions.c ****     while(!( SPI_IMU_ReadStatus() & SPI_IMU_STS_TX_FIFO_EMPTY));
 589:..\src/IMU_functions.c ****     SPI_IMU_WriteByte(0x00);
 590:..\src/IMU_functions.c **** 	while(!( SPI_IMU_ReadStatus() & SPI_IMU_STS_SPI_DONE));
 591:..\src/IMU_functions.c **** 	controlreg = SPI_IMU_ReadByte();        //real data
 592:..\src/IMU_functions.c **** 	return controlreg;
 593:..\src/IMU_functions.c ****     */
 594:..\src/IMU_functions.c **** }
 511              		.loc 1 594 0
 512 000a 00BF     		nop
 513 000c 1846     		mov	r0, r3
 514 000e 0C37     		adds	r7, r7, #12
 515              		.cfi_def_cfa_offset 4
 516 0010 BD46     		mov	sp, r7
 517              		.cfi_def_cfa_register 13
 518              		@ sp needed
 519 0012 80BC     		pop	{r7}
 520              		.cfi_restore 7
 521              		.cfi_def_cfa_offset 0
 522 0014 7047     		bx	lr
 523              		.cfi_endproc
 524              	.LFE78:
 525              		.size	ReadControlRegisterIMU, .-ReadControlRegisterIMU
 526 0016 00BF     		.section	.text.SPI_delay,"ax",%progbits
 527              		.align	2
 528              		.global	SPI_delay
 529              		.thumb
 530              		.thumb_func
 531              		.type	SPI_delay, %function
 532              	SPI_delay:
 533              	.LFB79:
 595:..\src/IMU_functions.c **** 
 596:..\src/IMU_functions.c **** /*******************************************************************************
 597:..\src/IMU_functions.c **** * Function Name: SPI delay
 598:..\src/IMU_functions.c **** *********************************************************************************/
 599:..\src/IMU_functions.c **** void SPI_delay(){
 534              		.loc 1 599 0
 535              		.cfi_startproc
 536              		@ args = 0, pretend = 0, frame = 0
 537              		@ frame_needed = 1, uses_anonymous_args = 0
 538              		@ link register save eliminated.
 539 0000 80B4     		push	{r7}
 540              		.cfi_def_cfa_offset 4
 541              		.cfi_offset 7, -4
ARM GAS  C:\Users\mgnocco\AppData\Local\Temp\ccQNm8f3.s 			page 21


 542 0002 00AF     		add	r7, sp, #0
 543              		.cfi_def_cfa_register 7
 600:..\src/IMU_functions.c ****     /*
 601:..\src/IMU_functions.c ****     switch( c_mem.imu.SPI_read_delay ) {
 602:..\src/IMU_functions.c ****         case 1:     // Low
 603:..\src/IMU_functions.c ****             CyDelayUs((uint16)SPI_DELAY_LOW);
 604:..\src/IMU_functions.c ****             break;
 605:..\src/IMU_functions.c ****         case 2:     // High
 606:..\src/IMU_functions.c ****             CyDelayUs((uint16)SPI_DELAY_HIGH);
 607:..\src/IMU_functions.c ****             break;
 608:..\src/IMU_functions.c ****         default:    // None
 609:..\src/IMU_functions.c ****             break;
 610:..\src/IMU_functions.c ****     }
 611:..\src/IMU_functions.c ****     */
 612:..\src/IMU_functions.c **** }...
 544              		.loc 1 612 0
 545 0004 00BF     		nop
 546 0006 BD46     		mov	sp, r7
 547              		.cfi_def_cfa_register 13
 548              		@ sp needed
 549 0008 80BC     		pop	{r7}
 550              		.cfi_restore 7
 551              		.cfi_def_cfa_offset 0
 552 000a 7047     		bx	lr
 553              		.cfi_endproc
 554              	.LFE79:
 555              		.size	SPI_delay, .-SPI_delay
 556              		.text
 557              	.Letext0:
 558              		.file 2 "c:\\program files (x86)\\cypress\\psoc creator\\4.4\\psoc creator\\import\\gnu\\arm\\5.4.
 559              		.file 3 "c:\\program files (x86)\\cypress\\psoc creator\\4.4\\psoc creator\\import\\gnu\\arm\\5.4.
 560              		.file 4 "Generated_Source\\PSoC5/cytypes.h"
 561              		.file 5 "Generated_Source\\PSoC5/core_cm3.h"
 562              		.section	.debug_info,"",%progbits
 563              	.Ldebug_info0:
 564 0000 A3020000 		.4byte	0x2a3
 565 0004 0400     		.2byte	0x4
 566 0006 00000000 		.4byte	.Ldebug_abbrev0
 567 000a 04       		.byte	0x4
 568 000b 01       		.uleb128 0x1
 569 000c 09000000 		.4byte	.LASF33
 570 0010 0C       		.byte	0xc
 571 0011 3A010000 		.4byte	.LASF34
 572 0015 51010000 		.4byte	.LASF35
 573 0019 00000000 		.4byte	.Ldebug_ranges0+0
 574 001d 00000000 		.4byte	0
 575 0021 00000000 		.4byte	.Ldebug_line0
 576 0025 02       		.uleb128 0x2
 577 0026 01       		.byte	0x1
 578 0027 06       		.byte	0x6
 579 0028 93020000 		.4byte	.LASF0
 580 002c 02       		.uleb128 0x2
 581 002d 01       		.byte	0x1
 582 002e 08       		.byte	0x8
 583 002f 07010000 		.4byte	.LASF1
 584 0033 02       		.uleb128 0x2
 585 0034 02       		.byte	0x2
ARM GAS  C:\Users\mgnocco\AppData\Local\Temp\ccQNm8f3.s 			page 22


 586 0035 05       		.byte	0x5
 587 0036 C1010000 		.4byte	.LASF2
 588 003a 02       		.uleb128 0x2
 589 003b 02       		.byte	0x2
 590 003c 07       		.byte	0x7
 591 003d AF000000 		.4byte	.LASF3
 592 0041 03       		.uleb128 0x3
 593 0042 A5000000 		.4byte	.LASF9
 594 0046 02       		.byte	0x2
 595 0047 3F       		.byte	0x3f
 596 0048 4C000000 		.4byte	0x4c
 597 004c 02       		.uleb128 0x2
 598 004d 04       		.byte	0x4
 599 004e 05       		.byte	0x5
 600 004f 7E020000 		.4byte	.LASF4
 601 0053 02       		.uleb128 0x2
 602 0054 04       		.byte	0x4
 603 0055 07       		.byte	0x7
 604 0056 15010000 		.4byte	.LASF5
 605 005a 02       		.uleb128 0x2
 606 005b 08       		.byte	0x8
 607 005c 05       		.byte	0x5
 608 005d 26020000 		.4byte	.LASF6
 609 0061 02       		.uleb128 0x2
 610 0062 08       		.byte	0x8
 611 0063 07       		.byte	0x7
 612 0064 F0000000 		.4byte	.LASF7
 613 0068 04       		.uleb128 0x4
 614 0069 04       		.byte	0x4
 615 006a 05       		.byte	0x5
 616 006b 696E7400 		.ascii	"int\000"
 617 006f 02       		.uleb128 0x2
 618 0070 04       		.byte	0x4
 619 0071 07       		.byte	0x7
 620 0072 CB010000 		.4byte	.LASF8
 621 0076 03       		.uleb128 0x3
 622 0077 06020000 		.4byte	.LASF10
 623 007b 03       		.byte	0x3
 624 007c 2C       		.byte	0x2c
 625 007d 41000000 		.4byte	0x41
 626 0081 05       		.uleb128 0x5
 627 0082 27010000 		.4byte	.LASF11
 628 0086 04       		.byte	0x4
 629 0087 E401     		.2byte	0x1e4
 630 0089 2C000000 		.4byte	0x2c
 631 008d 02       		.uleb128 0x2
 632 008e 04       		.byte	0x4
 633 008f 04       		.byte	0x4
 634 0090 E2000000 		.4byte	.LASF12
 635 0094 02       		.uleb128 0x2
 636 0095 08       		.byte	0x8
 637 0096 04       		.byte	0x4
 638 0097 BA010000 		.4byte	.LASF13
 639 009b 02       		.uleb128 0x2
 640 009c 01       		.byte	0x1
 641 009d 08       		.byte	0x8
 642 009e F7010000 		.4byte	.LASF14
ARM GAS  C:\Users\mgnocco\AppData\Local\Temp\ccQNm8f3.s 			page 23


 643 00a2 02       		.uleb128 0x2
 644 00a3 08       		.byte	0x8
 645 00a4 04       		.byte	0x4
 646 00a5 87020000 		.4byte	.LASF15
 647 00a9 02       		.uleb128 0x2
 648 00aa 04       		.byte	0x4
 649 00ab 07       		.byte	0x7
 650 00ac 0E020000 		.4byte	.LASF16
 651 00b0 06       		.uleb128 0x6
 652 00b1 FC010000 		.4byte	.LASF17
 653 00b5 01       		.byte	0x1
 654 00b6 37       		.byte	0x37
 655 00b7 00000000 		.4byte	.LFB64
 656 00bb 0C000000 		.4byte	.LFE64-.LFB64
 657 00bf 01       		.uleb128 0x1
 658 00c0 9C       		.byte	0x9c
 659 00c1 06       		.uleb128 0x6
 660 00c2 E8000000 		.4byte	.LASF18
 661 00c6 01       		.byte	0x1
 662 00c7 4D       		.byte	0x4d
 663 00c8 00000000 		.4byte	.LFB65
 664 00cc 0C000000 		.4byte	.LFE65-.LFB65
 665 00d0 01       		.uleb128 0x1
 666 00d1 9C       		.byte	0x9c
 667 00d2 06       		.uleb128 0x6
 668 00d3 97000000 		.4byte	.LASF19
 669 00d7 01       		.byte	0x1
 670 00d8 7A       		.byte	0x7a
 671 00d9 00000000 		.4byte	.LFB66
 672 00dd 0C000000 		.4byte	.LFE66-.LFB66
 673 00e1 01       		.uleb128 0x1
 674 00e2 9C       		.byte	0x9c
 675 00e3 07       		.uleb128 0x7
 676 00e4 46020000 		.4byte	.LASF21
 677 00e8 01       		.byte	0x1
 678 00e9 A3       		.byte	0xa3
 679 00ea 00000000 		.4byte	.LFB67
 680 00ee 12000000 		.4byte	.LFE67-.LFB67
 681 00f2 01       		.uleb128 0x1
 682 00f3 9C       		.byte	0x9c
 683 00f4 05010000 		.4byte	0x105
 684 00f8 08       		.uleb128 0x8
 685 00f9 6E00     		.ascii	"n\000"
 686 00fb 01       		.byte	0x1
 687 00fc A3       		.byte	0xa3
 688 00fd 68000000 		.4byte	0x68
 689 0101 02       		.uleb128 0x2
 690 0102 91       		.byte	0x91
 691 0103 74       		.sleb128 -12
 692 0104 00       		.byte	0
 693 0105 06       		.uleb128 0x6
 694 0106 17020000 		.4byte	.LASF20
 695 010a 01       		.byte	0x1
 696 010b AE       		.byte	0xae
 697 010c 00000000 		.4byte	.LFB68
 698 0110 0C000000 		.4byte	.LFE68-.LFB68
 699 0114 01       		.uleb128 0x1
ARM GAS  C:\Users\mgnocco\AppData\Local\Temp\ccQNm8f3.s 			page 24


 700 0115 9C       		.byte	0x9c
 701 0116 09       		.uleb128 0x9
 702 0117 6B020000 		.4byte	.LASF22
 703 011b 01       		.byte	0x1
 704 011c 0F01     		.2byte	0x10f
 705 011e 00000000 		.4byte	.LFB69
 706 0122 12000000 		.4byte	.LFE69-.LFB69
 707 0126 01       		.uleb128 0x1
 708 0127 9C       		.byte	0x9c
 709 0128 3A010000 		.4byte	0x13a
 710 012c 0A       		.uleb128 0xa
 711 012d 6E00     		.ascii	"n\000"
 712 012f 01       		.byte	0x1
 713 0130 0F01     		.2byte	0x10f
 714 0132 68000000 		.4byte	0x68
 715 0136 02       		.uleb128 0x2
 716 0137 91       		.byte	0x91
 717 0138 74       		.sleb128 -12
 718 0139 00       		.byte	0
 719 013a 09       		.uleb128 0x9
 720 013b 34020000 		.4byte	.LASF23
 721 013f 01       		.byte	0x1
 722 0140 1C01     		.2byte	0x11c
 723 0142 00000000 		.4byte	.LFB70
 724 0146 12000000 		.4byte	.LFE70-.LFB70
 725 014a 01       		.uleb128 0x1
 726 014b 9C       		.byte	0x9c
 727 014c 5E010000 		.4byte	0x15e
 728 0150 0A       		.uleb128 0xa
 729 0151 6E00     		.ascii	"n\000"
 730 0153 01       		.byte	0x1
 731 0154 1C01     		.2byte	0x11c
 732 0156 68000000 		.4byte	0x68
 733 015a 02       		.uleb128 0x2
 734 015b 91       		.byte	0x91
 735 015c 74       		.sleb128 -12
 736 015d 00       		.byte	0
 737 015e 09       		.uleb128 0x9
 738 015f 00000000 		.4byte	.LASF24
 739 0163 01       		.byte	0x1
 740 0164 4501     		.2byte	0x145
 741 0166 00000000 		.4byte	.LFB71
 742 016a 12000000 		.4byte	.LFE71-.LFB71
 743 016e 01       		.uleb128 0x1
 744 016f 9C       		.byte	0x9c
 745 0170 82010000 		.4byte	0x182
 746 0174 0A       		.uleb128 0xa
 747 0175 6E00     		.ascii	"n\000"
 748 0177 01       		.byte	0x1
 749 0178 4501     		.2byte	0x145
 750 017a 68000000 		.4byte	0x68
 751 017e 02       		.uleb128 0x2
 752 017f 91       		.byte	0x91
 753 0180 74       		.sleb128 -12
 754 0181 00       		.byte	0
 755 0182 09       		.uleb128 0x9
 756 0183 C2000000 		.4byte	.LASF25
ARM GAS  C:\Users\mgnocco\AppData\Local\Temp\ccQNm8f3.s 			page 25


 757 0187 01       		.byte	0x1
 758 0188 6F01     		.2byte	0x16f
 759 018a 00000000 		.4byte	.LFB72
 760 018e 12000000 		.4byte	.LFE72-.LFB72
 761 0192 01       		.uleb128 0x1
 762 0193 9C       		.byte	0x9c
 763 0194 A6010000 		.4byte	0x1a6
 764 0198 0A       		.uleb128 0xa
 765 0199 6E00     		.ascii	"n\000"
 766 019b 01       		.byte	0x1
 767 019c 6F01     		.2byte	0x16f
 768 019e 68000000 		.4byte	0x68
 769 01a2 02       		.uleb128 0x2
 770 01a3 91       		.byte	0x91
 771 01a4 74       		.sleb128 -12
 772 01a5 00       		.byte	0
 773 01a6 09       		.uleb128 0x9
 774 01a7 73020000 		.4byte	.LASF26
 775 01ab 01       		.byte	0x1
 776 01ac 9701     		.2byte	0x197
 777 01ae 00000000 		.4byte	.LFB73
 778 01b2 12000000 		.4byte	.LFE73-.LFB73
 779 01b6 01       		.uleb128 0x1
 780 01b7 9C       		.byte	0x9c
 781 01b8 CA010000 		.4byte	0x1ca
 782 01bc 0A       		.uleb128 0xa
 783 01bd 6E00     		.ascii	"n\000"
 784 01bf 01       		.byte	0x1
 785 01c0 9701     		.2byte	0x197
 786 01c2 68000000 		.4byte	0x68
 787 01c6 02       		.uleb128 0x2
 788 01c7 91       		.byte	0x91
 789 01c8 74       		.sleb128 -12
 790 01c9 00       		.byte	0
 791 01ca 09       		.uleb128 0x9
 792 01cb 62020000 		.4byte	.LASF27
 793 01cf 01       		.byte	0x1
 794 01d0 AF01     		.2byte	0x1af
 795 01d2 00000000 		.4byte	.LFB74
 796 01d6 12000000 		.4byte	.LFE74-.LFB74
 797 01da 01       		.uleb128 0x1
 798 01db 9C       		.byte	0x9c
 799 01dc EE010000 		.4byte	0x1ee
 800 01e0 0A       		.uleb128 0xa
 801 01e1 6E00     		.ascii	"n\000"
 802 01e3 01       		.byte	0x1
 803 01e4 AF01     		.2byte	0x1af
 804 01e6 68000000 		.4byte	0x68
 805 01ea 02       		.uleb128 0x2
 806 01eb 91       		.byte	0x91
 807 01ec 74       		.sleb128 -12
 808 01ed 00       		.byte	0
 809 01ee 0B       		.uleb128 0xb
 810 01ef 56020000 		.4byte	.LASF28
 811 01f3 01       		.byte	0x1
 812 01f4 FE01     		.2byte	0x1fe
 813 01f6 00000000 		.4byte	.LFB75
ARM GAS  C:\Users\mgnocco\AppData\Local\Temp\ccQNm8f3.s 			page 26


 814 01fa 0C000000 		.4byte	.LFE75-.LFB75
 815 01fe 01       		.uleb128 0x1
 816 01ff 9C       		.byte	0x9c
 817 0200 09       		.uleb128 0x9
 818 0201 9F020000 		.4byte	.LASF29
 819 0205 01       		.byte	0x1
 820 0206 2402     		.2byte	0x224
 821 0208 00000000 		.4byte	.LFB76
 822 020c 12000000 		.4byte	.LFE76-.LFB76
 823 0210 01       		.uleb128 0x1
 824 0211 9C       		.byte	0x9c
 825 0212 24020000 		.4byte	0x224
 826 0216 0A       		.uleb128 0xa
 827 0217 6E00     		.ascii	"n\000"
 828 0219 01       		.byte	0x1
 829 021a 2402     		.2byte	0x224
 830 021c 68000000 		.4byte	0x68
 831 0220 02       		.uleb128 0x2
 832 0221 91       		.byte	0x91
 833 0222 74       		.sleb128 -12
 834 0223 00       		.byte	0
 835 0224 09       		.uleb128 0x9
 836 0225 CA000000 		.4byte	.LASF30
 837 0229 01       		.byte	0x1
 838 022a 3802     		.2byte	0x238
 839 022c 00000000 		.4byte	.LFB77
 840 0230 1A000000 		.4byte	.LFE77-.LFB77
 841 0234 01       		.uleb128 0x1
 842 0235 9C       		.byte	0x9c
 843 0236 59020000 		.4byte	0x259
 844 023a 0C       		.uleb128 0xc
 845 023b EF010000 		.4byte	.LASF31
 846 023f 01       		.byte	0x1
 847 0240 3802     		.2byte	0x238
 848 0242 81000000 		.4byte	0x81
 849 0246 02       		.uleb128 0x2
 850 0247 91       		.byte	0x91
 851 0248 77       		.sleb128 -9
 852 0249 0A       		.uleb128 0xa
 853 024a 64746100 		.ascii	"dta\000"
 854 024e 01       		.byte	0x1
 855 024f 3802     		.2byte	0x238
 856 0251 81000000 		.4byte	0x81
 857 0255 02       		.uleb128 0x2
 858 0256 91       		.byte	0x91
 859 0257 76       		.sleb128 -10
 860 0258 00       		.byte	0
 861 0259 0D       		.uleb128 0xd
 862 025a D8010000 		.4byte	.LASF36
 863 025e 01       		.byte	0x1
 864 025f 4702     		.2byte	0x247
 865 0261 81000000 		.4byte	0x81
 866 0265 00000000 		.4byte	.LFB78
 867 0269 16000000 		.4byte	.LFE78-.LFB78
 868 026d 01       		.uleb128 0x1
 869 026e 9C       		.byte	0x9c
 870 026f 83020000 		.4byte	0x283
ARM GAS  C:\Users\mgnocco\AppData\Local\Temp\ccQNm8f3.s 			page 27


 871 0273 0C       		.uleb128 0xc
 872 0274 EF010000 		.4byte	.LASF31
 873 0278 01       		.byte	0x1
 874 0279 4702     		.2byte	0x247
 875 027b 81000000 		.4byte	0x81
 876 027f 02       		.uleb128 0x2
 877 0280 91       		.byte	0x91
 878 0281 77       		.sleb128 -9
 879 0282 00       		.byte	0
 880 0283 0B       		.uleb128 0xb
 881 0284 3C020000 		.4byte	.LASF32
 882 0288 01       		.byte	0x1
 883 0289 5702     		.2byte	0x257
 884 028b 00000000 		.4byte	.LFB79
 885 028f 0C000000 		.4byte	.LFE79-.LFB79
 886 0293 01       		.uleb128 0x1
 887 0294 9C       		.byte	0x9c
 888 0295 0E       		.uleb128 0xe
 889 0296 2D010000 		.4byte	.LASF37
 890 029a 05       		.byte	0x5
 891 029b 1207     		.2byte	0x712
 892 029d A1020000 		.4byte	0x2a1
 893 02a1 0F       		.uleb128 0xf
 894 02a2 76000000 		.4byte	0x76
 895 02a6 00       		.byte	0
 896              		.section	.debug_abbrev,"",%progbits
 897              	.Ldebug_abbrev0:
 898 0000 01       		.uleb128 0x1
 899 0001 11       		.uleb128 0x11
 900 0002 01       		.byte	0x1
 901 0003 25       		.uleb128 0x25
 902 0004 0E       		.uleb128 0xe
 903 0005 13       		.uleb128 0x13
 904 0006 0B       		.uleb128 0xb
 905 0007 03       		.uleb128 0x3
 906 0008 0E       		.uleb128 0xe
 907 0009 1B       		.uleb128 0x1b
 908 000a 0E       		.uleb128 0xe
 909 000b 55       		.uleb128 0x55
 910 000c 17       		.uleb128 0x17
 911 000d 11       		.uleb128 0x11
 912 000e 01       		.uleb128 0x1
 913 000f 10       		.uleb128 0x10
 914 0010 17       		.uleb128 0x17
 915 0011 00       		.byte	0
 916 0012 00       		.byte	0
 917 0013 02       		.uleb128 0x2
 918 0014 24       		.uleb128 0x24
 919 0015 00       		.byte	0
 920 0016 0B       		.uleb128 0xb
 921 0017 0B       		.uleb128 0xb
 922 0018 3E       		.uleb128 0x3e
 923 0019 0B       		.uleb128 0xb
 924 001a 03       		.uleb128 0x3
 925 001b 0E       		.uleb128 0xe
 926 001c 00       		.byte	0
 927 001d 00       		.byte	0
ARM GAS  C:\Users\mgnocco\AppData\Local\Temp\ccQNm8f3.s 			page 28


 928 001e 03       		.uleb128 0x3
 929 001f 16       		.uleb128 0x16
 930 0020 00       		.byte	0
 931 0021 03       		.uleb128 0x3
 932 0022 0E       		.uleb128 0xe
 933 0023 3A       		.uleb128 0x3a
 934 0024 0B       		.uleb128 0xb
 935 0025 3B       		.uleb128 0x3b
 936 0026 0B       		.uleb128 0xb
 937 0027 49       		.uleb128 0x49
 938 0028 13       		.uleb128 0x13
 939 0029 00       		.byte	0
 940 002a 00       		.byte	0
 941 002b 04       		.uleb128 0x4
 942 002c 24       		.uleb128 0x24
 943 002d 00       		.byte	0
 944 002e 0B       		.uleb128 0xb
 945 002f 0B       		.uleb128 0xb
 946 0030 3E       		.uleb128 0x3e
 947 0031 0B       		.uleb128 0xb
 948 0032 03       		.uleb128 0x3
 949 0033 08       		.uleb128 0x8
 950 0034 00       		.byte	0
 951 0035 00       		.byte	0
 952 0036 05       		.uleb128 0x5
 953 0037 16       		.uleb128 0x16
 954 0038 00       		.byte	0
 955 0039 03       		.uleb128 0x3
 956 003a 0E       		.uleb128 0xe
 957 003b 3A       		.uleb128 0x3a
 958 003c 0B       		.uleb128 0xb
 959 003d 3B       		.uleb128 0x3b
 960 003e 05       		.uleb128 0x5
 961 003f 49       		.uleb128 0x49
 962 0040 13       		.uleb128 0x13
 963 0041 00       		.byte	0
 964 0042 00       		.byte	0
 965 0043 06       		.uleb128 0x6
 966 0044 2E       		.uleb128 0x2e
 967 0045 00       		.byte	0
 968 0046 3F       		.uleb128 0x3f
 969 0047 19       		.uleb128 0x19
 970 0048 03       		.uleb128 0x3
 971 0049 0E       		.uleb128 0xe
 972 004a 3A       		.uleb128 0x3a
 973 004b 0B       		.uleb128 0xb
 974 004c 3B       		.uleb128 0x3b
 975 004d 0B       		.uleb128 0xb
 976 004e 11       		.uleb128 0x11
 977 004f 01       		.uleb128 0x1
 978 0050 12       		.uleb128 0x12
 979 0051 06       		.uleb128 0x6
 980 0052 40       		.uleb128 0x40
 981 0053 18       		.uleb128 0x18
 982 0054 9742     		.uleb128 0x2117
 983 0056 19       		.uleb128 0x19
 984 0057 00       		.byte	0
ARM GAS  C:\Users\mgnocco\AppData\Local\Temp\ccQNm8f3.s 			page 29


 985 0058 00       		.byte	0
 986 0059 07       		.uleb128 0x7
 987 005a 2E       		.uleb128 0x2e
 988 005b 01       		.byte	0x1
 989 005c 3F       		.uleb128 0x3f
 990 005d 19       		.uleb128 0x19
 991 005e 03       		.uleb128 0x3
 992 005f 0E       		.uleb128 0xe
 993 0060 3A       		.uleb128 0x3a
 994 0061 0B       		.uleb128 0xb
 995 0062 3B       		.uleb128 0x3b
 996 0063 0B       		.uleb128 0xb
 997 0064 27       		.uleb128 0x27
 998 0065 19       		.uleb128 0x19
 999 0066 11       		.uleb128 0x11
 1000 0067 01       		.uleb128 0x1
 1001 0068 12       		.uleb128 0x12
 1002 0069 06       		.uleb128 0x6
 1003 006a 40       		.uleb128 0x40
 1004 006b 18       		.uleb128 0x18
 1005 006c 9742     		.uleb128 0x2117
 1006 006e 19       		.uleb128 0x19
 1007 006f 01       		.uleb128 0x1
 1008 0070 13       		.uleb128 0x13
 1009 0071 00       		.byte	0
 1010 0072 00       		.byte	0
 1011 0073 08       		.uleb128 0x8
 1012 0074 05       		.uleb128 0x5
 1013 0075 00       		.byte	0
 1014 0076 03       		.uleb128 0x3
 1015 0077 08       		.uleb128 0x8
 1016 0078 3A       		.uleb128 0x3a
 1017 0079 0B       		.uleb128 0xb
 1018 007a 3B       		.uleb128 0x3b
 1019 007b 0B       		.uleb128 0xb
 1020 007c 49       		.uleb128 0x49
 1021 007d 13       		.uleb128 0x13
 1022 007e 02       		.uleb128 0x2
 1023 007f 18       		.uleb128 0x18
 1024 0080 00       		.byte	0
 1025 0081 00       		.byte	0
 1026 0082 09       		.uleb128 0x9
 1027 0083 2E       		.uleb128 0x2e
 1028 0084 01       		.byte	0x1
 1029 0085 3F       		.uleb128 0x3f
 1030 0086 19       		.uleb128 0x19
 1031 0087 03       		.uleb128 0x3
 1032 0088 0E       		.uleb128 0xe
 1033 0089 3A       		.uleb128 0x3a
 1034 008a 0B       		.uleb128 0xb
 1035 008b 3B       		.uleb128 0x3b
 1036 008c 05       		.uleb128 0x5
 1037 008d 27       		.uleb128 0x27
 1038 008e 19       		.uleb128 0x19
 1039 008f 11       		.uleb128 0x11
 1040 0090 01       		.uleb128 0x1
 1041 0091 12       		.uleb128 0x12
ARM GAS  C:\Users\mgnocco\AppData\Local\Temp\ccQNm8f3.s 			page 30


 1042 0092 06       		.uleb128 0x6
 1043 0093 40       		.uleb128 0x40
 1044 0094 18       		.uleb128 0x18
 1045 0095 9742     		.uleb128 0x2117
 1046 0097 19       		.uleb128 0x19
 1047 0098 01       		.uleb128 0x1
 1048 0099 13       		.uleb128 0x13
 1049 009a 00       		.byte	0
 1050 009b 00       		.byte	0
 1051 009c 0A       		.uleb128 0xa
 1052 009d 05       		.uleb128 0x5
 1053 009e 00       		.byte	0
 1054 009f 03       		.uleb128 0x3
 1055 00a0 08       		.uleb128 0x8
 1056 00a1 3A       		.uleb128 0x3a
 1057 00a2 0B       		.uleb128 0xb
 1058 00a3 3B       		.uleb128 0x3b
 1059 00a4 05       		.uleb128 0x5
 1060 00a5 49       		.uleb128 0x49
 1061 00a6 13       		.uleb128 0x13
 1062 00a7 02       		.uleb128 0x2
 1063 00a8 18       		.uleb128 0x18
 1064 00a9 00       		.byte	0
 1065 00aa 00       		.byte	0
 1066 00ab 0B       		.uleb128 0xb
 1067 00ac 2E       		.uleb128 0x2e
 1068 00ad 00       		.byte	0
 1069 00ae 3F       		.uleb128 0x3f
 1070 00af 19       		.uleb128 0x19
 1071 00b0 03       		.uleb128 0x3
 1072 00b1 0E       		.uleb128 0xe
 1073 00b2 3A       		.uleb128 0x3a
 1074 00b3 0B       		.uleb128 0xb
 1075 00b4 3B       		.uleb128 0x3b
 1076 00b5 05       		.uleb128 0x5
 1077 00b6 11       		.uleb128 0x11
 1078 00b7 01       		.uleb128 0x1
 1079 00b8 12       		.uleb128 0x12
 1080 00b9 06       		.uleb128 0x6
 1081 00ba 40       		.uleb128 0x40
 1082 00bb 18       		.uleb128 0x18
 1083 00bc 9742     		.uleb128 0x2117
 1084 00be 19       		.uleb128 0x19
 1085 00bf 00       		.byte	0
 1086 00c0 00       		.byte	0
 1087 00c1 0C       		.uleb128 0xc
 1088 00c2 05       		.uleb128 0x5
 1089 00c3 00       		.byte	0
 1090 00c4 03       		.uleb128 0x3
 1091 00c5 0E       		.uleb128 0xe
 1092 00c6 3A       		.uleb128 0x3a
 1093 00c7 0B       		.uleb128 0xb
 1094 00c8 3B       		.uleb128 0x3b
 1095 00c9 05       		.uleb128 0x5
 1096 00ca 49       		.uleb128 0x49
 1097 00cb 13       		.uleb128 0x13
 1098 00cc 02       		.uleb128 0x2
ARM GAS  C:\Users\mgnocco\AppData\Local\Temp\ccQNm8f3.s 			page 31


 1099 00cd 18       		.uleb128 0x18
 1100 00ce 00       		.byte	0
 1101 00cf 00       		.byte	0
 1102 00d0 0D       		.uleb128 0xd
 1103 00d1 2E       		.uleb128 0x2e
 1104 00d2 01       		.byte	0x1
 1105 00d3 3F       		.uleb128 0x3f
 1106 00d4 19       		.uleb128 0x19
 1107 00d5 03       		.uleb128 0x3
 1108 00d6 0E       		.uleb128 0xe
 1109 00d7 3A       		.uleb128 0x3a
 1110 00d8 0B       		.uleb128 0xb
 1111 00d9 3B       		.uleb128 0x3b
 1112 00da 05       		.uleb128 0x5
 1113 00db 27       		.uleb128 0x27
 1114 00dc 19       		.uleb128 0x19
 1115 00dd 49       		.uleb128 0x49
 1116 00de 13       		.uleb128 0x13
 1117 00df 11       		.uleb128 0x11
 1118 00e0 01       		.uleb128 0x1
 1119 00e1 12       		.uleb128 0x12
 1120 00e2 06       		.uleb128 0x6
 1121 00e3 40       		.uleb128 0x40
 1122 00e4 18       		.uleb128 0x18
 1123 00e5 9742     		.uleb128 0x2117
 1124 00e7 19       		.uleb128 0x19
 1125 00e8 01       		.uleb128 0x1
 1126 00e9 13       		.uleb128 0x13
 1127 00ea 00       		.byte	0
 1128 00eb 00       		.byte	0
 1129 00ec 0E       		.uleb128 0xe
 1130 00ed 34       		.uleb128 0x34
 1131 00ee 00       		.byte	0
 1132 00ef 03       		.uleb128 0x3
 1133 00f0 0E       		.uleb128 0xe
 1134 00f1 3A       		.uleb128 0x3a
 1135 00f2 0B       		.uleb128 0xb
 1136 00f3 3B       		.uleb128 0x3b
 1137 00f4 05       		.uleb128 0x5
 1138 00f5 49       		.uleb128 0x49
 1139 00f6 13       		.uleb128 0x13
 1140 00f7 3F       		.uleb128 0x3f
 1141 00f8 19       		.uleb128 0x19
 1142 00f9 3C       		.uleb128 0x3c
 1143 00fa 19       		.uleb128 0x19
 1144 00fb 00       		.byte	0
 1145 00fc 00       		.byte	0
 1146 00fd 0F       		.uleb128 0xf
 1147 00fe 35       		.uleb128 0x35
 1148 00ff 00       		.byte	0
 1149 0100 49       		.uleb128 0x49
 1150 0101 13       		.uleb128 0x13
 1151 0102 00       		.byte	0
 1152 0103 00       		.byte	0
 1153 0104 00       		.byte	0
 1154              		.section	.debug_aranges,"",%progbits
 1155 0000 94000000 		.4byte	0x94
ARM GAS  C:\Users\mgnocco\AppData\Local\Temp\ccQNm8f3.s 			page 32


 1156 0004 0200     		.2byte	0x2
 1157 0006 00000000 		.4byte	.Ldebug_info0
 1158 000a 04       		.byte	0x4
 1159 000b 00       		.byte	0
 1160 000c 0000     		.2byte	0
 1161 000e 0000     		.2byte	0
 1162 0010 00000000 		.4byte	.LFB64
 1163 0014 0C000000 		.4byte	.LFE64-.LFB64
 1164 0018 00000000 		.4byte	.LFB65
 1165 001c 0C000000 		.4byte	.LFE65-.LFB65
 1166 0020 00000000 		.4byte	.LFB66
 1167 0024 0C000000 		.4byte	.LFE66-.LFB66
 1168 0028 00000000 		.4byte	.LFB67
 1169 002c 12000000 		.4byte	.LFE67-.LFB67
 1170 0030 00000000 		.4byte	.LFB68
 1171 0034 0C000000 		.4byte	.LFE68-.LFB68
 1172 0038 00000000 		.4byte	.LFB69
 1173 003c 12000000 		.4byte	.LFE69-.LFB69
 1174 0040 00000000 		.4byte	.LFB70
 1175 0044 12000000 		.4byte	.LFE70-.LFB70
 1176 0048 00000000 		.4byte	.LFB71
 1177 004c 12000000 		.4byte	.LFE71-.LFB71
 1178 0050 00000000 		.4byte	.LFB72
 1179 0054 12000000 		.4byte	.LFE72-.LFB72
 1180 0058 00000000 		.4byte	.LFB73
 1181 005c 12000000 		.4byte	.LFE73-.LFB73
 1182 0060 00000000 		.4byte	.LFB74
 1183 0064 12000000 		.4byte	.LFE74-.LFB74
 1184 0068 00000000 		.4byte	.LFB75
 1185 006c 0C000000 		.4byte	.LFE75-.LFB75
 1186 0070 00000000 		.4byte	.LFB76
 1187 0074 12000000 		.4byte	.LFE76-.LFB76
 1188 0078 00000000 		.4byte	.LFB77
 1189 007c 1A000000 		.4byte	.LFE77-.LFB77
 1190 0080 00000000 		.4byte	.LFB78
 1191 0084 16000000 		.4byte	.LFE78-.LFB78
 1192 0088 00000000 		.4byte	.LFB79
 1193 008c 0C000000 		.4byte	.LFE79-.LFB79
 1194 0090 00000000 		.4byte	0
 1195 0094 00000000 		.4byte	0
 1196              		.section	.debug_ranges,"",%progbits
 1197              	.Ldebug_ranges0:
 1198 0000 00000000 		.4byte	.LFB64
 1199 0004 0C000000 		.4byte	.LFE64
 1200 0008 00000000 		.4byte	.LFB65
 1201 000c 0C000000 		.4byte	.LFE65
 1202 0010 00000000 		.4byte	.LFB66
 1203 0014 0C000000 		.4byte	.LFE66
 1204 0018 00000000 		.4byte	.LFB67
 1205 001c 12000000 		.4byte	.LFE67
 1206 0020 00000000 		.4byte	.LFB68
 1207 0024 0C000000 		.4byte	.LFE68
 1208 0028 00000000 		.4byte	.LFB69
 1209 002c 12000000 		.4byte	.LFE69
 1210 0030 00000000 		.4byte	.LFB70
 1211 0034 12000000 		.4byte	.LFE70
 1212 0038 00000000 		.4byte	.LFB71
ARM GAS  C:\Users\mgnocco\AppData\Local\Temp\ccQNm8f3.s 			page 33


 1213 003c 12000000 		.4byte	.LFE71
 1214 0040 00000000 		.4byte	.LFB72
 1215 0044 12000000 		.4byte	.LFE72
 1216 0048 00000000 		.4byte	.LFB73
 1217 004c 12000000 		.4byte	.LFE73
 1218 0050 00000000 		.4byte	.LFB74
 1219 0054 12000000 		.4byte	.LFE74
 1220 0058 00000000 		.4byte	.LFB75
 1221 005c 0C000000 		.4byte	.LFE75
 1222 0060 00000000 		.4byte	.LFB76
 1223 0064 12000000 		.4byte	.LFE76
 1224 0068 00000000 		.4byte	.LFB77
 1225 006c 1A000000 		.4byte	.LFE77
 1226 0070 00000000 		.4byte	.LFB78
 1227 0074 16000000 		.4byte	.LFE78
 1228 0078 00000000 		.4byte	.LFB79
 1229 007c 0C000000 		.4byte	.LFE79
 1230 0080 00000000 		.4byte	0
 1231 0084 00000000 		.4byte	0
 1232              		.section	.debug_line,"",%progbits
 1233              	.Ldebug_line0:
 1234 0000 8F020000 		.section	.debug_str,"MS",%progbits,1
 1234      02005C01 
 1234      00000201 
 1234      FB0E0D00 
 1234      01010101 
 1235              	.LASF24:
 1236 0000 52656164 		.ascii	"ReadGyro\000"
 1236      4779726F 
 1236      00
 1237              	.LASF33:
 1238 0009 474E5520 		.ascii	"GNU C11 5.4.1 20160609 (release) [ARM/embedded-5-br"
 1238      43313120 
 1238      352E342E 
 1238      31203230 
 1238      31363036 
 1239 003c 616E6368 		.ascii	"anch revision 237715] -mcpu=cortex-m3 -mthumb -g -O"
 1239      20726576 
 1239      6973696F 
 1239      6E203233 
 1239      37373135 
 1240 006f 30202D66 		.ascii	"0 -ffunction-sections -ffat-lto-objects\000"
 1240      66756E63 
 1240      74696F6E 
 1240      2D736563 
 1240      74696F6E 
 1241              	.LASF19:
 1242 0097 496E6974 		.ascii	"InitIMUMagCal\000"
 1242      494D554D 
 1242      61674361 
 1242      6C00
 1243              	.LASF9:
 1244 00a5 5F5F696E 		.ascii	"__int32_t\000"
 1244      7433325F 
 1244      7400
 1245              	.LASF3:
 1246 00af 73686F72 		.ascii	"short unsigned int\000"
ARM GAS  C:\Users\mgnocco\AppData\Local\Temp\ccQNm8f3.s 			page 34


 1246      7420756E 
 1246      7369676E 
 1246      65642069 
 1246      6E7400
 1247              	.LASF25:
 1248 00c2 52656164 		.ascii	"ReadMag\000"
 1248      4D616700 
 1249              	.LASF30:
 1250 00ca 57726974 		.ascii	"WriteControlRegisterIMU\000"
 1250      65436F6E 
 1250      74726F6C 
 1250      52656769 
 1250      73746572 
 1251              	.LASF12:
 1252 00e2 666C6F61 		.ascii	"float\000"
 1252      7400
 1253              	.LASF18:
 1254 00e8 496E6974 		.ascii	"InitIMU\000"
 1254      494D5500 
 1255              	.LASF7:
 1256 00f0 6C6F6E67 		.ascii	"long long unsigned int\000"
 1256      206C6F6E 
 1256      6720756E 
 1256      7369676E 
 1256      65642069 
 1257              	.LASF1:
 1258 0107 756E7369 		.ascii	"unsigned char\000"
 1258      676E6564 
 1258      20636861 
 1258      7200
 1259              	.LASF5:
 1260 0115 6C6F6E67 		.ascii	"long unsigned int\000"
 1260      20756E73 
 1260      69676E65 
 1260      6420696E 
 1260      7400
 1261              	.LASF11:
 1262 0127 75696E74 		.ascii	"uint8\000"
 1262      3800
 1263              	.LASF37:
 1264 012d 49544D5F 		.ascii	"ITM_RxBuffer\000"
 1264      52784275 
 1264      66666572 
 1264      00
 1265              	.LASF34:
 1266 013a 2E2E5C73 		.ascii	"..\\src\\IMU_functions.c\000"
 1266      72635C49 
 1266      4D555F66 
 1266      756E6374 
 1266      696F6E73 
 1267              	.LASF35:
 1268 0151 433A5C55 		.ascii	"C:\\Users\\mgnocco\\Documents\\Git\\PSoC5\\PSoC5_FW"
 1268      73657273 
 1268      5C6D676E 
 1268      6F63636F 
 1268      5C446F63 
 1269 017e 5F574953 		.ascii	"_WISH_VIBES\\FW_Socket - WISH+Dayton\\WISH_VIBES_So"
ARM GAS  C:\Users\mgnocco\AppData\Local\Temp\ccQNm8f3.s 			page 35


 1269      485F5649 
 1269      4245535C 
 1269      46575F53 
 1269      6F636B65 
 1270 01af 636B6574 		.ascii	"cket.cydsn\000"
 1270      2E637964 
 1270      736E00
 1271              	.LASF13:
 1272 01ba 646F7562 		.ascii	"double\000"
 1272      6C6500
 1273              	.LASF2:
 1274 01c1 73686F72 		.ascii	"short int\000"
 1274      7420696E 
 1274      7400
 1275              	.LASF8:
 1276 01cb 756E7369 		.ascii	"unsigned int\000"
 1276      676E6564 
 1276      20696E74 
 1276      00
 1277              	.LASF36:
 1278 01d8 52656164 		.ascii	"ReadControlRegisterIMU\000"
 1278      436F6E74 
 1278      726F6C52 
 1278      65676973 
 1278      74657249 
 1279              	.LASF31:
 1280 01ef 61646472 		.ascii	"address\000"
 1280      65737300 
 1281              	.LASF14:
 1282 01f7 63686172 		.ascii	"char\000"
 1282      00
 1283              	.LASF17:
 1284 01fc 496D7573 		.ascii	"ImusReset\000"
 1284      52657365 
 1284      7400
 1285              	.LASF10:
 1286 0206 696E7433 		.ascii	"int32_t\000"
 1286      325F7400 
 1287              	.LASF16:
 1288 020e 73697A65 		.ascii	"sizetype\000"
 1288      74797065 
 1288      00
 1289              	.LASF20:
 1290 0217 496E6974 		.ascii	"InitIMUgeneral\000"
 1290      494D5567 
 1290      656E6572 
 1290      616C00
 1291              	.LASF6:
 1292 0226 6C6F6E67 		.ascii	"long long int\000"
 1292      206C6F6E 
 1292      6720696E 
 1292      7400
 1293              	.LASF23:
 1294 0234 52656164 		.ascii	"ReadAcc\000"
 1294      41636300 
 1295              	.LASF32:
 1296 023c 5350495F 		.ascii	"SPI_delay\000"
ARM GAS  C:\Users\mgnocco\AppData\Local\Temp\ccQNm8f3.s 			page 36


 1296      64656C61 
 1296      7900
 1297              	.LASF21:
 1298 0246 43686970 		.ascii	"ChipSelectorIMU\000"
 1298      53656C65 
 1298      63746F72 
 1298      494D5500 
 1299              	.LASF28:
 1300 0256 52656164 		.ascii	"ReadAllIMUs\000"
 1300      416C6C49 
 1300      4D557300 
 1301              	.LASF27:
 1302 0262 52656164 		.ascii	"ReadQuat\000"
 1302      51756174 
 1302      00
 1303              	.LASF22:
 1304 026b 52656164 		.ascii	"ReadIMU\000"
 1304      494D5500 
 1305              	.LASF26:
 1306 0273 52656164 		.ascii	"ReadMagCal\000"
 1306      4D616743 
 1306      616C00
 1307              	.LASF4:
 1308 027e 6C6F6E67 		.ascii	"long int\000"
 1308      20696E74 
 1308      00
 1309              	.LASF15:
 1310 0287 6C6F6E67 		.ascii	"long double\000"
 1310      20646F75 
 1310      626C6500 
 1311              	.LASF0:
 1312 0293 7369676E 		.ascii	"signed char\000"
 1312      65642063 
 1312      68617200 
 1313              	.LASF29:
 1314 029f 52656164 		.ascii	"ReadTemp\000"
 1314      54656D70 
 1314      00
 1315              		.ident	"GCC: (GNU Tools for ARM Embedded Processors) 5.4.1 20160609 (release) [ARM/embedded-5-bran
