--------------- Build Started: 05/10/2024 16:47:45 Project: WISH_VIBES_Socket, Configuration: ARM GCC 5.4-2016-q2-update Release ---------------
The code generation step is up to date.
arm-none-eabi-gcc.exe -mcpu=cortex-m3 -mthumb -I..\src\emFile_V322c\Code\Include\PSoC5\emf16nOS -I..\src\emFile_V322c\Code\Include\PSoC5 -I. -IGenerated_Source\PSoC5 -Wa,-alh=.\CortexM3\ARM_GCC_541\Release/command_processing.lst -g -D NDEBUG -D CY_CORE_ID=0 -Wall -ffunction-sections -ffat-lto-objects -O0 -D AIR_CHAMBERS_FB_FW -c ..\src\command_processing.c -o .\CortexM3\ARM_GCC_541\Release\command_processing.o
..\src\command_processing.c: In function 'get_param_list':
..\src\command_processing.c:419:25: warning: zero-length gnu_printf format string [-Wformat-zero-length]
         sprintf(aux_str,"");
                         ^
..\src\command_processing.c:419:25: warning: zero-length gnu_printf format string [-Wformat-zero-length]
..\src\command_processing.c:460:26: warning: zero-length gnu_printf format string [-Wformat-zero-length]
         sprintf(aux_str1,"");
                          ^
..\src\command_processing.c:460:26: warning: zero-length gnu_printf format string [-Wformat-zero-length]
..\src\command_processing.c: In function 'qbadminp_string':
..\src\command_processing.c:660:23: warning: unused variable 'MEM_P' [-Wunused-variable]
     struct st_eeprom* MEM_P = &c_mem; 
                       ^
..\src\command_processing.c: In function 'prepare_generic_info':
..\src\command_processing.c:756:23: warning: unused variable 'MEM_P' [-Wunused-variable]
     struct st_eeprom* MEM_P = &c_mem; 
                       ^
..\src\command_processing.c: In function 'cmd_set_inputs':
..\src\command_processing.c:1144:18: warning: unused variable 'last_aux_int16' [-Wunused-variable]
     static int16 last_aux_int16[3];
                  ^
..\src\command_processing.c: In function 'air_chambers_control':
..\src\command_processing.c:1558:25: warning: 'curr_diff' is used uninitialized in this function [-Wuninitialized]
     x_value = curr_diff - 50.0;
                         ^
arm-none-eabi-gcc.exe -mcpu=cortex-m3 -mthumb -I..\src\emFile_V322c\Code\Include\PSoC5\emf16nOS -I..\src\emFile_V322c\Code\Include\PSoC5 -I. -IGenerated_Source\PSoC5 -Wa,-alh=.\CortexM3\ARM_GCC_541\Release/interruptions.lst -g -D NDEBUG -D CY_CORE_ID=0 -Wall -ffunction-sections -ffat-lto-objects -O0 -D AIR_CHAMBERS_FB_FW -c ..\src\interruptions.c -o .\CortexM3\ARM_GCC_541\Release\interruptions.o
arm-none-eabi-gcc.exe -mcpu=cortex-m3 -mthumb -I..\src\emFile_V322c\Code\Include\PSoC5\emf16nOS -I..\src\emFile_V322c\Code\Include\PSoC5 -I. -IGenerated_Source\PSoC5 -Wa,-alh=.\CortexM3\ARM_GCC_541\Release/main.lst -g -D NDEBUG -D CY_CORE_ID=0 -Wall -ffunction-sections -ffat-lto-objects -O0 -D AIR_CHAMBERS_FB_FW -c ..\src\main.c -o .\CortexM3\ARM_GCC_541\Release\main.o
..\src\main.c: In function 'main':
..\src\main.c:75:11: warning: unused variable 'j' [-Wunused-variable]
     uint8 j;
           ^
arm-none-eabi-gcc.exe -mcpu=cortex-m3 -mthumb -I..\src\emFile_V322c\Code\Include\PSoC5\emf16nOS -I..\src\emFile_V322c\Code\Include\PSoC5 -I. -IGenerated_Source\PSoC5 -Wa,-alh=.\CortexM3\ARM_GCC_541\Release/SD_RTC_functions.lst -g -D NDEBUG -D CY_CORE_ID=0 -Wall -ffunction-sections -ffat-lto-objects -O0 -D AIR_CHAMBERS_FB_FW -c ..\src\SD_RTC_functions.c -o .\CortexM3\ARM_GCC_541\Release\SD_RTC_functions.o
arm-none-eabi-ar.exe -rs .\CortexM3\ARM_GCC_541\Release\WISH_VIBES_Socket.a .\CortexM3\ARM_GCC_541\Release\EMG_1.o .\CortexM3\ARM_GCC_541\Release\EMG_2.o .\CortexM3\ARM_GCC_541\Release\PRESSURE_SENSOR.o .\CortexM3\ARM_GCC_541\Release\EEPROM.o .\CortexM3\ARM_GCC_541\Release\FTDI_ENABLE.o .\CortexM3\ARM_GCC_541\Release\RS485_CTS.o .\CortexM3\ARM_GCC_541\Release\PACER_TIMER.o .\CortexM3\ARM_GCC_541\Release\PACER_TIMER_PM.o .\CortexM3\ARM_GCC_541\Release\RESET_FF.o .\CortexM3\ARM_GCC_541\Release\RESET_FF_PM.o .\CortexM3\ARM_GCC_541\Release\FF_STATUS.o .\CortexM3\ARM_GCC_541\Release\MY_TIMER.o .\CortexM3\ARM_GCC_541\Release\MY_TIMER_PM.o .\CortexM3\ARM_GCC_541\Release\timer_clock.o .\CortexM3\ARM_GCC_541\Release\UART_RS485.o .\CortexM3\ARM_GCC_541\Release\UART_RS485_PM.o .\CortexM3\ARM_GCC_541\Release\UART_RS485_INT.o .\CortexM3\ARM_GCC_541\Release\UART_RS485_BOOT.o .\CortexM3\ARM_GCC_541\Release\RS_485_EN.o .\CortexM3\ARM_GCC_541\Release\ISR_RS485_RX.o .\CortexM3\ARM_GCC_541\Release\CLOCK_UART.o .\CortexM3\ARM_GCC_541\Release\CYCLES_TIMER.o .\CortexM3\ARM_GCC_541\Release\CYCLES_TIMER_PM.o .\CortexM3\ARM_GCC_541\Release\counter_cyc_clk.o .\CortexM3\ARM_GCC_541\Release\ISR_CYCLES.o .\CortexM3\ARM_GCC_541\Release\Bootloadable.o .\CortexM3\ARM_GCC_541\Release\SD_ConfigMMC_SPI.o .\CortexM3\ARM_GCC_541\Release\SD_MMC_HW_SPI.o .\CortexM3\ARM_GCC_541\Release\SD_PM.o .\CortexM3\ARM_GCC_541\Release\CS_RTC.o .\CortexM3\ARM_GCC_541\Release\CLK_RTC.o .\CortexM3\ARM_GCC_541\Release\MOSI_RTC.o .\CortexM3\ARM_GCC_541\Release\MISO_RTC.o .\CortexM3\ARM_GCC_541\Release\LED_RED.o .\CortexM3\ARM_GCC_541\Release\LED_GREEN.o .\CortexM3\ARM_GCC_541\Release\ADC_SOC.o .\CortexM3\ARM_GCC_541\Release\ADC_SOC_PM.o .\CortexM3\ARM_GCC_541\Release\DMA_dma.o .\CortexM3\ARM_GCC_541\Release\ADC_STATUS.o .\CortexM3\ARM_GCC_541\Release\ADC.o .\CortexM3\ARM_GCC_541\Release\ADC_PM.o .\CortexM3\ARM_GCC_541\Release\ADC_INT.o .\CortexM3\ARM_GCC_541\Release\ADC_N_CHANNELS_USED.o .\CortexM3\ARM_GCC_541\Release\ADC_N_CHANNELS_USED_PM.o .\CortexM3\ARM_GCC_541\Release\MY_TIMER_REG.o .\CortexM3\ARM_GCC_541\Release\MY_TIMER_REG_PM.o .\CortexM3\ARM_GCC_541\Release\VALVE.o .\CortexM3\ARM_GCC_541\Release\PUMP.o .\CortexM3\ARM_GCC_541\Release\SD_SPI0.o .\CortexM3\ARM_GCC_541\Release\SD_SPI0_PM.o .\CortexM3\ARM_GCC_541\Release\SD_SPI0_INT.o .\CortexM3\ARM_GCC_541\Release\SD_mosi0.o .\CortexM3\ARM_GCC_541\Release\SD_Clock_1.o .\CortexM3\ARM_GCC_541\Release\SD_miso0.o .\CortexM3\ARM_GCC_541\Release\SD_sclk0.o .\CortexM3\ARM_GCC_541\Release\SD_SPI0_CS.o .\CortexM3\ARM_GCC_541\Release\ADC_AMux.o .\CortexM3\ARM_GCC_541\Release\ADC_Ext_CP_Clk.o .\CortexM3\ARM_GCC_541\Release\ADC_IRQ.o .\CortexM3\ARM_GCC_541\Release\ADC_theACLK.o .\CortexM3\ARM_GCC_541\Release\CyDmac.o .\CortexM3\ARM_GCC_541\Release\CyFlash.o .\CortexM3\ARM_GCC_541\Release\CyLib.o .\CortexM3\ARM_GCC_541\Release\cyPm.o .\CortexM3\ARM_GCC_541\Release\CySpc.o .\CortexM3\ARM_GCC_541\Release\cyutils.o .\CortexM3\ARM_GCC_541\Release\cy_em_eeprom.o .\CortexM3\ARM_GCC_541\Release\VT_1A.o .\CortexM3\ARM_GCC_541\Release\PWM_VT.o .\CortexM3\ARM_GCC_541\Release\PWM_VT_PM.o .\CortexM3\ARM_GCC_541\Release\VT_1B.o .\CortexM3\ARM_GCC_541\Release\VT1_DIR.o .\CortexM3\ARM_GCC_541\Release\VT1_DIR_PM.o .\CortexM3\ARM_GCC_541\Release\VT_2A.o .\CortexM3\ARM_GCC_541\Release\VT_2B.o .\CortexM3\ARM_GCC_541\Release\VT2_DIR.o .\CortexM3\ARM_GCC_541\Release\VT2_DIR_PM.o .\CortexM3\ARM_GCC_541\Release\CLOCK_VT.o .\CortexM3\ARM_GCC_541\Release\PWM_PUMP.o .\CortexM3\ARM_GCC_541\Release\PWM_PUMP_PM.o .\CortexM3\ARM_GCC_541\Release\MASTER_MODE_FLAG.o .\CortexM3\ARM_GCC_541\Release\LED_CONTROL.o .\CortexM3\ARM_GCC_541\Release\LED_CONTROL_PM.o .\CortexM3\ARM_GCC_541\Release\Battery_flag.o .\CortexM3\ARM_GCC_541\Release\CyBootAsmGnu.o
arm-none-eabi-ar.exe: creating .\CortexM3\ARM_GCC_541\Release\WISH_VIBES_Socket.a
arm-none-eabi-gcc.exe -Wl,--start-group -o "C:\Users\mgnocco\Documents\Git\PSoC5\PSoC5_FW_WISH_VIBES\FW_WearableHealtySubj - WISH+Dayton\WISH_VIBES_Socket.cydsn\CortexM3\ARM_GCC_541\Release\WISH_VIBES_Socket.elf" .\CortexM3\ARM_GCC_541\Release\command_processing.o .\CortexM3\ARM_GCC_541\Release\globals.o .\CortexM3\ARM_GCC_541\Release\IMU_functions.o .\CortexM3\ARM_GCC_541\Release\interruptions.o .\CortexM3\ARM_GCC_541\Release\main.o .\CortexM3\ARM_GCC_541\Release\SD_RTC_functions.o .\CortexM3\ARM_GCC_541\Release\utils.o .\CortexM3\ARM_GCC_541\Release\cyfitter_cfg.o .\CortexM3\ARM_GCC_541\Release\cybootloader.o .\CortexM3\ARM_GCC_541\Release\cymetadata.o .\CortexM3\ARM_GCC_541\Release\Cm3Start.o .\CortexM3\ARM_GCC_541\Release\WISH_VIBES_Socket.a "C:\Program Files (x86)\Cypress\PSoC Creator\4.4\PSoC Creator\psoc\content\cycomponentlibrary\CyComponentLibrary.cylib\CortexM3\ARM_GCC_541\Release\CyComponentLibrary.a" -mcpu=cortex-m3 -mthumb -L Generated_Source\PSoC5 ..\src\emFile_V322c\LinkLibrary\PSoC5\GCC\libemf16noslfn.a -Wl,-Map,.\CortexM3\ARM_GCC_541\Release/WISH_VIBES_Socket.map -T Generated_Source\PSoC5\cm3gcc.ld -specs=nano.specs -u _printf_float -Wl,--gc-sections -Wl,-u,vfprintf -lm -g -ffunction-sections -O0 -ffat-lto-objects -Wl,--end-group
cyelftool.exe -B "C:\Users\mgnocco\Documents\Git\PSoC5\PSoC5_FW_WISH_VIBES\FW_WearableHealtySubj - WISH+Dayton\WISH_VIBES_Socket.cydsn\CortexM3\ARM_GCC_541\Release\WISH_VIBES_Socket.elf" --flash_row_size 256 --flash_size 262144 --flash_offset 0x00000000 --flash_array_size 65536 --ee_array 64 --ee_array_size 2048 --ee_row_size 16
No ELF section .cychecksum found, creating one
Application checksum calculated and stored in ELF section .cychecksum
Checksum calculated and stored in ELF section .cymeta
cyelftool.exe -S "C:\Users\mgnocco\Documents\Git\PSoC5\PSoC5_FW_WISH_VIBES\FW_WearableHealtySubj - WISH+Dayton\WISH_VIBES_Socket.cydsn\CortexM3\ARM_GCC_541\Release\WISH_VIBES_Socket.elf"
Flash used: 60368 of 262144 bytes (23,0%). Bootloader: 7424 bytes. Application: 52688 bytes. Metadata: 256 bytes.
SRAM used: 11029 of 65536 bytes (16,8%). Stack: 2048 bytes. Heap: 2048 bytes.
--------------- Build Succeeded: 05/10/2024 16:47:49 ---------------
