ARM GAS  C:\Users\mgnocco\AppData\Local\Temp\ccf5rW6O.s 			page 1


   1              		.syntax unified
   2              		.cpu cortex-m3
   3              		.fpu softvfp
   4              		.eabi_attribute 20, 1
   5              		.eabi_attribute 21, 1
   6              		.eabi_attribute 23, 3
   7              		.eabi_attribute 24, 1
   8              		.eabi_attribute 25, 1
   9              		.eabi_attribute 26, 1
  10              		.eabi_attribute 30, 6
  11              		.eabi_attribute 34, 1
  12              		.eabi_attribute 18, 4
  13              		.thumb
  14              		.syntax unified
  15              		.file	"utils.c"
  16              		.text
  17              	.Ltext0:
  18              		.cfi_sections	.debug_frame
  19              		.section	.text.curr_estim,"ax",%progbits
  20              		.align	2
  21              		.global	curr_estim
  22              		.thumb
  23              		.thumb_func
  24              		.type	curr_estim, %function
  25              	curr_estim:
  26              	.LFB64:
  27              		.file 1 "..\\src\\utils.c"
   1:..\src/utils.c **** // ----------------------------------------------------------------------------
   2:..\src/utils.c **** // BSD 3-Clause License
   3:..\src/utils.c **** 
   4:..\src/utils.c **** // Copyright (c) 2016, qbrobotics
   5:..\src/utils.c **** // Copyright (c) 2017-2020, Centro "E.Piaggio"
   6:..\src/utils.c **** // All rights reserved.
   7:..\src/utils.c **** 
   8:..\src/utils.c **** // Redistribution and use in source and binary forms, with or without
   9:..\src/utils.c **** // modification, are permitted provided that the following conditions are met:
  10:..\src/utils.c **** 
  11:..\src/utils.c **** // * Redistributions of source code must retain the above copyright notice, this
  12:..\src/utils.c **** //   list of conditions and the following disclaimer.
  13:..\src/utils.c **** 
  14:..\src/utils.c **** // * Redistributions in binary form must reproduce the above copyright notice,
  15:..\src/utils.c **** //   this list of conditions and the following disclaimer in the documentation
  16:..\src/utils.c **** //   and/or other materials provided with the distribution.
  17:..\src/utils.c **** 
  18:..\src/utils.c **** // * Neither the name of the copyright holder nor the names of its
  19:..\src/utils.c **** //   contributors may be used to endorse or promote products derived from
  20:..\src/utils.c **** //   this software without specific prior written permission.
  21:..\src/utils.c **** 
  22:..\src/utils.c **** // THIS SOFTWARE IS PROVIDED BY THE COPYRIGHT HOLDERS AND CONTRIBUTORS "AS IS"
  23:..\src/utils.c **** // AND ANY EXPRESS OR IMPLIED WARRANTIES, INCLUDING, BUT NOT LIMITED TO, THE
  24:..\src/utils.c **** // IMPLIED WARRANTIES OF MERCHANTABILITY AND FITNESS FOR A PARTICULAR PURPOSE ARE
  25:..\src/utils.c **** // DISCLAIMED. IN NO EVENT SHALL THE COPYRIGHT HOLDER OR CONTRIBUTORS BE LIABLE
  26:..\src/utils.c **** // FOR ANY DIRECT, INDIRECT, INCIDENTAL, SPECIAL, EXEMPLARY, OR CONSEQUENTIAL
  27:..\src/utils.c **** // DAMAGES (INCLUDING, BUT NOT LIMITED TO, PROCUREMENT OF SUBSTITUTE GOODS OR
  28:..\src/utils.c **** // SERVICES; LOSS OF USE, DATA, OR PROFITS; OR BUSINESS INTERRUPTION) HOWEVER
  29:..\src/utils.c **** // CAUSED AND ON ANY THEORY OF LIABILITY, WHETHER IN CONTRACT, STRICT LIABILITY,
  30:..\src/utils.c **** // OR TORT (INCLUDING NEGLIGENCE OR OTHERWISE) ARISING IN ANY WAY OUT OF THE USE
ARM GAS  C:\Users\mgnocco\AppData\Local\Temp\ccf5rW6O.s 			page 2


  31:..\src/utils.c **** // OF THIS SOFTWARE, EVEN IF ADVISED OF THE POSSIBILITY OF SUCH DAMAGE.
  32:..\src/utils.c **** // POSSIBILITY OF SUCH DAMAGE.
  33:..\src/utils.c **** // ----------------------------------------------------------------------------
  34:..\src/utils.c **** 
  35:..\src/utils.c **** /**
  36:..\src/utils.c **** * \file         utils.c
  37:..\src/utils.c **** *
  38:..\src/utils.c **** * \brief        Definition of utility functions.
  39:..\src/utils.c **** * \date         March 20th, 2020
  40:..\src/utils.c **** * \author       _Centro "E.Piaggio"_
  41:..\src/utils.c **** * \copyright    (C) 2012-2016 qbrobotics. All rights reserved.
  42:..\src/utils.c **** * \copyright    (C) 2017-2020 Centro "E.Piaggio". All rights reserved.
  43:..\src/utils.c **** */
  44:..\src/utils.c **** 
  45:..\src/utils.c **** #include "utils.h"
  46:..\src/utils.c **** 
  47:..\src/utils.c **** //==============================================================================
  48:..\src/utils.c **** //                                                            Current Estimation
  49:..\src/utils.c **** //==============================================================================
  50:..\src/utils.c **** 
  51:..\src/utils.c **** int32 curr_estim ( uint8 idx, int32 pos, int32 vel, int32 ref ) {
  28              		.loc 1 51 0
  29              		.cfi_startproc
  30              		@ args = 0, pretend = 0, frame = 16
  31              		@ frame_needed = 1, uses_anonymous_args = 0
  32              		@ link register save eliminated.
  33 0000 80B4     		push	{r7}
  34              		.cfi_def_cfa_offset 4
  35              		.cfi_offset 7, -4
  36 0002 85B0     		sub	sp, sp, #20
  37              		.cfi_def_cfa_offset 24
  38 0004 00AF     		add	r7, sp, #0
  39              		.cfi_def_cfa_register 7
  40 0006 B960     		str	r1, [r7, #8]
  41 0008 7A60     		str	r2, [r7, #4]
  42 000a 3B60     		str	r3, [r7]
  43 000c 0346     		mov	r3, r0
  44 000e FB73     		strb	r3, [r7, #15]
  52:..\src/utils.c **** 
  53:..\src/utils.c ****     return 0;
  45              		.loc 1 53 0
  46 0010 0023     		movs	r3, #0
  54:..\src/utils.c **** }
  47              		.loc 1 54 0
  48 0012 1846     		mov	r0, r3
  49 0014 1437     		adds	r7, r7, #20
  50              		.cfi_def_cfa_offset 4
  51 0016 BD46     		mov	sp, r7
  52              		.cfi_def_cfa_register 13
  53              		@ sp needed
  54 0018 80BC     		pop	{r7}
  55              		.cfi_restore 7
  56              		.cfi_def_cfa_offset 0
  57 001a 7047     		bx	lr
  58              		.cfi_endproc
  59              	.LFE64:
  60              		.size	curr_estim, .-curr_estim
ARM GAS  C:\Users\mgnocco\AppData\Local\Temp\ccf5rW6O.s 			page 3


  61              		.section	.text.filter,"ax",%progbits
  62              		.align	2
  63              		.global	filter
  64              		.thumb
  65              		.thumb_func
  66              		.type	filter, %function
  67              	filter:
  68              	.LFB65:
  55:..\src/utils.c **** 
  56:..\src/utils.c **** //==============================================================================
  57:..\src/utils.c **** //                                                                General filter
  58:..\src/utils.c **** //==============================================================================
  59:..\src/utils.c **** int32 filter(int32 new_value, struct st_filter *f) {
  69              		.loc 1 59 0
  70              		.cfi_startproc
  71              		@ args = 0, pretend = 0, frame = 16
  72              		@ frame_needed = 1, uses_anonymous_args = 0
  73              		@ link register save eliminated.
  74 0000 80B4     		push	{r7}
  75              		.cfi_def_cfa_offset 4
  76              		.cfi_offset 7, -4
  77 0002 85B0     		sub	sp, sp, #20
  78              		.cfi_def_cfa_offset 24
  79 0004 00AF     		add	r7, sp, #0
  80              		.cfi_def_cfa_register 7
  81 0006 7860     		str	r0, [r7, #4]
  82 0008 3960     		str	r1, [r7]
  60:..\src/utils.c **** 
  61:..\src/utils.c ****     int32 aux;
  62:..\src/utils.c **** 
  63:..\src/utils.c ****     aux = (f->old_value * (1024 - f->gain) + (new_value << 6) * (f->gain)) /1024;
  83              		.loc 1 63 0
  84 000a 3B68     		ldr	r3, [r7]
  85 000c 1B68     		ldr	r3, [r3]
  86 000e 3A68     		ldr	r2, [r7]
  87 0010 5268     		ldr	r2, [r2, #4]
  88 0012 C2F58062 		rsb	r2, r2, #1024
  89 0016 02FB03F2 		mul	r2, r2, r3
  90 001a 7B68     		ldr	r3, [r7, #4]
  91 001c 9B01     		lsls	r3, r3, #6
  92 001e 3968     		ldr	r1, [r7]
  93 0020 4968     		ldr	r1, [r1, #4]
  94 0022 01FB03F3 		mul	r3, r1, r3
  95 0026 1344     		add	r3, r3, r2
  96 0028 002B     		cmp	r3, #0
  97 002a 01DA     		bge	.L4
  98 002c 03F2FF33 		addw	r3, r3, #1023
  99              	.L4:
 100 0030 9B12     		asrs	r3, r3, #10
 101 0032 FB60     		str	r3, [r7, #12]
  64:..\src/utils.c **** 
  65:..\src/utils.c ****     f->old_value = aux;
 102              		.loc 1 65 0
 103 0034 3B68     		ldr	r3, [r7]
 104 0036 FA68     		ldr	r2, [r7, #12]
 105 0038 1A60     		str	r2, [r3]
  66:..\src/utils.c **** 
ARM GAS  C:\Users\mgnocco\AppData\Local\Temp\ccf5rW6O.s 			page 4


  67:..\src/utils.c ****     return (aux / 64);
 106              		.loc 1 67 0
 107 003a FB68     		ldr	r3, [r7, #12]
 108 003c 002B     		cmp	r3, #0
 109 003e 00DA     		bge	.L5
 110 0040 3F33     		adds	r3, r3, #63
 111              	.L5:
 112 0042 9B11     		asrs	r3, r3, #6
  68:..\src/utils.c **** }
 113              		.loc 1 68 0
 114 0044 1846     		mov	r0, r3
 115 0046 1437     		adds	r7, r7, #20
 116              		.cfi_def_cfa_offset 4
 117 0048 BD46     		mov	sp, r7
 118              		.cfi_def_cfa_register 13
 119              		@ sp needed
 120 004a 80BC     		pop	{r7}
 121              		.cfi_restore 7
 122              		.cfi_def_cfa_offset 0
 123 004c 7047     		bx	lr
 124              		.cfi_endproc
 125              	.LFE65:
 126              		.size	filter, .-filter
 127 004e 00BF     		.section	.text.my_mod,"ax",%progbits
 128              		.align	2
 129              		.global	my_mod
 130              		.thumb
 131              		.thumb_func
 132              		.type	my_mod, %function
 133              	my_mod:
 134              	.LFB66:
  69:..\src/utils.c **** 
  70:..\src/utils.c **** //==============================================================================
  71:..\src/utils.c **** //                                                                        MODULE
  72:..\src/utils.c **** //==============================================================================
  73:..\src/utils.c **** 
  74:..\src/utils.c **** uint32 my_mod(int32 val, int32 divisor) {
 135              		.loc 1 74 0
 136              		.cfi_startproc
 137              		@ args = 0, pretend = 0, frame = 8
 138              		@ frame_needed = 1, uses_anonymous_args = 0
 139              		@ link register save eliminated.
 140 0000 80B4     		push	{r7}
 141              		.cfi_def_cfa_offset 4
 142              		.cfi_offset 7, -4
 143 0002 83B0     		sub	sp, sp, #12
 144              		.cfi_def_cfa_offset 16
 145 0004 00AF     		add	r7, sp, #0
 146              		.cfi_def_cfa_register 7
 147 0006 7860     		str	r0, [r7, #4]
 148 0008 3960     		str	r1, [r7]
  75:..\src/utils.c **** 
  76:..\src/utils.c ****     if (val >= 0) {
 149              		.loc 1 76 0
 150 000a 7B68     		ldr	r3, [r7, #4]
 151 000c 002B     		cmp	r3, #0
 152 000e 08DB     		blt	.L8
ARM GAS  C:\Users\mgnocco\AppData\Local\Temp\ccf5rW6O.s 			page 5


  77:..\src/utils.c ****         return (int32)(val % divisor);
 153              		.loc 1 77 0
 154 0010 7B68     		ldr	r3, [r7, #4]
 155 0012 3A68     		ldr	r2, [r7]
 156 0014 93FBF2F2 		sdiv	r2, r3, r2
 157 0018 3968     		ldr	r1, [r7]
 158 001a 01FB02F2 		mul	r2, r1, r2
 159 001e 9B1A     		subs	r3, r3, r2
 160 0020 11E0     		b	.L9
 161              	.L8:
  78:..\src/utils.c ****     } else {
  79:..\src/utils.c ****         return (int32)((divisor - (-val % divisor)) % divisor);
 162              		.loc 1 79 0
 163 0022 7B68     		ldr	r3, [r7, #4]
 164 0024 5B42     		negs	r3, r3
 165 0026 3A68     		ldr	r2, [r7]
 166 0028 93FBF2F2 		sdiv	r2, r3, r2
 167 002c 3968     		ldr	r1, [r7]
 168 002e 01FB02F2 		mul	r2, r1, r2
 169 0032 9B1A     		subs	r3, r3, r2
 170 0034 3A68     		ldr	r2, [r7]
 171 0036 D31A     		subs	r3, r2, r3
 172 0038 3A68     		ldr	r2, [r7]
 173 003a 93FBF2F2 		sdiv	r2, r3, r2
 174 003e 3968     		ldr	r1, [r7]
 175 0040 01FB02F2 		mul	r2, r1, r2
 176 0044 9B1A     		subs	r3, r3, r2
 177              	.L9:
  80:..\src/utils.c ****     }
  81:..\src/utils.c **** }
 178              		.loc 1 81 0
 179 0046 1846     		mov	r0, r3
 180 0048 0C37     		adds	r7, r7, #12
 181              		.cfi_def_cfa_offset 4
 182 004a BD46     		mov	sp, r7
 183              		.cfi_def_cfa_register 13
 184              		@ sp needed
 185 004c 80BC     		pop	{r7}
 186              		.cfi_restore 7
 187              		.cfi_def_cfa_offset 0
 188 004e 7047     		bx	lr
 189              		.cfi_endproc
 190              	.LFE66:
 191              		.size	my_mod, .-my_mod
 192              		.section	.text.calibration,"ax",%progbits
 193              		.align	2
 194              		.global	calibration
 195              		.thumb
 196              		.thumb_func
 197              		.type	calibration, %function
 198              	calibration:
 199              	.LFB67:
  82:..\src/utils.c **** 
  83:..\src/utils.c **** 
  84:..\src/utils.c **** //==============================================================================
  85:..\src/utils.c **** //                                                                     CALIBRATE
  86:..\src/utils.c **** //==============================================================================
ARM GAS  C:\Users\mgnocco\AppData\Local\Temp\ccf5rW6O.s 			page 6


  87:..\src/utils.c **** 
  88:..\src/utils.c **** void calibration(void) {
 200              		.loc 1 88 0
 201              		.cfi_startproc
 202              		@ args = 0, pretend = 0, frame = 0
 203              		@ frame_needed = 1, uses_anonymous_args = 0
 204              		@ link register save eliminated.
 205 0000 80B4     		push	{r7}
 206              		.cfi_def_cfa_offset 4
 207              		.cfi_offset 7, -4
 208 0002 00AF     		add	r7, sp, #0
 209              		.cfi_def_cfa_register 7
  89:..\src/utils.c ****    
  90:..\src/utils.c **** }
 210              		.loc 1 90 0
 211 0004 00BF     		nop
 212 0006 BD46     		mov	sp, r7
 213              		.cfi_def_cfa_register 13
 214              		@ sp needed
 215 0008 80BC     		pop	{r7}
 216              		.cfi_restore 7
 217              		.cfi_def_cfa_offset 0
 218 000a 7047     		bx	lr
 219              		.cfi_endproc
 220              	.LFE67:
 221              		.size	calibration, .-calibration
 222              		.section	.text.calc_turns_fcn_SH,"ax",%progbits
 223              		.align	2
 224              		.global	calc_turns_fcn_SH
 225              		.thumb
 226              		.thumb_func
 227              		.type	calc_turns_fcn_SH, %function
 228              	calc_turns_fcn_SH:
 229              	.LFB68:
  91:..\src/utils.c **** 
  92:..\src/utils.c **** 
  93:..\src/utils.c **** //==============================================================================
  94:..\src/utils.c **** //                                                      DOUBLE ENCODER CALC TURN
  95:..\src/utils.c **** //==============================================================================
  96:..\src/utils.c **** 
  97:..\src/utils.c **** // Use this matlab function to calculate I1 and I2
  98:..\src/utils.c **** //
  99:..\src/utils.c **** // function [inv_a, inv_b] = mod_mul_inv(a, b)
 100:..\src/utils.c **** //     a = int32(a);
 101:..\src/utils.c **** //     b = int32(b);
 102:..\src/utils.c **** //     if b == 0
 103:..\src/utils.c **** //         inv_a = 1;
 104:..\src/utils.c **** //         inv_b = 0;
 105:..\src/utils.c **** //         return
 106:..\src/utils.c **** //     else
 107:..\src/utils.c **** //         q = idivide(a,b,'floor');
 108:..\src/utils.c **** //         r = mod(a,b);
 109:..\src/utils.c **** //         [s, t] = mod_mul_inv(b, r);
 110:..\src/utils.c **** //     end
 111:..\src/utils.c **** //     inv_a = t;
 112:..\src/utils.c **** //     inv_b = s - q * t;
 113:..\src/utils.c **** // return
ARM GAS  C:\Users\mgnocco\AppData\Local\Temp\ccf5rW6O.s 			page 7


 114:..\src/utils.c **** 
 115:..\src/utils.c **** // Number of ticks per turn
 116:..\src/utils.c **** #define M 65536          ///< Number of encoder ticks per turn.
 117:..\src/utils.c **** 
 118:..\src/utils.c **** int calc_turns_fcn_SH(const int32 pos1, const int32 pos2, const int N1, const int N2, const int I1)
 230              		.loc 1 118 0
 231              		.cfi_startproc
 232              		@ args = 4, pretend = 0, frame = 16
 233              		@ frame_needed = 1, uses_anonymous_args = 0
 234              		@ link register save eliminated.
 235 0000 80B4     		push	{r7}
 236              		.cfi_def_cfa_offset 4
 237              		.cfi_offset 7, -4
 238 0002 85B0     		sub	sp, sp, #20
 239              		.cfi_def_cfa_offset 24
 240 0004 00AF     		add	r7, sp, #0
 241              		.cfi_def_cfa_register 7
 242 0006 F860     		str	r0, [r7, #12]
 243 0008 B960     		str	r1, [r7, #8]
 244 000a 7A60     		str	r2, [r7, #4]
 245 000c 3B60     		str	r3, [r7]
 119:..\src/utils.c ****      return 0; 
 246              		.loc 1 119 0
 247 000e 0023     		movs	r3, #0
 120:..\src/utils.c **** 
 121:..\src/utils.c **** }
 248              		.loc 1 121 0
 249 0010 1846     		mov	r0, r3
 250 0012 1437     		adds	r7, r7, #20
 251              		.cfi_def_cfa_offset 4
 252 0014 BD46     		mov	sp, r7
 253              		.cfi_def_cfa_register 13
 254              		@ sp needed
 255 0016 80BC     		pop	{r7}
 256              		.cfi_restore 7
 257              		.cfi_def_cfa_offset 0
 258 0018 7047     		bx	lr
 259              		.cfi_endproc
 260              	.LFE68:
 261              		.size	calc_turns_fcn_SH, .-calc_turns_fcn_SH
 262 001a 00BF     		.section	.text.calc_turns_fcn,"ax",%progbits
 263              		.align	2
 264              		.global	calc_turns_fcn
 265              		.thumb
 266              		.thumb_func
 267              		.type	calc_turns_fcn, %function
 268              	calc_turns_fcn:
 269              	.LFB69:
 122:..\src/utils.c **** 
 123:..\src/utils.c **** int calc_turns_fcn(const int32 pos1, const int32 pos2, const int N1, const int N2, const int I1) { 
 270              		.loc 1 123 0
 271              		.cfi_startproc
 272              		@ args = 4, pretend = 0, frame = 16
 273              		@ frame_needed = 1, uses_anonymous_args = 0
 274              		@ link register save eliminated.
 275 0000 80B4     		push	{r7}
 276              		.cfi_def_cfa_offset 4
ARM GAS  C:\Users\mgnocco\AppData\Local\Temp\ccf5rW6O.s 			page 8


 277              		.cfi_offset 7, -4
 278 0002 85B0     		sub	sp, sp, #20
 279              		.cfi_def_cfa_offset 24
 280 0004 00AF     		add	r7, sp, #0
 281              		.cfi_def_cfa_register 7
 282 0006 F860     		str	r0, [r7, #12]
 283 0008 B960     		str	r1, [r7, #8]
 284 000a 7A60     		str	r2, [r7, #4]
 285 000c 3B60     		str	r3, [r7]
 124:..\src/utils.c **** return 0;
 286              		.loc 1 124 0
 287 000e 0023     		movs	r3, #0
 125:..\src/utils.c **** }
 288              		.loc 1 125 0
 289 0010 1846     		mov	r0, r3
 290 0012 1437     		adds	r7, r7, #20
 291              		.cfi_def_cfa_offset 4
 292 0014 BD46     		mov	sp, r7
 293              		.cfi_def_cfa_register 13
 294              		@ sp needed
 295 0016 80BC     		pop	{r7}
 296              		.cfi_restore 7
 297              		.cfi_def_cfa_offset 0
 298 0018 7047     		bx	lr
 299              		.cfi_endproc
 300              	.LFE69:
 301              		.size	calc_turns_fcn, .-calc_turns_fcn
 302 001a 00BF     		.section	.text.check_rest_position,"ax",%progbits
 303              		.align	2
 304              		.global	check_rest_position
 305              		.thumb
 306              		.thumb_func
 307              		.type	check_rest_position, %function
 308              	check_rest_position:
 309              	.LFB70:
 126:..\src/utils.c **** 
 127:..\src/utils.c **** //==============================================================================
 128:..\src/utils.c **** //                                                                 REST POSITION
 129:..\src/utils.c **** //==============================================================================
 130:..\src/utils.c **** void check_rest_position(void) {     // 100 Hz frequency.
 310              		.loc 1 130 0
 311              		.cfi_startproc
 312              		@ args = 0, pretend = 0, frame = 0
 313              		@ frame_needed = 1, uses_anonymous_args = 0
 314              		@ link register save eliminated.
 315 0000 80B4     		push	{r7}
 316              		.cfi_def_cfa_offset 4
 317              		.cfi_offset 7, -4
 318 0002 00AF     		add	r7, sp, #0
 319              		.cfi_def_cfa_register 7
 131:..\src/utils.c ****    
 132:..\src/utils.c **** }
 320              		.loc 1 132 0
 321 0004 00BF     		nop
 322 0006 BD46     		mov	sp, r7
 323              		.cfi_def_cfa_register 13
 324              		@ sp needed
ARM GAS  C:\Users\mgnocco\AppData\Local\Temp\ccf5rW6O.s 			page 9


 325 0008 80BC     		pop	{r7}
 326              		.cfi_restore 7
 327              		.cfi_def_cfa_offset 0
 328 000a 7047     		bx	lr
 329              		.cfi_endproc
 330              	.LFE70:
 331              		.size	check_rest_position, .-check_rest_position
 332              		.section	.text.LED_control,"ax",%progbits
 333              		.align	2
 334              		.global	LED_control
 335              		.thumb
 336              		.thumb_func
 337              		.type	LED_control, %function
 338              	LED_control:
 339              	.LFB71:
 133:..\src/utils.c **** 
 134:..\src/utils.c **** //==============================================================================
 135:..\src/utils.c **** //                                                                   LED CONTROL
 136:..\src/utils.c **** //==============================================================================
 137:..\src/utils.c **** 
 138:..\src/utils.c **** void LED_control(uint8 mode) {
 340              		.loc 1 138 0
 341              		.cfi_startproc
 342              		@ args = 0, pretend = 0, frame = 8
 343              		@ frame_needed = 1, uses_anonymous_args = 0
 344              		@ link register save eliminated.
 345 0000 80B4     		push	{r7}
 346              		.cfi_def_cfa_offset 4
 347              		.cfi_offset 7, -4
 348 0002 83B0     		sub	sp, sp, #12
 349              		.cfi_def_cfa_offset 16
 350 0004 00AF     		add	r7, sp, #0
 351              		.cfi_def_cfa_register 7
 352 0006 0346     		mov	r3, r0
 353 0008 FB71     		strb	r3, [r7, #7]
 139:..\src/utils.c ****   
 140:..\src/utils.c **** }
 354              		.loc 1 140 0
 355 000a 00BF     		nop
 356 000c 0C37     		adds	r7, r7, #12
 357              		.cfi_def_cfa_offset 4
 358 000e BD46     		mov	sp, r7
 359              		.cfi_def_cfa_register 13
 360              		@ sp needed
 361 0010 80BC     		pop	{r7}
 362              		.cfi_restore 7
 363              		.cfi_def_cfa_offset 0
 364 0012 7047     		bx	lr
 365              		.cfi_endproc
 366              	.LFE71:
 367              		.size	LED_control, .-LED_control
 368              		.section	.text.battery_management,"ax",%progbits
 369              		.align	2
 370              		.global	battery_management
 371              		.thumb
 372              		.thumb_func
 373              		.type	battery_management, %function
ARM GAS  C:\Users\mgnocco\AppData\Local\Temp\ccf5rW6O.s 			page 10


 374              	battery_management:
 375              	.LFB72:
 141:..\src/utils.c **** 
 142:..\src/utils.c **** 
 143:..\src/utils.c **** //==============================================================================
 144:..\src/utils.c **** //                                                            BATTERY MANAGEMENT
 145:..\src/utils.c **** //==============================================================================
 146:..\src/utils.c **** void battery_management() {
 376              		.loc 1 146 0
 377              		.cfi_startproc
 378              		@ args = 0, pretend = 0, frame = 0
 379              		@ frame_needed = 1, uses_anonymous_args = 0
 380              		@ link register save eliminated.
 381 0000 80B4     		push	{r7}
 382              		.cfi_def_cfa_offset 4
 383              		.cfi_offset 7, -4
 384 0002 00AF     		add	r7, sp, #0
 385              		.cfi_def_cfa_register 7
 147:..\src/utils.c ****   
 148:..\src/utils.c **** }
 386              		.loc 1 148 0
 387 0004 00BF     		nop
 388 0006 BD46     		mov	sp, r7
 389              		.cfi_def_cfa_register 13
 390              		@ sp needed
 391 0008 80BC     		pop	{r7}
 392              		.cfi_restore 7
 393              		.cfi_def_cfa_offset 0
 394 000a 7047     		bx	lr
 395              		.cfi_endproc
 396              	.LFE72:
 397              		.size	battery_management, .-battery_management
 398              		.section	.text.ADC_Set_N_Channels,"ax",%progbits
 399              		.align	2
 400              		.global	ADC_Set_N_Channels
 401              		.thumb
 402              		.thumb_func
 403              		.type	ADC_Set_N_Channels, %function
 404              	ADC_Set_N_Channels:
 405              	.LFB73:
 149:..\src/utils.c **** 
 150:..\src/utils.c **** //==============================================================================
 151:..\src/utils.c **** //                                                         ADC SET CHANNELS USED
 152:..\src/utils.c **** //==============================================================================
 153:..\src/utils.c **** void ADC_Set_N_Channels() {
 406              		.loc 1 153 0
 407              		.cfi_startproc
 408              		@ args = 0, pretend = 0, frame = 0
 409              		@ frame_needed = 1, uses_anonymous_args = 0
 410              		@ link register save eliminated.
 411 0000 80B4     		push	{r7}
 412              		.cfi_def_cfa_offset 4
 413              		.cfi_offset 7, -4
 414 0002 00AF     		add	r7, sp, #0
 415              		.cfi_def_cfa_register 7
 154:..\src/utils.c ****    
 155:..\src/utils.c **** }
ARM GAS  C:\Users\mgnocco\AppData\Local\Temp\ccf5rW6O.s 			page 11


 416              		.loc 1 155 0
 417 0004 00BF     		nop
 418 0006 BD46     		mov	sp, r7
 419              		.cfi_def_cfa_register 13
 420              		@ sp needed
 421 0008 80BC     		pop	{r7}
 422              		.cfi_restore 7
 423              		.cfi_def_cfa_offset 0
 424 000a 7047     		bx	lr
 425              		.cfi_endproc
 426              	.LFE73:
 427              		.size	ADC_Set_N_Channels, .-ADC_Set_N_Channels
 428              		.section	.text.enable_motor,"ax",%progbits
 429              		.align	2
 430              		.global	enable_motor
 431              		.thumb
 432              		.thumb_func
 433              		.type	enable_motor, %function
 434              	enable_motor:
 435              	.LFB74:
 156:..\src/utils.c **** 
 157:..\src/utils.c **** //==============================================================================
 158:..\src/utils.c **** //                                                                  ENABLE MOTOR
 159:..\src/utils.c **** //==============================================================================
 160:..\src/utils.c **** void enable_motor(uint8 idx, uint8 val){
 436              		.loc 1 160 0
 437              		.cfi_startproc
 438              		@ args = 0, pretend = 0, frame = 8
 439              		@ frame_needed = 1, uses_anonymous_args = 0
 440              		@ link register save eliminated.
 441 0000 80B4     		push	{r7}
 442              		.cfi_def_cfa_offset 4
 443              		.cfi_offset 7, -4
 444 0002 83B0     		sub	sp, sp, #12
 445              		.cfi_def_cfa_offset 16
 446 0004 00AF     		add	r7, sp, #0
 447              		.cfi_def_cfa_register 7
 448 0006 0346     		mov	r3, r0
 449 0008 0A46     		mov	r2, r1
 450 000a FB71     		strb	r3, [r7, #7]
 451 000c 1346     		mov	r3, r2
 452 000e BB71     		strb	r3, [r7, #6]
 161:..\src/utils.c ****   
 162:..\src/utils.c **** }
 453              		.loc 1 162 0
 454 0010 00BF     		nop
 455 0012 0C37     		adds	r7, r7, #12
 456              		.cfi_def_cfa_offset 4
 457 0014 BD46     		mov	sp, r7
 458              		.cfi_def_cfa_register 13
 459              		@ sp needed
 460 0016 80BC     		pop	{r7}
 461              		.cfi_restore 7
 462              		.cfi_def_cfa_offset 0
 463 0018 7047     		bx	lr
 464              		.cfi_endproc
 465              	.LFE74:
ARM GAS  C:\Users\mgnocco\AppData\Local\Temp\ccf5rW6O.s 			page 12


 466              		.size	enable_motor, .-enable_motor
 467 001a 00BF     		.section	.text.reset_counters,"ax",%progbits
 468              		.align	2
 469              		.global	reset_counters
 470              		.thumb
 471              		.thumb_func
 472              		.type	reset_counters, %function
 473              	reset_counters:
 474              	.LFB75:
 163:..\src/utils.c **** 
 164:..\src/utils.c **** 
 165:..\src/utils.c **** 
 166:..\src/utils.c **** //==============================================================================
 167:..\src/utils.c **** //                                                              RESET COUNTERS
 168:..\src/utils.c **** //==============================================================================
 169:..\src/utils.c **** void reset_counters() {
 475              		.loc 1 169 0
 476              		.cfi_startproc
 477              		@ args = 0, pretend = 0, frame = 0
 478              		@ frame_needed = 1, uses_anonymous_args = 0
 479              		@ link register save eliminated.
 480 0000 80B4     		push	{r7}
 481              		.cfi_def_cfa_offset 4
 482              		.cfi_offset 7, -4
 483 0002 00AF     		add	r7, sp, #0
 484              		.cfi_def_cfa_register 7
 170:..\src/utils.c ****    }
 485              		.loc 1 170 0
 486 0004 00BF     		nop
 487 0006 BD46     		mov	sp, r7
 488              		.cfi_def_cfa_register 13
 489              		@ sp needed
 490 0008 80BC     		pop	{r7}
 491              		.cfi_restore 7
 492              		.cfi_def_cfa_offset 0
 493 000a 7047     		bx	lr
 494              		.cfi_endproc
 495              	.LFE75:
 496              		.size	reset_counters, .-reset_counters
 497              		.section	.text.invSqrt,"ax",%progbits
 498              		.align	2
 499              		.global	invSqrt
 500              		.thumb
 501              		.thumb_func
 502              		.type	invSqrt, %function
 503              	invSqrt:
 504              	.LFB76:
 171:..\src/utils.c **** 
 172:..\src/utils.c **** 
 173:..\src/utils.c **** //==============================================================================
 174:..\src/utils.c **** //                                                                       INVSQRT
 175:..\src/utils.c **** //==============================================================================
 176:..\src/utils.c **** float invSqrt(float x) {
 505              		.loc 1 176 0
 506              		.cfi_startproc
 507              		@ args = 0, pretend = 0, frame = 8
 508              		@ frame_needed = 1, uses_anonymous_args = 0
ARM GAS  C:\Users\mgnocco\AppData\Local\Temp\ccf5rW6O.s 			page 13


 509              		@ link register save eliminated.
 510 0000 80B4     		push	{r7}
 511              		.cfi_def_cfa_offset 4
 512              		.cfi_offset 7, -4
 513 0002 83B0     		sub	sp, sp, #12
 514              		.cfi_def_cfa_offset 16
 515 0004 00AF     		add	r7, sp, #0
 516              		.cfi_def_cfa_register 7
 517 0006 7860     		str	r0, [r7, #4]	@ float
 177:..\src/utils.c **** 
 178:..\src/utils.c **** 	return 0;
 518              		.loc 1 178 0
 519 0008 4FF00003 		mov	r3, #0
 179:..\src/utils.c **** }
 520              		.loc 1 179 0
 521 000c 1846     		mov	r0, r3
 522 000e 0C37     		adds	r7, r7, #12
 523              		.cfi_def_cfa_offset 4
 524 0010 BD46     		mov	sp, r7
 525              		.cfi_def_cfa_register 13
 526              		@ sp needed
 527 0012 80BC     		pop	{r7}
 528              		.cfi_restore 7
 529              		.cfi_def_cfa_offset 0
 530 0014 7047     		bx	lr
 531              		.cfi_endproc
 532              	.LFE76:
 533              		.size	invSqrt, .-invSqrt
 534 0016 00BF     		.section	.text.v3_normalize,"ax",%progbits
 535              		.align	2
 536              		.global	v3_normalize
 537              		.thumb
 538              		.thumb_func
 539              		.type	v3_normalize, %function
 540              	v3_normalize:
 541              	.LFB77:
 180:..\src/utils.c **** 
 181:..\src/utils.c **** //==============================================================================
 182:..\src/utils.c **** //                                                                  V3_NORMALIZE
 183:..\src/utils.c **** //==============================================================================
 184:..\src/utils.c **** void v3_normalize(float v3_in[3]){
 542              		.loc 1 184 0
 543              		.cfi_startproc
 544              		@ args = 0, pretend = 0, frame = 8
 545              		@ frame_needed = 1, uses_anonymous_args = 0
 546              		@ link register save eliminated.
 547 0000 80B4     		push	{r7}
 548              		.cfi_def_cfa_offset 4
 549              		.cfi_offset 7, -4
 550 0002 83B0     		sub	sp, sp, #12
 551              		.cfi_def_cfa_offset 16
 552 0004 00AF     		add	r7, sp, #0
 553              		.cfi_def_cfa_register 7
 554 0006 7860     		str	r0, [r7, #4]
 185:..\src/utils.c ****    
 186:..\src/utils.c **** }
 555              		.loc 1 186 0
ARM GAS  C:\Users\mgnocco\AppData\Local\Temp\ccf5rW6O.s 			page 14


 556 0008 00BF     		nop
 557 000a 0C37     		adds	r7, r7, #12
 558              		.cfi_def_cfa_offset 4
 559 000c BD46     		mov	sp, r7
 560              		.cfi_def_cfa_register 13
 561              		@ sp needed
 562 000e 80BC     		pop	{r7}
 563              		.cfi_restore 7
 564              		.cfi_def_cfa_offset 0
 565 0010 7047     		bx	lr
 566              		.cfi_endproc
 567              	.LFE77:
 568              		.size	v3_normalize, .-v3_normalize
 569 0012 00BF     		.section	.text.v4_normalize,"ax",%progbits
 570              		.align	2
 571              		.global	v4_normalize
 572              		.thumb
 573              		.thumb_func
 574              		.type	v4_normalize, %function
 575              	v4_normalize:
 576              	.LFB78:
 187:..\src/utils.c ****  
 188:..\src/utils.c **** //==============================================================================
 189:..\src/utils.c **** //                                                                  V4_NORMALIZE
 190:..\src/utils.c **** //==============================================================================
 191:..\src/utils.c **** void v4_normalize(float v4_in[4]){
 577              		.loc 1 191 0
 578              		.cfi_startproc
 579              		@ args = 0, pretend = 0, frame = 8
 580              		@ frame_needed = 1, uses_anonymous_args = 0
 581              		@ link register save eliminated.
 582 0000 80B4     		push	{r7}
 583              		.cfi_def_cfa_offset 4
 584              		.cfi_offset 7, -4
 585 0002 83B0     		sub	sp, sp, #12
 586              		.cfi_def_cfa_offset 16
 587 0004 00AF     		add	r7, sp, #0
 588              		.cfi_def_cfa_register 7
 589 0006 7860     		str	r0, [r7, #4]
 192:..\src/utils.c ****     
 193:..\src/utils.c **** }
 590              		.loc 1 193 0
 591 0008 00BF     		nop
 592 000a 0C37     		adds	r7, r7, #12
 593              		.cfi_def_cfa_offset 4
 594 000c BD46     		mov	sp, r7
 595              		.cfi_def_cfa_register 13
 596              		@ sp needed
 597 000e 80BC     		pop	{r7}
 598              		.cfi_restore 7
 599              		.cfi_def_cfa_offset 0
 600 0010 7047     		bx	lr
 601              		.cfi_endproc
 602              	.LFE78:
 603              		.size	v4_normalize, .-v4_normalize
 604 0012 00BF     		.section	.text.update_EMG_history,"ax",%progbits
 605              		.align	2
ARM GAS  C:\Users\mgnocco\AppData\Local\Temp\ccf5rW6O.s 			page 15


 606              		.global	update_EMG_history
 607              		.thumb
 608              		.thumb_func
 609              		.type	update_EMG_history, %function
 610              	update_EMG_history:
 611              	.LFB79:
 194:..\src/utils.c **** 
 195:..\src/utils.c **** //==============================================================================
 196:..\src/utils.c **** //                                                            UPDATE_EMG_HISTORY
 197:..\src/utils.c **** //==============================================================================
 198:..\src/utils.c **** void update_EMG_history(){
 612              		.loc 1 198 0
 613              		.cfi_startproc
 614              		@ args = 0, pretend = 0, frame = 0
 615              		@ frame_needed = 1, uses_anonymous_args = 0
 616              		@ link register save eliminated.
 617 0000 80B4     		push	{r7}
 618              		.cfi_def_cfa_offset 4
 619              		.cfi_offset 7, -4
 620 0002 00AF     		add	r7, sp, #0
 621              		.cfi_def_cfa_register 7
 199:..\src/utils.c ****     
 200:..\src/utils.c **** }
 622              		.loc 1 200 0
 623 0004 00BF     		nop
 624 0006 BD46     		mov	sp, r7
 625              		.cfi_def_cfa_register 13
 626              		@ sp needed
 627 0008 80BC     		pop	{r7}
 628              		.cfi_restore 7
 629              		.cfi_def_cfa_offset 0
 630 000a 7047     		bx	lr
 631              		.cfi_endproc
 632              	.LFE79:
 633              		.size	update_EMG_history, .-update_EMG_history
 634              		.section	.text.set_motor_driver_type,"ax",%progbits
 635              		.align	2
 636              		.global	set_motor_driver_type
 637              		.thumb
 638              		.thumb_func
 639              		.type	set_motor_driver_type, %function
 640              	set_motor_driver_type:
 641              	.LFB80:
 201:..\src/utils.c **** 
 202:..\src/utils.c **** //==============================================================================
 203:..\src/utils.c **** //                                                         SET MOTOR DRIVER TYPE
 204:..\src/utils.c **** //==============================================================================
 205:..\src/utils.c **** void set_motor_driver_type(){
 642              		.loc 1 205 0
 643              		.cfi_startproc
 644              		@ args = 0, pretend = 0, frame = 0
 645              		@ frame_needed = 1, uses_anonymous_args = 0
 646              		@ link register save eliminated.
 647 0000 80B4     		push	{r7}
 648              		.cfi_def_cfa_offset 4
 649              		.cfi_offset 7, -4
 650 0002 00AF     		add	r7, sp, #0
ARM GAS  C:\Users\mgnocco\AppData\Local\Temp\ccf5rW6O.s 			page 16


 651              		.cfi_def_cfa_register 7
 206:..\src/utils.c ****     
 207:..\src/utils.c **** }
 652              		.loc 1 207 0
 653 0004 00BF     		nop
 654 0006 BD46     		mov	sp, r7
 655              		.cfi_def_cfa_register 13
 656              		@ sp needed
 657 0008 80BC     		pop	{r7}
 658              		.cfi_restore 7
 659              		.cfi_def_cfa_offset 0
 660 000a 7047     		bx	lr
 661              		.cfi_endproc
 662              	.LFE80:
 663              		.size	set_motor_driver_type, .-set_motor_driver_type
 664              		.text
 665              	.Letext0:
 666              		.file 2 "c:\\program files (x86)\\cypress\\psoc creator\\4.4\\psoc creator\\import\\gnu\\arm\\5.4.
 667              		.file 3 "c:\\program files (x86)\\cypress\\psoc creator\\4.4\\psoc creator\\import\\gnu\\arm\\5.4.
 668              		.file 4 "Generated_Source\\PSoC5/cytypes.h"
 669              		.file 5 "..\\src\\globals.h"
 670              		.file 6 "Generated_Source\\PSoC5/core_cm3.h"
 671              		.section	.debug_info,"",%progbits
 672              	.Ldebug_info0:
 673 0000 D0030000 		.4byte	0x3d0
 674 0004 0400     		.2byte	0x4
 675 0006 00000000 		.4byte	.Ldebug_abbrev0
 676 000a 04       		.byte	0x4
 677 000b 01       		.uleb128 0x1
 678 000c 06000000 		.4byte	.LASF45
 679 0010 0C       		.byte	0xc
 680 0011 EA010000 		.4byte	.LASF46
 681 0015 25010000 		.4byte	.LASF47
 682 0019 00000000 		.4byte	.Ldebug_ranges0+0
 683 001d 00000000 		.4byte	0
 684 0021 00000000 		.4byte	.Ldebug_line0
 685 0025 02       		.uleb128 0x2
 686 0026 01       		.byte	0x1
 687 0027 06       		.byte	0x6
 688 0028 F9020000 		.4byte	.LASF0
 689 002c 02       		.uleb128 0x2
 690 002d 01       		.byte	0x1
 691 002e 08       		.byte	0x8
 692 002f 17010000 		.4byte	.LASF1
 693 0033 02       		.uleb128 0x2
 694 0034 02       		.byte	0x2
 695 0035 05       		.byte	0x5
 696 0036 E0010000 		.4byte	.LASF2
 697 003a 02       		.uleb128 0x2
 698 003b 02       		.byte	0x2
 699 003c 07       		.byte	0x7
 700 003d 5F020000 		.4byte	.LASF3
 701 0041 03       		.uleb128 0x3
 702 0042 9F000000 		.4byte	.LASF9
 703 0046 02       		.byte	0x2
 704 0047 3F       		.byte	0x3f
 705 0048 4C000000 		.4byte	0x4c
ARM GAS  C:\Users\mgnocco\AppData\Local\Temp\ccf5rW6O.s 			page 17


 706 004c 02       		.uleb128 0x2
 707 004d 04       		.byte	0x4
 708 004e 05       		.byte	0x5
 709 004f D8020000 		.4byte	.LASF4
 710 0053 02       		.uleb128 0x2
 711 0054 04       		.byte	0x4
 712 0055 07       		.byte	0x7
 713 0056 AD010000 		.4byte	.LASF5
 714 005a 02       		.uleb128 0x2
 715 005b 08       		.byte	0x8
 716 005c 05       		.byte	0x5
 717 005d 72020000 		.4byte	.LASF6
 718 0061 02       		.uleb128 0x2
 719 0062 08       		.byte	0x8
 720 0063 07       		.byte	0x7
 721 0064 F1000000 		.4byte	.LASF7
 722 0068 04       		.uleb128 0x4
 723 0069 04       		.byte	0x4
 724 006a 05       		.byte	0x5
 725 006b 696E7400 		.ascii	"int\000"
 726 006f 02       		.uleb128 0x2
 727 0070 04       		.byte	0x4
 728 0071 07       		.byte	0x7
 729 0072 B3000000 		.4byte	.LASF8
 730 0076 03       		.uleb128 0x3
 731 0077 4E020000 		.4byte	.LASF10
 732 007b 03       		.byte	0x3
 733 007c 2C       		.byte	0x2c
 734 007d 41000000 		.4byte	0x41
 735 0081 05       		.uleb128 0x5
 736 0082 BF010000 		.4byte	.LASF11
 737 0086 04       		.byte	0x4
 738 0087 E401     		.2byte	0x1e4
 739 0089 2C000000 		.4byte	0x2c
 740 008d 05       		.uleb128 0x5
 741 008e 00020000 		.4byte	.LASF12
 742 0092 04       		.byte	0x4
 743 0093 E601     		.2byte	0x1e6
 744 0095 53000000 		.4byte	0x53
 745 0099 05       		.uleb128 0x5
 746 009a 00000000 		.4byte	.LASF13
 747 009e 04       		.byte	0x4
 748 009f E901     		.2byte	0x1e9
 749 00a1 4C000000 		.4byte	0x4c
 750 00a5 02       		.uleb128 0x2
 751 00a6 04       		.byte	0x4
 752 00a7 04       		.byte	0x4
 753 00a8 EB000000 		.4byte	.LASF14
 754 00ac 02       		.uleb128 0x2
 755 00ad 08       		.byte	0x8
 756 00ae 04       		.byte	0x4
 757 00af D9010000 		.4byte	.LASF15
 758 00b3 02       		.uleb128 0x2
 759 00b4 01       		.byte	0x1
 760 00b5 08       		.byte	0x8
 761 00b6 20020000 		.4byte	.LASF16
 762 00ba 02       		.uleb128 0x2
ARM GAS  C:\Users\mgnocco\AppData\Local\Temp\ccf5rW6O.s 			page 18


 763 00bb 08       		.byte	0x8
 764 00bc 04       		.byte	0x4
 765 00bd ED020000 		.4byte	.LASF17
 766 00c1 02       		.uleb128 0x2
 767 00c2 04       		.byte	0x4
 768 00c3 07       		.byte	0x7
 769 00c4 56020000 		.4byte	.LASF18
 770 00c8 06       		.uleb128 0x6
 771 00c9 1E030000 		.4byte	.LASF48
 772 00cd 08       		.byte	0x8
 773 00ce 05       		.byte	0x5
 774 00cf F5       		.byte	0xf5
 775 00d0 ED000000 		.4byte	0xed
 776 00d4 07       		.uleb128 0x7
 777 00d5 A9000000 		.4byte	.LASF19
 778 00d9 05       		.byte	0x5
 779 00da F6       		.byte	0xf6
 780 00db 99000000 		.4byte	0x99
 781 00df 00       		.byte	0
 782 00e0 07       		.uleb128 0x7
 783 00e1 D4000000 		.4byte	.LASF20
 784 00e5 05       		.byte	0x5
 785 00e6 F7       		.byte	0xf7
 786 00e7 99000000 		.4byte	0x99
 787 00eb 04       		.byte	0x4
 788 00ec 00       		.byte	0
 789 00ed 08       		.uleb128 0x8
 790 00ee 94000000 		.4byte	.LASF21
 791 00f2 01       		.byte	0x1
 792 00f3 33       		.byte	0x33
 793 00f4 99000000 		.4byte	0x99
 794 00f8 00000000 		.4byte	.LFB64
 795 00fc 1C000000 		.4byte	.LFE64-.LFB64
 796 0100 01       		.uleb128 0x1
 797 0101 9C       		.byte	0x9c
 798 0102 3F010000 		.4byte	0x13f
 799 0106 09       		.uleb128 0x9
 800 0107 69647800 		.ascii	"idx\000"
 801 010b 01       		.byte	0x1
 802 010c 33       		.byte	0x33
 803 010d 81000000 		.4byte	0x81
 804 0111 02       		.uleb128 0x2
 805 0112 91       		.byte	0x91
 806 0113 77       		.sleb128 -9
 807 0114 09       		.uleb128 0x9
 808 0115 706F7300 		.ascii	"pos\000"
 809 0119 01       		.byte	0x1
 810 011a 33       		.byte	0x33
 811 011b 99000000 		.4byte	0x99
 812 011f 02       		.uleb128 0x2
 813 0120 91       		.byte	0x91
 814 0121 70       		.sleb128 -16
 815 0122 09       		.uleb128 0x9
 816 0123 76656C00 		.ascii	"vel\000"
 817 0127 01       		.byte	0x1
 818 0128 33       		.byte	0x33
 819 0129 99000000 		.4byte	0x99
ARM GAS  C:\Users\mgnocco\AppData\Local\Temp\ccf5rW6O.s 			page 19


 820 012d 02       		.uleb128 0x2
 821 012e 91       		.byte	0x91
 822 012f 6C       		.sleb128 -20
 823 0130 09       		.uleb128 0x9
 824 0131 72656600 		.ascii	"ref\000"
 825 0135 01       		.byte	0x1
 826 0136 33       		.byte	0x33
 827 0137 99000000 		.4byte	0x99
 828 013b 02       		.uleb128 0x2
 829 013c 91       		.byte	0x91
 830 013d 68       		.sleb128 -24
 831 013e 00       		.byte	0
 832 013f 08       		.uleb128 0x8
 833 0140 F9010000 		.4byte	.LASF22
 834 0144 01       		.byte	0x1
 835 0145 3B       		.byte	0x3b
 836 0146 99000000 		.4byte	0x99
 837 014a 00000000 		.4byte	.LFB65
 838 014e 4E000000 		.4byte	.LFE65-.LFB65
 839 0152 01       		.uleb128 0x1
 840 0153 9C       		.byte	0x9c
 841 0154 81010000 		.4byte	0x181
 842 0158 0A       		.uleb128 0xa
 843 0159 96020000 		.4byte	.LASF23
 844 015d 01       		.byte	0x1
 845 015e 3B       		.byte	0x3b
 846 015f 99000000 		.4byte	0x99
 847 0163 02       		.uleb128 0x2
 848 0164 91       		.byte	0x91
 849 0165 6C       		.sleb128 -20
 850 0166 09       		.uleb128 0x9
 851 0167 6600     		.ascii	"f\000"
 852 0169 01       		.byte	0x1
 853 016a 3B       		.byte	0x3b
 854 016b 81010000 		.4byte	0x181
 855 016f 02       		.uleb128 0x2
 856 0170 91       		.byte	0x91
 857 0171 68       		.sleb128 -24
 858 0172 0B       		.uleb128 0xb
 859 0173 61757800 		.ascii	"aux\000"
 860 0177 01       		.byte	0x1
 861 0178 3D       		.byte	0x3d
 862 0179 99000000 		.4byte	0x99
 863 017d 02       		.uleb128 0x2
 864 017e 91       		.byte	0x91
 865 017f 74       		.sleb128 -12
 866 0180 00       		.byte	0
 867 0181 0C       		.uleb128 0xc
 868 0182 04       		.byte	0x4
 869 0183 C8000000 		.4byte	0xc8
 870 0187 08       		.uleb128 0x8
 871 0188 D2010000 		.4byte	.LASF24
 872 018c 01       		.byte	0x1
 873 018d 4A       		.byte	0x4a
 874 018e 8D000000 		.4byte	0x8d
 875 0192 00000000 		.4byte	.LFB66
 876 0196 50000000 		.4byte	.LFE66-.LFB66
ARM GAS  C:\Users\mgnocco\AppData\Local\Temp\ccf5rW6O.s 			page 20


 877 019a 01       		.uleb128 0x1
 878 019b 9C       		.byte	0x9c
 879 019c BD010000 		.4byte	0x1bd
 880 01a0 09       		.uleb128 0x9
 881 01a1 76616C00 		.ascii	"val\000"
 882 01a5 01       		.byte	0x1
 883 01a6 4A       		.byte	0x4a
 884 01a7 99000000 		.4byte	0x99
 885 01ab 02       		.uleb128 0x2
 886 01ac 91       		.byte	0x91
 887 01ad 74       		.sleb128 -12
 888 01ae 0A       		.uleb128 0xa
 889 01af 25020000 		.4byte	.LASF25
 890 01b3 01       		.byte	0x1
 891 01b4 4A       		.byte	0x4a
 892 01b5 99000000 		.4byte	0x99
 893 01b9 02       		.uleb128 0x2
 894 01ba 91       		.byte	0x91
 895 01bb 70       		.sleb128 -16
 896 01bc 00       		.byte	0
 897 01bd 0D       		.uleb128 0xd
 898 01be 05030000 		.4byte	.LASF30
 899 01c2 01       		.byte	0x1
 900 01c3 58       		.byte	0x58
 901 01c4 00000000 		.4byte	.LFB67
 902 01c8 0C000000 		.4byte	.LFE67-.LFB67
 903 01cc 01       		.uleb128 0x1
 904 01cd 9C       		.byte	0x9c
 905 01ce 08       		.uleb128 0x8
 906 01cf D9000000 		.4byte	.LASF26
 907 01d3 01       		.byte	0x1
 908 01d4 76       		.byte	0x76
 909 01d5 68000000 		.4byte	0x68
 910 01d9 00000000 		.4byte	.LFB68
 911 01dd 1A000000 		.4byte	.LFE68-.LFB68
 912 01e1 01       		.uleb128 0x1
 913 01e2 9C       		.byte	0x9c
 914 01e3 2B020000 		.4byte	0x22b
 915 01e7 0A       		.uleb128 0xa
 916 01e8 A6020000 		.4byte	.LASF27
 917 01ec 01       		.byte	0x1
 918 01ed 76       		.byte	0x76
 919 01ee 2B020000 		.4byte	0x22b
 920 01f2 02       		.uleb128 0x2
 921 01f3 91       		.byte	0x91
 922 01f4 74       		.sleb128 -12
 923 01f5 0A       		.uleb128 0xa
 924 01f6 CB020000 		.4byte	.LASF28
 925 01fa 01       		.byte	0x1
 926 01fb 76       		.byte	0x76
 927 01fc 2B020000 		.4byte	0x22b
 928 0200 02       		.uleb128 0x2
 929 0201 91       		.byte	0x91
 930 0202 70       		.sleb128 -16
 931 0203 09       		.uleb128 0x9
 932 0204 4E3100   		.ascii	"N1\000"
 933 0207 01       		.byte	0x1
ARM GAS  C:\Users\mgnocco\AppData\Local\Temp\ccf5rW6O.s 			page 21


 934 0208 76       		.byte	0x76
 935 0209 30020000 		.4byte	0x230
 936 020d 02       		.uleb128 0x2
 937 020e 91       		.byte	0x91
 938 020f 6C       		.sleb128 -20
 939 0210 09       		.uleb128 0x9
 940 0211 4E3200   		.ascii	"N2\000"
 941 0214 01       		.byte	0x1
 942 0215 76       		.byte	0x76
 943 0216 30020000 		.4byte	0x230
 944 021a 02       		.uleb128 0x2
 945 021b 91       		.byte	0x91
 946 021c 68       		.sleb128 -24
 947 021d 09       		.uleb128 0x9
 948 021e 493100   		.ascii	"I1\000"
 949 0221 01       		.byte	0x1
 950 0222 76       		.byte	0x76
 951 0223 30020000 		.4byte	0x230
 952 0227 02       		.uleb128 0x2
 953 0228 91       		.byte	0x91
 954 0229 00       		.sleb128 0
 955 022a 00       		.byte	0
 956 022b 0E       		.uleb128 0xe
 957 022c 99000000 		.4byte	0x99
 958 0230 0E       		.uleb128 0xe
 959 0231 68000000 		.4byte	0x68
 960 0235 08       		.uleb128 0x8
 961 0236 08010000 		.4byte	.LASF29
 962 023a 01       		.byte	0x1
 963 023b 7B       		.byte	0x7b
 964 023c 68000000 		.4byte	0x68
 965 0240 00000000 		.4byte	.LFB69
 966 0244 1A000000 		.4byte	.LFE69-.LFB69
 967 0248 01       		.uleb128 0x1
 968 0249 9C       		.byte	0x9c
 969 024a 92020000 		.4byte	0x292
 970 024e 0A       		.uleb128 0xa
 971 024f A6020000 		.4byte	.LASF27
 972 0253 01       		.byte	0x1
 973 0254 7B       		.byte	0x7b
 974 0255 2B020000 		.4byte	0x22b
 975 0259 02       		.uleb128 0x2
 976 025a 91       		.byte	0x91
 977 025b 74       		.sleb128 -12
 978 025c 0A       		.uleb128 0xa
 979 025d CB020000 		.4byte	.LASF28
 980 0261 01       		.byte	0x1
 981 0262 7B       		.byte	0x7b
 982 0263 2B020000 		.4byte	0x22b
 983 0267 02       		.uleb128 0x2
 984 0268 91       		.byte	0x91
 985 0269 70       		.sleb128 -16
 986 026a 09       		.uleb128 0x9
 987 026b 4E3100   		.ascii	"N1\000"
 988 026e 01       		.byte	0x1
 989 026f 7B       		.byte	0x7b
 990 0270 30020000 		.4byte	0x230
ARM GAS  C:\Users\mgnocco\AppData\Local\Temp\ccf5rW6O.s 			page 22


 991 0274 02       		.uleb128 0x2
 992 0275 91       		.byte	0x91
 993 0276 6C       		.sleb128 -20
 994 0277 09       		.uleb128 0x9
 995 0278 4E3200   		.ascii	"N2\000"
 996 027b 01       		.byte	0x1
 997 027c 7B       		.byte	0x7b
 998 027d 30020000 		.4byte	0x230
 999 0281 02       		.uleb128 0x2
 1000 0282 91       		.byte	0x91
 1001 0283 68       		.sleb128 -24
 1002 0284 09       		.uleb128 0x9
 1003 0285 493100   		.ascii	"I1\000"
 1004 0288 01       		.byte	0x1
 1005 0289 7B       		.byte	0x7b
 1006 028a 30020000 		.4byte	0x230
 1007 028e 02       		.uleb128 0x2
 1008 028f 91       		.byte	0x91
 1009 0290 00       		.sleb128 0
 1010 0291 00       		.byte	0
 1011 0292 0D       		.uleb128 0xd
 1012 0293 C0000000 		.4byte	.LASF31
 1013 0297 01       		.byte	0x1
 1014 0298 82       		.byte	0x82
 1015 0299 00000000 		.4byte	.LFB70
 1016 029d 0C000000 		.4byte	.LFE70-.LFB70
 1017 02a1 01       		.uleb128 0x1
 1018 02a2 9C       		.byte	0x9c
 1019 02a3 0F       		.uleb128 0xf
 1020 02a4 E1020000 		.4byte	.LASF35
 1021 02a8 01       		.byte	0x1
 1022 02a9 8A       		.byte	0x8a
 1023 02aa 00000000 		.4byte	.LFB71
 1024 02ae 14000000 		.4byte	.LFE71-.LFB71
 1025 02b2 01       		.uleb128 0x1
 1026 02b3 9C       		.byte	0x9c
 1027 02b4 C7020000 		.4byte	0x2c7
 1028 02b8 0A       		.uleb128 0xa
 1029 02b9 2D020000 		.4byte	.LASF32
 1030 02bd 01       		.byte	0x1
 1031 02be 8A       		.byte	0x8a
 1032 02bf 81000000 		.4byte	0x81
 1033 02c3 02       		.uleb128 0x2
 1034 02c4 91       		.byte	0x91
 1035 02c5 77       		.sleb128 -9
 1036 02c6 00       		.byte	0
 1037 02c7 10       		.uleb128 0x10
 1038 02c8 AB020000 		.4byte	.LASF33
 1039 02cc 01       		.byte	0x1
 1040 02cd 92       		.byte	0x92
 1041 02ce 00000000 		.4byte	.LFB72
 1042 02d2 0C000000 		.4byte	.LFE72-.LFB72
 1043 02d6 01       		.uleb128 0x1
 1044 02d7 9C       		.byte	0x9c
 1045 02d8 10       		.uleb128 0x10
 1046 02d9 9A010000 		.4byte	.LASF34
 1047 02dd 01       		.byte	0x1
ARM GAS  C:\Users\mgnocco\AppData\Local\Temp\ccf5rW6O.s 			page 23


 1048 02de 99       		.byte	0x99
 1049 02df 00000000 		.4byte	.LFB73
 1050 02e3 0C000000 		.4byte	.LFE73-.LFB73
 1051 02e7 01       		.uleb128 0x1
 1052 02e8 9C       		.byte	0x9c
 1053 02e9 0F       		.uleb128 0xf
 1054 02ea 11030000 		.4byte	.LASF36
 1055 02ee 01       		.byte	0x1
 1056 02ef A0       		.byte	0xa0
 1057 02f0 00000000 		.4byte	.LFB74
 1058 02f4 1A000000 		.4byte	.LFE74-.LFB74
 1059 02f8 01       		.uleb128 0x1
 1060 02f9 9C       		.byte	0x9c
 1061 02fa 1B030000 		.4byte	0x31b
 1062 02fe 09       		.uleb128 0x9
 1063 02ff 69647800 		.ascii	"idx\000"
 1064 0303 01       		.byte	0x1
 1065 0304 A0       		.byte	0xa0
 1066 0305 81000000 		.4byte	0x81
 1067 0309 02       		.uleb128 0x2
 1068 030a 91       		.byte	0x91
 1069 030b 77       		.sleb128 -9
 1070 030c 09       		.uleb128 0x9
 1071 030d 76616C00 		.ascii	"val\000"
 1072 0311 01       		.byte	0x1
 1073 0312 A0       		.byte	0xa0
 1074 0313 81000000 		.4byte	0x81
 1075 0317 02       		.uleb128 0x2
 1076 0318 91       		.byte	0x91
 1077 0319 76       		.sleb128 -10
 1078 031a 00       		.byte	0
 1079 031b 10       		.uleb128 0x10
 1080 031c 3F020000 		.4byte	.LASF37
 1081 0320 01       		.byte	0x1
 1082 0321 A9       		.byte	0xa9
 1083 0322 00000000 		.4byte	.LFB75
 1084 0326 0C000000 		.4byte	.LFE75-.LFB75
 1085 032a 01       		.uleb128 0x1
 1086 032b 9C       		.byte	0x9c
 1087 032c 08       		.uleb128 0x8
 1088 032d D0020000 		.4byte	.LASF38
 1089 0331 01       		.byte	0x1
 1090 0332 B0       		.byte	0xb0
 1091 0333 A5000000 		.4byte	0xa5
 1092 0337 00000000 		.4byte	.LFB76
 1093 033b 16000000 		.4byte	.LFE76-.LFB76
 1094 033f 01       		.uleb128 0x1
 1095 0340 9C       		.byte	0x9c
 1096 0341 52030000 		.4byte	0x352
 1097 0345 09       		.uleb128 0x9
 1098 0346 7800     		.ascii	"x\000"
 1099 0348 01       		.byte	0x1
 1100 0349 B0       		.byte	0xb0
 1101 034a A5000000 		.4byte	0xa5
 1102 034e 02       		.uleb128 0x2
 1103 034f 91       		.byte	0x91
 1104 0350 74       		.sleb128 -12
ARM GAS  C:\Users\mgnocco\AppData\Local\Temp\ccf5rW6O.s 			page 24


 1105 0351 00       		.byte	0
 1106 0352 0F       		.uleb128 0xf
 1107 0353 BE020000 		.4byte	.LASF39
 1108 0357 01       		.byte	0x1
 1109 0358 B8       		.byte	0xb8
 1110 0359 00000000 		.4byte	.LFB77
 1111 035d 12000000 		.4byte	.LFE77-.LFB77
 1112 0361 01       		.uleb128 0x1
 1113 0362 9C       		.byte	0x9c
 1114 0363 76030000 		.4byte	0x376
 1115 0367 0A       		.uleb128 0xa
 1116 0368 07020000 		.4byte	.LASF40
 1117 036c 01       		.byte	0x1
 1118 036d B8       		.byte	0xb8
 1119 036e 76030000 		.4byte	0x376
 1120 0372 02       		.uleb128 0x2
 1121 0373 91       		.byte	0x91
 1122 0374 74       		.sleb128 -12
 1123 0375 00       		.byte	0
 1124 0376 0C       		.uleb128 0xc
 1125 0377 04       		.byte	0x4
 1126 0378 A5000000 		.4byte	0xa5
 1127 037c 0F       		.uleb128 0xf
 1128 037d C5010000 		.4byte	.LASF41
 1129 0381 01       		.byte	0x1
 1130 0382 BF       		.byte	0xbf
 1131 0383 00000000 		.4byte	.LFB78
 1132 0387 12000000 		.4byte	.LFE78-.LFB78
 1133 038b 01       		.uleb128 0x1
 1134 038c 9C       		.byte	0x9c
 1135 038d A0030000 		.4byte	0x3a0
 1136 0391 0A       		.uleb128 0xa
 1137 0392 A0020000 		.4byte	.LASF42
 1138 0396 01       		.byte	0x1
 1139 0397 BF       		.byte	0xbf
 1140 0398 76030000 		.4byte	0x376
 1141 039c 02       		.uleb128 0x2
 1142 039d 91       		.byte	0x91
 1143 039e 74       		.sleb128 -12
 1144 039f 00       		.byte	0
 1145 03a0 10       		.uleb128 0x10
 1146 03a1 0D020000 		.4byte	.LASF43
 1147 03a5 01       		.byte	0x1
 1148 03a6 C6       		.byte	0xc6
 1149 03a7 00000000 		.4byte	.LFB79
 1150 03ab 0C000000 		.4byte	.LFE79-.LFB79
 1151 03af 01       		.uleb128 0x1
 1152 03b0 9C       		.byte	0x9c
 1153 03b1 10       		.uleb128 0x10
 1154 03b2 80020000 		.4byte	.LASF44
 1155 03b6 01       		.byte	0x1
 1156 03b7 CD       		.byte	0xcd
 1157 03b8 00000000 		.4byte	.LFB80
 1158 03bc 0C000000 		.4byte	.LFE80-.LFB80
 1159 03c0 01       		.uleb128 0x1
 1160 03c1 9C       		.byte	0x9c
 1161 03c2 11       		.uleb128 0x11
ARM GAS  C:\Users\mgnocco\AppData\Local\Temp\ccf5rW6O.s 			page 25


 1162 03c3 32020000 		.4byte	.LASF49
 1163 03c7 06       		.byte	0x6
 1164 03c8 1207     		.2byte	0x712
 1165 03ca CE030000 		.4byte	0x3ce
 1166 03ce 12       		.uleb128 0x12
 1167 03cf 76000000 		.4byte	0x76
 1168 03d3 00       		.byte	0
 1169              		.section	.debug_abbrev,"",%progbits
 1170              	.Ldebug_abbrev0:
 1171 0000 01       		.uleb128 0x1
 1172 0001 11       		.uleb128 0x11
 1173 0002 01       		.byte	0x1
 1174 0003 25       		.uleb128 0x25
 1175 0004 0E       		.uleb128 0xe
 1176 0005 13       		.uleb128 0x13
 1177 0006 0B       		.uleb128 0xb
 1178 0007 03       		.uleb128 0x3
 1179 0008 0E       		.uleb128 0xe
 1180 0009 1B       		.uleb128 0x1b
 1181 000a 0E       		.uleb128 0xe
 1182 000b 55       		.uleb128 0x55
 1183 000c 17       		.uleb128 0x17
 1184 000d 11       		.uleb128 0x11
 1185 000e 01       		.uleb128 0x1
 1186 000f 10       		.uleb128 0x10
 1187 0010 17       		.uleb128 0x17
 1188 0011 00       		.byte	0
 1189 0012 00       		.byte	0
 1190 0013 02       		.uleb128 0x2
 1191 0014 24       		.uleb128 0x24
 1192 0015 00       		.byte	0
 1193 0016 0B       		.uleb128 0xb
 1194 0017 0B       		.uleb128 0xb
 1195 0018 3E       		.uleb128 0x3e
 1196 0019 0B       		.uleb128 0xb
 1197 001a 03       		.uleb128 0x3
 1198 001b 0E       		.uleb128 0xe
 1199 001c 00       		.byte	0
 1200 001d 00       		.byte	0
 1201 001e 03       		.uleb128 0x3
 1202 001f 16       		.uleb128 0x16
 1203 0020 00       		.byte	0
 1204 0021 03       		.uleb128 0x3
 1205 0022 0E       		.uleb128 0xe
 1206 0023 3A       		.uleb128 0x3a
 1207 0024 0B       		.uleb128 0xb
 1208 0025 3B       		.uleb128 0x3b
 1209 0026 0B       		.uleb128 0xb
 1210 0027 49       		.uleb128 0x49
 1211 0028 13       		.uleb128 0x13
 1212 0029 00       		.byte	0
 1213 002a 00       		.byte	0
 1214 002b 04       		.uleb128 0x4
 1215 002c 24       		.uleb128 0x24
 1216 002d 00       		.byte	0
 1217 002e 0B       		.uleb128 0xb
 1218 002f 0B       		.uleb128 0xb
ARM GAS  C:\Users\mgnocco\AppData\Local\Temp\ccf5rW6O.s 			page 26


 1219 0030 3E       		.uleb128 0x3e
 1220 0031 0B       		.uleb128 0xb
 1221 0032 03       		.uleb128 0x3
 1222 0033 08       		.uleb128 0x8
 1223 0034 00       		.byte	0
 1224 0035 00       		.byte	0
 1225 0036 05       		.uleb128 0x5
 1226 0037 16       		.uleb128 0x16
 1227 0038 00       		.byte	0
 1228 0039 03       		.uleb128 0x3
 1229 003a 0E       		.uleb128 0xe
 1230 003b 3A       		.uleb128 0x3a
 1231 003c 0B       		.uleb128 0xb
 1232 003d 3B       		.uleb128 0x3b
 1233 003e 05       		.uleb128 0x5
 1234 003f 49       		.uleb128 0x49
 1235 0040 13       		.uleb128 0x13
 1236 0041 00       		.byte	0
 1237 0042 00       		.byte	0
 1238 0043 06       		.uleb128 0x6
 1239 0044 13       		.uleb128 0x13
 1240 0045 01       		.byte	0x1
 1241 0046 03       		.uleb128 0x3
 1242 0047 0E       		.uleb128 0xe
 1243 0048 0B       		.uleb128 0xb
 1244 0049 0B       		.uleb128 0xb
 1245 004a 3A       		.uleb128 0x3a
 1246 004b 0B       		.uleb128 0xb
 1247 004c 3B       		.uleb128 0x3b
 1248 004d 0B       		.uleb128 0xb
 1249 004e 01       		.uleb128 0x1
 1250 004f 13       		.uleb128 0x13
 1251 0050 00       		.byte	0
 1252 0051 00       		.byte	0
 1253 0052 07       		.uleb128 0x7
 1254 0053 0D       		.uleb128 0xd
 1255 0054 00       		.byte	0
 1256 0055 03       		.uleb128 0x3
 1257 0056 0E       		.uleb128 0xe
 1258 0057 3A       		.uleb128 0x3a
 1259 0058 0B       		.uleb128 0xb
 1260 0059 3B       		.uleb128 0x3b
 1261 005a 0B       		.uleb128 0xb
 1262 005b 49       		.uleb128 0x49
 1263 005c 13       		.uleb128 0x13
 1264 005d 38       		.uleb128 0x38
 1265 005e 0B       		.uleb128 0xb
 1266 005f 00       		.byte	0
 1267 0060 00       		.byte	0
 1268 0061 08       		.uleb128 0x8
 1269 0062 2E       		.uleb128 0x2e
 1270 0063 01       		.byte	0x1
 1271 0064 3F       		.uleb128 0x3f
 1272 0065 19       		.uleb128 0x19
 1273 0066 03       		.uleb128 0x3
 1274 0067 0E       		.uleb128 0xe
 1275 0068 3A       		.uleb128 0x3a
ARM GAS  C:\Users\mgnocco\AppData\Local\Temp\ccf5rW6O.s 			page 27


 1276 0069 0B       		.uleb128 0xb
 1277 006a 3B       		.uleb128 0x3b
 1278 006b 0B       		.uleb128 0xb
 1279 006c 27       		.uleb128 0x27
 1280 006d 19       		.uleb128 0x19
 1281 006e 49       		.uleb128 0x49
 1282 006f 13       		.uleb128 0x13
 1283 0070 11       		.uleb128 0x11
 1284 0071 01       		.uleb128 0x1
 1285 0072 12       		.uleb128 0x12
 1286 0073 06       		.uleb128 0x6
 1287 0074 40       		.uleb128 0x40
 1288 0075 18       		.uleb128 0x18
 1289 0076 9742     		.uleb128 0x2117
 1290 0078 19       		.uleb128 0x19
 1291 0079 01       		.uleb128 0x1
 1292 007a 13       		.uleb128 0x13
 1293 007b 00       		.byte	0
 1294 007c 00       		.byte	0
 1295 007d 09       		.uleb128 0x9
 1296 007e 05       		.uleb128 0x5
 1297 007f 00       		.byte	0
 1298 0080 03       		.uleb128 0x3
 1299 0081 08       		.uleb128 0x8
 1300 0082 3A       		.uleb128 0x3a
 1301 0083 0B       		.uleb128 0xb
 1302 0084 3B       		.uleb128 0x3b
 1303 0085 0B       		.uleb128 0xb
 1304 0086 49       		.uleb128 0x49
 1305 0087 13       		.uleb128 0x13
 1306 0088 02       		.uleb128 0x2
 1307 0089 18       		.uleb128 0x18
 1308 008a 00       		.byte	0
 1309 008b 00       		.byte	0
 1310 008c 0A       		.uleb128 0xa
 1311 008d 05       		.uleb128 0x5
 1312 008e 00       		.byte	0
 1313 008f 03       		.uleb128 0x3
 1314 0090 0E       		.uleb128 0xe
 1315 0091 3A       		.uleb128 0x3a
 1316 0092 0B       		.uleb128 0xb
 1317 0093 3B       		.uleb128 0x3b
 1318 0094 0B       		.uleb128 0xb
 1319 0095 49       		.uleb128 0x49
 1320 0096 13       		.uleb128 0x13
 1321 0097 02       		.uleb128 0x2
 1322 0098 18       		.uleb128 0x18
 1323 0099 00       		.byte	0
 1324 009a 00       		.byte	0
 1325 009b 0B       		.uleb128 0xb
 1326 009c 34       		.uleb128 0x34
 1327 009d 00       		.byte	0
 1328 009e 03       		.uleb128 0x3
 1329 009f 08       		.uleb128 0x8
 1330 00a0 3A       		.uleb128 0x3a
 1331 00a1 0B       		.uleb128 0xb
 1332 00a2 3B       		.uleb128 0x3b
ARM GAS  C:\Users\mgnocco\AppData\Local\Temp\ccf5rW6O.s 			page 28


 1333 00a3 0B       		.uleb128 0xb
 1334 00a4 49       		.uleb128 0x49
 1335 00a5 13       		.uleb128 0x13
 1336 00a6 02       		.uleb128 0x2
 1337 00a7 18       		.uleb128 0x18
 1338 00a8 00       		.byte	0
 1339 00a9 00       		.byte	0
 1340 00aa 0C       		.uleb128 0xc
 1341 00ab 0F       		.uleb128 0xf
 1342 00ac 00       		.byte	0
 1343 00ad 0B       		.uleb128 0xb
 1344 00ae 0B       		.uleb128 0xb
 1345 00af 49       		.uleb128 0x49
 1346 00b0 13       		.uleb128 0x13
 1347 00b1 00       		.byte	0
 1348 00b2 00       		.byte	0
 1349 00b3 0D       		.uleb128 0xd
 1350 00b4 2E       		.uleb128 0x2e
 1351 00b5 00       		.byte	0
 1352 00b6 3F       		.uleb128 0x3f
 1353 00b7 19       		.uleb128 0x19
 1354 00b8 03       		.uleb128 0x3
 1355 00b9 0E       		.uleb128 0xe
 1356 00ba 3A       		.uleb128 0x3a
 1357 00bb 0B       		.uleb128 0xb
 1358 00bc 3B       		.uleb128 0x3b
 1359 00bd 0B       		.uleb128 0xb
 1360 00be 27       		.uleb128 0x27
 1361 00bf 19       		.uleb128 0x19
 1362 00c0 11       		.uleb128 0x11
 1363 00c1 01       		.uleb128 0x1
 1364 00c2 12       		.uleb128 0x12
 1365 00c3 06       		.uleb128 0x6
 1366 00c4 40       		.uleb128 0x40
 1367 00c5 18       		.uleb128 0x18
 1368 00c6 9742     		.uleb128 0x2117
 1369 00c8 19       		.uleb128 0x19
 1370 00c9 00       		.byte	0
 1371 00ca 00       		.byte	0
 1372 00cb 0E       		.uleb128 0xe
 1373 00cc 26       		.uleb128 0x26
 1374 00cd 00       		.byte	0
 1375 00ce 49       		.uleb128 0x49
 1376 00cf 13       		.uleb128 0x13
 1377 00d0 00       		.byte	0
 1378 00d1 00       		.byte	0
 1379 00d2 0F       		.uleb128 0xf
 1380 00d3 2E       		.uleb128 0x2e
 1381 00d4 01       		.byte	0x1
 1382 00d5 3F       		.uleb128 0x3f
 1383 00d6 19       		.uleb128 0x19
 1384 00d7 03       		.uleb128 0x3
 1385 00d8 0E       		.uleb128 0xe
 1386 00d9 3A       		.uleb128 0x3a
 1387 00da 0B       		.uleb128 0xb
 1388 00db 3B       		.uleb128 0x3b
 1389 00dc 0B       		.uleb128 0xb
ARM GAS  C:\Users\mgnocco\AppData\Local\Temp\ccf5rW6O.s 			page 29


 1390 00dd 27       		.uleb128 0x27
 1391 00de 19       		.uleb128 0x19
 1392 00df 11       		.uleb128 0x11
 1393 00e0 01       		.uleb128 0x1
 1394 00e1 12       		.uleb128 0x12
 1395 00e2 06       		.uleb128 0x6
 1396 00e3 40       		.uleb128 0x40
 1397 00e4 18       		.uleb128 0x18
 1398 00e5 9742     		.uleb128 0x2117
 1399 00e7 19       		.uleb128 0x19
 1400 00e8 01       		.uleb128 0x1
 1401 00e9 13       		.uleb128 0x13
 1402 00ea 00       		.byte	0
 1403 00eb 00       		.byte	0
 1404 00ec 10       		.uleb128 0x10
 1405 00ed 2E       		.uleb128 0x2e
 1406 00ee 00       		.byte	0
 1407 00ef 3F       		.uleb128 0x3f
 1408 00f0 19       		.uleb128 0x19
 1409 00f1 03       		.uleb128 0x3
 1410 00f2 0E       		.uleb128 0xe
 1411 00f3 3A       		.uleb128 0x3a
 1412 00f4 0B       		.uleb128 0xb
 1413 00f5 3B       		.uleb128 0x3b
 1414 00f6 0B       		.uleb128 0xb
 1415 00f7 11       		.uleb128 0x11
 1416 00f8 01       		.uleb128 0x1
 1417 00f9 12       		.uleb128 0x12
 1418 00fa 06       		.uleb128 0x6
 1419 00fb 40       		.uleb128 0x40
 1420 00fc 18       		.uleb128 0x18
 1421 00fd 9742     		.uleb128 0x2117
 1422 00ff 19       		.uleb128 0x19
 1423 0100 00       		.byte	0
 1424 0101 00       		.byte	0
 1425 0102 11       		.uleb128 0x11
 1426 0103 34       		.uleb128 0x34
 1427 0104 00       		.byte	0
 1428 0105 03       		.uleb128 0x3
 1429 0106 0E       		.uleb128 0xe
 1430 0107 3A       		.uleb128 0x3a
 1431 0108 0B       		.uleb128 0xb
 1432 0109 3B       		.uleb128 0x3b
 1433 010a 05       		.uleb128 0x5
 1434 010b 49       		.uleb128 0x49
 1435 010c 13       		.uleb128 0x13
 1436 010d 3F       		.uleb128 0x3f
 1437 010e 19       		.uleb128 0x19
 1438 010f 3C       		.uleb128 0x3c
 1439 0110 19       		.uleb128 0x19
 1440 0111 00       		.byte	0
 1441 0112 00       		.byte	0
 1442 0113 12       		.uleb128 0x12
 1443 0114 35       		.uleb128 0x35
 1444 0115 00       		.byte	0
 1445 0116 49       		.uleb128 0x49
 1446 0117 13       		.uleb128 0x13
ARM GAS  C:\Users\mgnocco\AppData\Local\Temp\ccf5rW6O.s 			page 30


 1447 0118 00       		.byte	0
 1448 0119 00       		.byte	0
 1449 011a 00       		.byte	0
 1450              		.section	.debug_aranges,"",%progbits
 1451 0000 9C000000 		.4byte	0x9c
 1452 0004 0200     		.2byte	0x2
 1453 0006 00000000 		.4byte	.Ldebug_info0
 1454 000a 04       		.byte	0x4
 1455 000b 00       		.byte	0
 1456 000c 0000     		.2byte	0
 1457 000e 0000     		.2byte	0
 1458 0010 00000000 		.4byte	.LFB64
 1459 0014 1C000000 		.4byte	.LFE64-.LFB64
 1460 0018 00000000 		.4byte	.LFB65
 1461 001c 4E000000 		.4byte	.LFE65-.LFB65
 1462 0020 00000000 		.4byte	.LFB66
 1463 0024 50000000 		.4byte	.LFE66-.LFB66
 1464 0028 00000000 		.4byte	.LFB67
 1465 002c 0C000000 		.4byte	.LFE67-.LFB67
 1466 0030 00000000 		.4byte	.LFB68
 1467 0034 1A000000 		.4byte	.LFE68-.LFB68
 1468 0038 00000000 		.4byte	.LFB69
 1469 003c 1A000000 		.4byte	.LFE69-.LFB69
 1470 0040 00000000 		.4byte	.LFB70
 1471 0044 0C000000 		.4byte	.LFE70-.LFB70
 1472 0048 00000000 		.4byte	.LFB71
 1473 004c 14000000 		.4byte	.LFE71-.LFB71
 1474 0050 00000000 		.4byte	.LFB72
 1475 0054 0C000000 		.4byte	.LFE72-.LFB72
 1476 0058 00000000 		.4byte	.LFB73
 1477 005c 0C000000 		.4byte	.LFE73-.LFB73
 1478 0060 00000000 		.4byte	.LFB74
 1479 0064 1A000000 		.4byte	.LFE74-.LFB74
 1480 0068 00000000 		.4byte	.LFB75
 1481 006c 0C000000 		.4byte	.LFE75-.LFB75
 1482 0070 00000000 		.4byte	.LFB76
 1483 0074 16000000 		.4byte	.LFE76-.LFB76
 1484 0078 00000000 		.4byte	.LFB77
 1485 007c 12000000 		.4byte	.LFE77-.LFB77
 1486 0080 00000000 		.4byte	.LFB78
 1487 0084 12000000 		.4byte	.LFE78-.LFB78
 1488 0088 00000000 		.4byte	.LFB79
 1489 008c 0C000000 		.4byte	.LFE79-.LFB79
 1490 0090 00000000 		.4byte	.LFB80
 1491 0094 0C000000 		.4byte	.LFE80-.LFB80
 1492 0098 00000000 		.4byte	0
 1493 009c 00000000 		.4byte	0
 1494              		.section	.debug_ranges,"",%progbits
 1495              	.Ldebug_ranges0:
 1496 0000 00000000 		.4byte	.LFB64
 1497 0004 1C000000 		.4byte	.LFE64
 1498 0008 00000000 		.4byte	.LFB65
 1499 000c 4E000000 		.4byte	.LFE65
 1500 0010 00000000 		.4byte	.LFB66
 1501 0014 50000000 		.4byte	.LFE66
 1502 0018 00000000 		.4byte	.LFB67
 1503 001c 0C000000 		.4byte	.LFE67
ARM GAS  C:\Users\mgnocco\AppData\Local\Temp\ccf5rW6O.s 			page 31


 1504 0020 00000000 		.4byte	.LFB68
 1505 0024 1A000000 		.4byte	.LFE68
 1506 0028 00000000 		.4byte	.LFB69
 1507 002c 1A000000 		.4byte	.LFE69
 1508 0030 00000000 		.4byte	.LFB70
 1509 0034 0C000000 		.4byte	.LFE70
 1510 0038 00000000 		.4byte	.LFB71
 1511 003c 14000000 		.4byte	.LFE71
 1512 0040 00000000 		.4byte	.LFB72
 1513 0044 0C000000 		.4byte	.LFE72
 1514 0048 00000000 		.4byte	.LFB73
 1515 004c 0C000000 		.4byte	.LFE73
 1516 0050 00000000 		.4byte	.LFB74
 1517 0054 1A000000 		.4byte	.LFE74
 1518 0058 00000000 		.4byte	.LFB75
 1519 005c 0C000000 		.4byte	.LFE75
 1520 0060 00000000 		.4byte	.LFB76
 1521 0064 16000000 		.4byte	.LFE76
 1522 0068 00000000 		.4byte	.LFB77
 1523 006c 12000000 		.4byte	.LFE77
 1524 0070 00000000 		.4byte	.LFB78
 1525 0074 12000000 		.4byte	.LFE78
 1526 0078 00000000 		.4byte	.LFB79
 1527 007c 0C000000 		.4byte	.LFE79
 1528 0080 00000000 		.4byte	.LFB80
 1529 0084 0C000000 		.4byte	.LFE80
 1530 0088 00000000 		.4byte	0
 1531 008c 00000000 		.4byte	0
 1532              		.section	.debug_line,"",%progbits
 1533              	.Ldebug_line0:
 1534 0000 92020000 		.section	.debug_str,"MS",%progbits,1
 1534      02006101 
 1534      00000201 
 1534      FB0E0D00 
 1534      01010101 
 1535              	.LASF13:
 1536 0000 696E7433 		.ascii	"int32\000"
 1536      3200
 1537              	.LASF45:
 1538 0006 474E5520 		.ascii	"GNU C11 5.4.1 20160609 (release) [ARM/embedded-5-br"
 1538      43313120 
 1538      352E342E 
 1538      31203230 
 1538      31363036 
 1539 0039 616E6368 		.ascii	"anch revision 237715] -mcpu=cortex-m3 -mthumb -g -O"
 1539      20726576 
 1539      6973696F 
 1539      6E203233 
 1539      37373135 
 1540 006c 30202D66 		.ascii	"0 -ffunction-sections -ffat-lto-objects\000"
 1540      66756E63 
 1540      74696F6E 
 1540      2D736563 
 1540      74696F6E 
 1541              	.LASF21:
 1542 0094 63757272 		.ascii	"curr_estim\000"
 1542      5F657374 
ARM GAS  C:\Users\mgnocco\AppData\Local\Temp\ccf5rW6O.s 			page 32


 1542      696D00
 1543              	.LASF9:
 1544 009f 5F5F696E 		.ascii	"__int32_t\000"
 1544      7433325F 
 1544      7400
 1545              	.LASF19:
 1546 00a9 6F6C645F 		.ascii	"old_value\000"
 1546      76616C75 
 1546      6500
 1547              	.LASF8:
 1548 00b3 756E7369 		.ascii	"unsigned int\000"
 1548      676E6564 
 1548      20696E74 
 1548      00
 1549              	.LASF31:
 1550 00c0 63686563 		.ascii	"check_rest_position\000"
 1550      6B5F7265 
 1550      73745F70 
 1550      6F736974 
 1550      696F6E00 
 1551              	.LASF20:
 1552 00d4 6761696E 		.ascii	"gain\000"
 1552      00
 1553              	.LASF26:
 1554 00d9 63616C63 		.ascii	"calc_turns_fcn_SH\000"
 1554      5F747572 
 1554      6E735F66 
 1554      636E5F53 
 1554      4800
 1555              	.LASF14:
 1556 00eb 666C6F61 		.ascii	"float\000"
 1556      7400
 1557              	.LASF7:
 1558 00f1 6C6F6E67 		.ascii	"long long unsigned int\000"
 1558      206C6F6E 
 1558      6720756E 
 1558      7369676E 
 1558      65642069 
 1559              	.LASF29:
 1560 0108 63616C63 		.ascii	"calc_turns_fcn\000"
 1560      5F747572 
 1560      6E735F66 
 1560      636E00
 1561              	.LASF1:
 1562 0117 756E7369 		.ascii	"unsigned char\000"
 1562      676E6564 
 1562      20636861 
 1562      7200
 1563              	.LASF47:
 1564 0125 433A5C55 		.ascii	"C:\\Users\\mgnocco\\Documents\\Git\\PSoC5\\PSoC5_FW"
 1564      73657273 
 1564      5C6D676E 
 1564      6F63636F 
 1564      5C446F63 
 1565 0152 5F574953 		.ascii	"_WISH_VIBES\\FW_WearableHealtySubj - WISH+Dayton\\W"
 1565      485F5649 
 1565      4245535C 
ARM GAS  C:\Users\mgnocco\AppData\Local\Temp\ccf5rW6O.s 			page 33


 1565      46575F57 
 1565      65617261 
 1566 0183 4953485F 		.ascii	"ISH_VIBES_Socket.cydsn\000"
 1566      56494245 
 1566      535F536F 
 1566      636B6574 
 1566      2E637964 
 1567              	.LASF34:
 1568 019a 4144435F 		.ascii	"ADC_Set_N_Channels\000"
 1568      5365745F 
 1568      4E5F4368 
 1568      616E6E65 
 1568      6C7300
 1569              	.LASF5:
 1570 01ad 6C6F6E67 		.ascii	"long unsigned int\000"
 1570      20756E73 
 1570      69676E65 
 1570      6420696E 
 1570      7400
 1571              	.LASF11:
 1572 01bf 75696E74 		.ascii	"uint8\000"
 1572      3800
 1573              	.LASF41:
 1574 01c5 76345F6E 		.ascii	"v4_normalize\000"
 1574      6F726D61 
 1574      6C697A65 
 1574      00
 1575              	.LASF24:
 1576 01d2 6D795F6D 		.ascii	"my_mod\000"
 1576      6F6400
 1577              	.LASF15:
 1578 01d9 646F7562 		.ascii	"double\000"
 1578      6C6500
 1579              	.LASF2:
 1580 01e0 73686F72 		.ascii	"short int\000"
 1580      7420696E 
 1580      7400
 1581              	.LASF46:
 1582 01ea 2E2E5C73 		.ascii	"..\\src\\utils.c\000"
 1582      72635C75 
 1582      74696C73 
 1582      2E6300
 1583              	.LASF22:
 1584 01f9 66696C74 		.ascii	"filter\000"
 1584      657200
 1585              	.LASF12:
 1586 0200 75696E74 		.ascii	"uint32\000"
 1586      333200
 1587              	.LASF40:
 1588 0207 76335F69 		.ascii	"v3_in\000"
 1588      6E00
 1589              	.LASF43:
 1590 020d 75706461 		.ascii	"update_EMG_history\000"
 1590      74655F45 
 1590      4D475F68 
 1590      6973746F 
 1590      727900
ARM GAS  C:\Users\mgnocco\AppData\Local\Temp\ccf5rW6O.s 			page 34


 1591              	.LASF16:
 1592 0220 63686172 		.ascii	"char\000"
 1592      00
 1593              	.LASF25:
 1594 0225 64697669 		.ascii	"divisor\000"
 1594      736F7200 
 1595              	.LASF32:
 1596 022d 6D6F6465 		.ascii	"mode\000"
 1596      00
 1597              	.LASF49:
 1598 0232 49544D5F 		.ascii	"ITM_RxBuffer\000"
 1598      52784275 
 1598      66666572 
 1598      00
 1599              	.LASF37:
 1600 023f 72657365 		.ascii	"reset_counters\000"
 1600      745F636F 
 1600      756E7465 
 1600      727300
 1601              	.LASF10:
 1602 024e 696E7433 		.ascii	"int32_t\000"
 1602      325F7400 
 1603              	.LASF18:
 1604 0256 73697A65 		.ascii	"sizetype\000"
 1604      74797065 
 1604      00
 1605              	.LASF3:
 1606 025f 73686F72 		.ascii	"short unsigned int\000"
 1606      7420756E 
 1606      7369676E 
 1606      65642069 
 1606      6E7400
 1607              	.LASF6:
 1608 0272 6C6F6E67 		.ascii	"long long int\000"
 1608      206C6F6E 
 1608      6720696E 
 1608      7400
 1609              	.LASF44:
 1610 0280 7365745F 		.ascii	"set_motor_driver_type\000"
 1610      6D6F746F 
 1610      725F6472 
 1610      69766572 
 1610      5F747970 
 1611              	.LASF23:
 1612 0296 6E65775F 		.ascii	"new_value\000"
 1612      76616C75 
 1612      6500
 1613              	.LASF42:
 1614 02a0 76345F69 		.ascii	"v4_in\000"
 1614      6E00
 1615              	.LASF27:
 1616 02a6 706F7331 		.ascii	"pos1\000"
 1616      00
 1617              	.LASF33:
 1618 02ab 62617474 		.ascii	"battery_management\000"
 1618      6572795F 
 1618      6D616E61 
ARM GAS  C:\Users\mgnocco\AppData\Local\Temp\ccf5rW6O.s 			page 35


 1618      67656D65 
 1618      6E7400
 1619              	.LASF39:
 1620 02be 76335F6E 		.ascii	"v3_normalize\000"
 1620      6F726D61 
 1620      6C697A65 
 1620      00
 1621              	.LASF28:
 1622 02cb 706F7332 		.ascii	"pos2\000"
 1622      00
 1623              	.LASF38:
 1624 02d0 696E7653 		.ascii	"invSqrt\000"
 1624      71727400 
 1625              	.LASF4:
 1626 02d8 6C6F6E67 		.ascii	"long int\000"
 1626      20696E74 
 1626      00
 1627              	.LASF35:
 1628 02e1 4C45445F 		.ascii	"LED_control\000"
 1628      636F6E74 
 1628      726F6C00 
 1629              	.LASF17:
 1630 02ed 6C6F6E67 		.ascii	"long double\000"
 1630      20646F75 
 1630      626C6500 
 1631              	.LASF0:
 1632 02f9 7369676E 		.ascii	"signed char\000"
 1632      65642063 
 1632      68617200 
 1633              	.LASF30:
 1634 0305 63616C69 		.ascii	"calibration\000"
 1634      62726174 
 1634      696F6E00 
 1635              	.LASF36:
 1636 0311 656E6162 		.ascii	"enable_motor\000"
 1636      6C655F6D 
 1636      6F746F72 
 1636      00
 1637              	.LASF48:
 1638 031e 73745F66 		.ascii	"st_filter\000"
 1638      696C7465 
 1638      7200
 1639              		.ident	"GCC: (GNU Tools for ARM Embedded Processors) 5.4.1 20160609 (release) [ARM/embedded-5-bran
