#***************************************************************************

#sjplacer

#Version:            1.1

#Build Date:         Sep  9 2019 11:47:43

#File Generated:     May 10 2024 14:40:28

#Purpose:            

#Copyright (C) 2010-2011 by Softjin Technologies Pvt Ltd. All rights reserved.

#***************************************************************************

Executing : C:\Program Files (x86)\Cypress\PSoC Creator\4.4\PSoC Creator\bin/sjplacer.exe --proj-name WISH_VIBES_Socket --netlist-vh2 WISH_VIBES_Socket_p.vh2 --arch p35_udb4x6 --arch-file C:\Program Files (x86)\Cypress\PSoC Creator\4.4\PSoC Creator\dev\arch/udbdsi_4x6_24.cydata --ip-file C:\Program Files (x86)\Cypress\PSoC Creator\4.4\PSoC Creator\dev\psoc5/psoc5lp/ip_blocks.cydata --rrg-file C:\Program Files (x86)\Cypress\PSoC Creator\4.4\PSoC Creator\dev\psoc5/psoc5lp/route_arch-rrg.cydata --irq-file C:\Program Files (x86)\Cypress\PSoC Creator\4.4\PSoC Creator\dev\psoc5/psoc5lp/irqconn.cydata --drq-file C:\Program Files (x86)\Cypress\PSoC Creator\4.4\PSoC Creator\dev\psoc5/psoc5lp/dmaconn.cydata --dsi-conn-file C:\Program Files (x86)\Cypress\PSoC Creator\4.4\PSoC Creator\dev\psoc5/psoc5lp/dsiconn.cydata --pins-file pins_68-QFN.xml --lib-file WISH_VIBES_Socket_p.lib --sdc-file WISH_VIBES_Socket.sdc --io-pcf WISH_VIBES_Socket.pci --outdir .

		Softjin Techologies Placer, Version 1.1

Build Date : Sep  9 2019	11:45:12

D2004: Option and Settings Summary
=============================================================
Netlist vh2 file          - WISH_VIBES_Socket_p.vh2
Architecture file         - C:\Program Files (x86)\Cypress\PSoC Creator\4.4\PSoC Creator\dev\arch/udbdsi_4x6_24.cydata
Package                   - 
Defparam file             - 
SDC file                  - WISH_VIBES_Socket.sdc
Output directory          - .
Timing library            - WISH_VIBES_Socket_p.lib
IO Placement file         - WISH_VIBES_Socket.pci

D2050: Starting reading inputs for placer
=============================================================
D2065: Reading netlist file : "WISH_VIBES_Socket_p.vh2"
D2065: Reading arch file : "C:\Program Files (x86)\Cypress\PSoC Creator\4.4\PSoC Creator\dev\arch/udbdsi_4x6_24.cydata"
D2051: Reading of inputs for placer completed successfully

D2053: Starting placement of the design
=============================================================

Phase 2
Phase 3

Design Statistics after Packing
    Number of Combinational MCs 	:	22
    Number of Sequential MCs    	:	43
    Number of DPs               	:	9
    Number of Controls          	:	12
    Number of Status            	:	7
    Number of SyncCells         	:	3
    Number of count7cells       	:	2

Device Utilization Summary after Packing
    Macrocells                  :	65/192
    UDBS                        :	15/24
    IOs                         :	26/72


D2088: Phase 3, elapsed time : 0.0 (sec)

Phase 4
D2088: Phase 4, elapsed time : 0.0 (sec)

Phase 5
D2088: Phase 5, elapsed time : 0.0 (sec)

Phase 6

######################################################################
Placement Timing Summary

The timing summary is based on estimated routing delays after
placement. For final timing report, please carry out the timing
analysis after routing.
======================================================================

######################################################################
                     Clock Summary 
======================================================================
Number of clocks: 17
Clock: ADC_Ext_CP_Clk       | Frequency: N/A       | Target:  48.0 MHz
Clock: ADC_Ext_CP_Clk(routed) | Frequency: N/A       | Target:  48.0 MHz
Clock: ADC_theACLK          | Frequency: N/A       | Target:   2.2 MHz
Clock: ADC_theACLK(fixed-function) | Frequency: N/A       | Target:   2.2 MHz
Clock: CLOCK_UART           | Frequency:  39.2 MHz | Target:  16.0 MHz
Clock: CLOCK_VT             | Frequency:  61.7 MHz | Target:  12.0 MHz
Clock: CyBUS_CLK            | Frequency:  52.8 MHz | Target:  48.0 MHz
Clock: CyBUS_CLK(fixed-function) | Frequency: N/A       | Target:  48.0 MHz
Clock: CyILO                | Frequency: N/A       | Target:   0.0 MHz
Clock: CyIMO                | Frequency: N/A       | Target:   3.0 MHz
Clock: CyMASTER_CLK         | Frequency: N/A       | Target:  48.0 MHz
Clock: CyPLL_OUT            | Frequency: N/A       | Target:  48.0 MHz
Clock: SD_Clock_1           | Frequency:  54.3 MHz | Target:  48.0 MHz
Clock: \ADC:DSM\/dec_clock  | Frequency: N/A       | Target:   0.1 MHz
Clock: counter_cyc_clk      | Frequency: N/A       | Target:   0.0 MHz
Clock: counter_cyc_clk(fixed-function) | Frequency: N/A       | Target:   0.0 MHz
Clock: timer_clock          | Frequency:  59.7 MHz | Target:  48.0 MHz

======================================================================
                     End of Clock Summary
######################################################################

D2088: Phase 6, elapsed time : 0.1 (sec)

Phase 7
######################################################################
                     Clock Summary 
======================================================================
Number of clocks: 17
Clock: ADC_Ext_CP_Clk       | Frequency: N/A       | Target:  48.0 MHz
Clock: ADC_Ext_CP_Clk(routed) | Frequency: N/A       | Target:  48.0 MHz
Clock: ADC_theACLK          | Frequency: N/A       | Target:   2.2 MHz
Clock: ADC_theACLK(fixed-function) | Frequency: N/A       | Target:   2.2 MHz
Clock: CLOCK_UART           | Frequency:  41.2 MHz | Target:  16.0 MHz
Clock: CLOCK_VT             | Frequency:  61.7 MHz | Target:  12.0 MHz
Clock: CyBUS_CLK            | Frequency:  58.0 MHz | Target:  48.0 MHz
Clock: CyBUS_CLK(fixed-function) | Frequency: N/A       | Target:  48.0 MHz
Clock: CyILO                | Frequency: N/A       | Target:   0.0 MHz
Clock: CyIMO                | Frequency: N/A       | Target:   3.0 MHz
Clock: CyMASTER_CLK         | Frequency: N/A       | Target:  48.0 MHz
Clock: CyPLL_OUT            | Frequency: N/A       | Target:  48.0 MHz
Clock: SD_Clock_1           | Frequency:  54.3 MHz | Target:  48.0 MHz
Clock: \ADC:DSM\/dec_clock  | Frequency: N/A       | Target:   0.1 MHz
Clock: counter_cyc_clk      | Frequency: N/A       | Target:   0.0 MHz
Clock: counter_cyc_clk(fixed-function) | Frequency: N/A       | Target:   0.0 MHz
Clock: timer_clock          | Frequency:  59.6 MHz | Target:  48.0 MHz

======================================================================
                     End of Clock Summary
######################################################################
D2088: Phase 7, elapsed time : 0.8 (sec)

Final Design Statistics
    Number of Combinational MCs 	:	22
    Number of Sequential MCs    	:	43
    Number of DPs               	:	9
    Number of Controls          	:	12
    Number of Status            	:	7
    Number of SyncCells         	:	3
    Number of count7cells       	:	2
    Number of IOs       	:	26

Device Utilization Summary
    Macrocells                  :	65/192
    IOs                         :	26/72



######################################################################
Placement Timing Summary

The timing summary is based on estimated routing delays after
placement. For final timing report, please carry out the timing
analysis after routing.
======================================================================


######################################################################
                     Clock Summary 
======================================================================
Number of clocks: 17
Clock: ADC_Ext_CP_Clk       | Frequency: N/A       | Target:  48.0 MHz
Clock: ADC_Ext_CP_Clk(routed) | Frequency: N/A       | Target:  48.0 MHz
Clock: ADC_theACLK          | Frequency: N/A       | Target:   2.2 MHz
Clock: ADC_theACLK(fixed-function) | Frequency: N/A       | Target:   2.2 MHz
Clock: CLOCK_UART           | Frequency:   6.8 MHz | Target:  17.5 MHz
Clock: CLOCK_VT             | Frequency:  61.7 MHz | Target:  13.2 MHz
Clock: CyBUS_CLK            | Frequency:   6.8 MHz | Target:  52.6 MHz
Clock: CyBUS_CLK(fixed-function) | Frequency: N/A       | Target:  48.0 MHz
Clock: CyILO                | Frequency: N/A       | Target:   0.0 MHz
Clock: CyIMO                | Frequency: N/A       | Target:   3.0 MHz
Clock: CyMASTER_CLK         | Frequency: N/A       | Target:  48.0 MHz
Clock: CyPLL_OUT            | Frequency: N/A       | Target:  48.0 MHz
Clock: SD_Clock_1           | Frequency:  51.9 MHz | Target:  52.6 MHz
Clock: \ADC:DSM\/dec_clock  | Frequency: N/A       | Target:   0.1 MHz
Clock: counter_cyc_clk      | Frequency: N/A       | Target:   0.0 MHz
Clock: counter_cyc_clk(fixed-function) | Frequency: N/A       | Target:   0.0 MHz
Clock: timer_clock          | Frequency:  56.5 MHz | Target:  52.6 MHz

======================================================================
                     End of Clock Summary
######################################################################

Phase 8
D2088: Phase 8, elapsed time : 0.0 (sec)

D2054: Placement of the design completed successfully

I2076: Total run-time: 1.6 sec.

